<?xml version="1.0" encoding="UTF-8"?>
<coverage generated="1752168711043" clover="3.2.0">
  <project timestamp="1752168711043" name="All files">
    <metrics statements="433" coveredstatements="334" conditionals="117" coveredconditionals="86" methods="79" coveredmethods="68" elements="629" coveredelements="488" complexity="0" loc="433" ncloc="433" packages="6" files="9" classes="9"/>
    <package name="src">
      <metrics statements="35" coveredstatements="29" conditionals="10" coveredconditionals="4" methods="5" coveredmethods="3"/>
      <file name="index.ts" path="/Users/simonshine/Projects/nursery/claudify/server/src/index.ts">
        <metrics statements="35" coveredstatements="29" conditionals="10" coveredconditionals="4" methods="5" coveredmethods="3"/>
        <line num="1" count="4" type="stmt"/>
        <line num="2" count="4" type="stmt"/>
        <line num="3" count="4" type="stmt"/>
        <line num="4" count="4" type="stmt"/>
        <line num="5" count="4" type="stmt"/>
        <line num="6" count="4" type="stmt"/>
        <line num="7" count="4" type="stmt"/>
        <line num="8" count="4" type="stmt"/>
        <line num="10" count="4" type="stmt"/>
        <line num="12" count="4" type="stmt"/>
        <line num="13" count="213" type="stmt"/>
        <line num="15" count="213" type="stmt"/>
        <line num="21" count="213" type="stmt"/>
        <line num="22" count="213" type="stmt"/>
        <line num="26" count="213" type="stmt"/>
        <line num="27" count="213" type="stmt"/>
        <line num="28" count="213" type="stmt"/>
        <line num="30" count="213" type="stmt"/>
        <line num="31" count="213" type="stmt"/>
        <line num="32" count="213" type="stmt"/>
        <line num="34" count="213" type="stmt"/>
        <line num="35" count="13" type="stmt"/>
        <line num="38" count="213" type="stmt"/>
        <line num="39" count="1" type="stmt"/>
        <line num="42" count="213" type="stmt"/>
        <line num="43" count="0" type="stmt"/>
        <line num="44" count="0" type="stmt"/>
        <line num="47" count="213" type="stmt"/>
        <line num="51" count="4" type="stmt"/>
        <line num="54" count="4" type="cond" truecount="3" falsecount="1"/>
        <line num="55" count="0" type="cond" truecount="0" falsecount="2"/>
        <line num="56" count="0" type="stmt"/>
        <line num="57" count="0" type="stmt"/>
        <line num="58" count="0" type="cond" truecount="0" falsecount="2"/>
        <line num="62" count="4" type="stmt"/>
      </file>
    </package>
    <package name="src.__tests__">
      <metrics statements="89" coveredstatements="68" conditionals="15" coveredconditionals="12" methods="27" coveredmethods="20"/>
      <file name="helpers.ts" path="/Users/simonshine/Projects/nursery/claudify/server/src/__tests__/helpers.ts">
        <metrics statements="63" coveredstatements="58" conditionals="13" coveredconditionals="11" methods="18" coveredmethods="18"/>
        <line num="1" count="4" type="stmt"/>
        <line num="2" count="4" type="stmt"/>
        <line num="3" count="4" type="stmt"/>
        <line num="7" count="107" type="stmt"/>
        <line num="41" count="41" type="cond" truecount="1" falsecount="0"/>
        <line num="49" count="33" type="cond" truecount="1" falsecount="0"/>
        <line num="57" count="37" type="cond" truecount="1" falsecount="0"/>
        <line num="69" count="18" type="cond" truecount="1" falsecount="0"/>
        <line num="78" count="4" type="stmt"/>
        <line num="79" count="37" type="stmt"/>
        <line num="80" count="37" type="stmt"/>
        <line num="88" count="37" type="stmt"/>
        <line num="89" count="37" type="stmt"/>
        <line num="91" count="37" type="stmt"/>
        <line num="97" count="4" type="stmt"/>
        <line num="98" count="33" type="stmt"/>
        <line num="99" count="33" type="stmt"/>
        <line num="103" count="33" type="stmt"/>
        <line num="104" count="33" type="stmt"/>
        <line num="106" count="33" type="stmt"/>
        <line num="113" count="4" type="stmt"/>
        <line num="114" count="31" type="stmt"/>
        <line num="117" count="4" type="stmt"/>
        <line num="118" count="33" type="stmt"/>
        <line num="121" count="33" type="stmt"/>
        <line num="122" count="33" type="stmt"/>
        <line num="123" count="33" type="stmt"/>
        <line num="125" count="33" type="stmt"/>
        <line num="126" count="33" type="cond" truecount="1" falsecount="1"/>
        <line num="127" count="0" type="stmt"/>
        <line num="128" count="0" type="stmt"/>
        <line num="131" count="33" type="stmt"/>
        <line num="135" count="33" type="cond" truecount="1" falsecount="1"/>
        <line num="136" count="0" type="stmt"/>
        <line num="137" count="0" type="stmt"/>
        <line num="140" count="33" type="stmt"/>
        <line num="141" count="33" type="stmt"/>
        <line num="142" count="33" type="stmt"/>
        <line num="144" count="0" type="stmt"/>
        <line num="152" count="4" type="stmt"/>
        <line num="153" count="27" type="stmt"/>
        <line num="154" count="27" type="stmt"/>
        <line num="159" count="27" type="stmt"/>
        <line num="161" count="27" type="stmt"/>
        <line num="167" count="4" type="stmt"/>
        <line num="168" count="10" type="stmt"/>
        <line num="169" count="10" type="stmt"/>
        <line num="174" count="10" type="stmt"/>
        <line num="176" count="10" type="stmt"/>
        <line num="183" count="4" type="stmt"/>
        <line num="184" count="30" type="stmt"/>
        <line num="185" count="30" type="stmt"/>
        <line num="186" count="30" type="cond" truecount="2" falsecount="0"/>
        <line num="187" count="19" type="stmt"/>
        <line num="191" count="4" type="stmt"/>
        <line num="192" count="11" type="stmt"/>
        <line num="193" count="11" type="stmt"/>
        <line num="194" count="11" type="stmt"/>
        <line num="195" count="11" type="cond" truecount="2" falsecount="0"/>
        <line num="196" count="5" type="stmt"/>
        <line num="200" count="4" type="cond" truecount="1" falsecount="0"/>
        <line num="201" count="45" type="stmt"/>
        <line num="202" count="45" type="stmt"/>
      </file>
      <file name="test-server.ts" path="/Users/simonshine/Projects/nursery/claudify/server/src/__tests__/test-server.ts">
        <metrics statements="26" coveredstatements="10" conditionals="2" coveredconditionals="1" methods="9" coveredmethods="2"/>
        <line num="1" count="4" type="stmt"/>
        <line num="5" count="4" type="stmt"/>
        <line num="6" count="4" type="stmt"/>
        <line num="8" count="4" type="stmt"/>
        <line num="9" count="0" type="stmt"/>
        <line num="10" count="0" type="stmt"/>
        <line num="13" count="0" type="stmt"/>
        <line num="14" count="0" type="stmt"/>
        <line num="15" count="0" type="stmt"/>
        <line num="16" count="0" type="stmt"/>
        <line num="17" count="0" type="stmt"/>
        <line num="20" count="0" type="stmt"/>
        <line num="21" count="0" type="stmt"/>
        <line num="26" count="4" type="stmt"/>
        <line num="27" count="4" type="stmt"/>
        <line num="28" count="4" type="cond" truecount="1" falsecount="1"/>
        <line num="29" count="0" type="stmt"/>
        <line num="30" count="0" type="stmt"/>
        <line num="31" count="0" type="stmt"/>
        <line num="32" count="0" type="stmt"/>
        <line num="33" count="0" type="stmt"/>
        <line num="36" count="4" type="stmt"/>
        <line num="41" count="4" type="stmt"/>
        <line num="42" count="0" type="stmt"/>
        <line num="45" count="4" type="stmt"/>
        <line num="46" count="0" type="stmt"/>
      </file>
    </package>
    <package name="src.middleware">
      <metrics statements="17" coveredstatements="17" conditionals="8" coveredconditionals="8" methods="2" coveredmethods="2"/>
      <file name="auth.ts" path="/Users/simonshine/Projects/nursery/claudify/server/src/middleware/auth.ts">
        <metrics statements="17" coveredstatements="17" conditionals="8" coveredconditionals="8" methods="2" coveredmethods="2"/>
        <line num="2" count="4" type="stmt"/>
        <line num="13" count="4" type="stmt"/>
        <line num="18" count="99" type="stmt"/>
        <line num="19" count="99" type="cond" truecount="2" falsecount="0"/>
        <line num="21" count="99" type="cond" truecount="2" falsecount="0"/>
        <line num="22" count="6" type="stmt"/>
        <line num="23" count="6" type="stmt"/>
        <line num="26" count="93" type="stmt"/>
        <line num="27" count="93" type="stmt"/>
        <line num="28" count="89" type="stmt"/>
        <line num="29" count="89" type="stmt"/>
        <line num="31" count="4" type="stmt"/>
        <line num="35" count="4" type="stmt"/>
        <line num="40" count="42" type="cond" truecount="4" falsecount="0"/>
        <line num="41" count="3" type="stmt"/>
        <line num="42" count="3" type="stmt"/>
        <line num="44" count="39" type="stmt"/>
      </file>
    </package>
    <package name="src.models">
      <metrics statements="21" coveredstatements="16" conditionals="6" coveredconditionals="3" methods="6" coveredmethods="4"/>
      <file name="database.ts" path="/Users/simonshine/Projects/nursery/claudify/server/src/models/database.ts">
        <metrics statements="21" coveredstatements="16" conditionals="6" coveredconditionals="3" methods="6" coveredmethods="4"/>
        <line num="1" count="4" type="stmt"/>
        <line num="2" count="4" type="stmt"/>
        <line num="4" count="4" type="cond" truecount="2" falsecount="0"/>
        <line num="6" count="4" type="stmt"/>
        <line num="10" count="4" type="stmt"/>
        <line num="11" count="4" type="cond" truecount="1" falsecount="1"/>
        <line num="12" count="0" type="stmt"/>
        <line num="14" count="4" type="stmt"/>
        <line num="15" count="4" type="stmt"/>
        <line num="21" count="4" type="stmt"/>
        <line num="32" count="4" type="stmt"/>
        <line num="50" count="4" type="stmt"/>
        <line num="66" count="4" type="stmt"/>
        <line num="67" count="4" type="stmt"/>
        <line num="68" count="4" type="stmt"/>
        <line num="72" count="204" type="stmt"/>
        <line num="76" count="0" type="stmt"/>
        <line num="77" count="0" type="cond" truecount="0" falsecount="2"/>
        <line num="78" count="0" type="stmt"/>
        <line num="80" count="0" type="stmt"/>
        <line num="86" count="4" type="stmt"/>
      </file>
    </package>
    <package name="src.routes">
      <metrics statements="257" coveredstatements="190" conditionals="76" coveredconditionals="57" methods="35" coveredmethods="35"/>
      <file name="auth.ts" path="/Users/simonshine/Projects/nursery/claudify/server/src/routes/auth.ts">
        <metrics statements="74" coveredstatements="55" conditionals="20" coveredconditionals="15" methods="8" coveredmethods="8"/>
        <line num="1" count="4" type="stmt"/>
        <line num="2" count="4" type="stmt"/>
        <line num="3" count="4" type="stmt"/>
        <line num="5" count="4" type="stmt"/>
        <line num="6" count="4" type="stmt"/>
        <line num="8" count="4" type="stmt"/>
        <line num="10" count="4" type="stmt"/>
        <line num="16" count="4" type="stmt"/>
        <line num="21" count="4" type="stmt"/>
        <line num="22" count="43" type="stmt"/>
        <line num="23" count="43" type="stmt"/>
        <line num="24" count="43" type="cond" truecount="2" falsecount="0"/>
        <line num="25" count="4" type="stmt"/>
        <line num="28" count="39" type="stmt"/>
        <line num="29" count="39" type="stmt"/>
        <line num="31" count="39" type="stmt"/>
        <line num="32" count="39" type="cond" truecount="1" falsecount="1"/>
        <line num="33" count="0" type="stmt"/>
        <line num="34" count="0" type="stmt"/>
        <line num="37" count="39" type="cond" truecount="2" falsecount="0"/>
        <line num="38" count="1" type="stmt"/>
        <line num="41" count="38" type="stmt"/>
        <line num="42" count="38" type="stmt"/>
        <line num="44" count="38" type="stmt"/>
        <line num="49" count="38" type="stmt"/>
        <line num="50" count="38" type="cond" truecount="1" falsecount="1"/>
        <line num="51" count="0" type="stmt"/>
        <line num="52" count="0" type="stmt"/>
        <line num="55" count="38" type="stmt"/>
        <line num="63" count="38" type="stmt"/>
        <line num="65" count="38" type="stmt"/>
        <line num="72" count="0" type="stmt"/>
        <line num="73" count="0" type="stmt"/>
        <line num="77" count="0" type="stmt"/>
        <line num="78" count="0" type="stmt"/>
        <line num="82" count="4" type="stmt"/>
        <line num="83" count="38" type="stmt"/>
        <line num="84" count="38" type="stmt"/>
        <line num="85" count="38" type="cond" truecount="2" falsecount="0"/>
        <line num="86" count="2" type="stmt"/>
        <line num="89" count="36" type="stmt"/>
        <line num="90" count="36" type="stmt"/>
        <line num="92" count="36" type="stmt"/>
        <line num="93" count="36" type="cond" truecount="1" falsecount="1"/>
        <line num="94" count="0" type="stmt"/>
        <line num="95" count="0" type="stmt"/>
        <line num="98" count="36" type="cond" truecount="2" falsecount="0"/>
        <line num="99" count="1" type="stmt"/>
        <line num="102" count="35" type="stmt"/>
        <line num="103" count="35" type="stmt"/>
        <line num="105" count="35" type="cond" truecount="2" falsecount="0"/>
        <line num="106" count="1" type="stmt"/>
        <line num="109" count="34" type="stmt"/>
        <line num="117" count="34" type="stmt"/>
        <line num="119" count="34" type="stmt"/>
        <line num="125" count="0" type="stmt"/>
        <line num="126" count="0" type="stmt"/>
        <line num="130" count="0" type="stmt"/>
        <line num="131" count="0" type="stmt"/>
        <line num="135" count="4" type="stmt"/>
        <line num="136" count="3" type="stmt"/>
        <line num="137" count="3" type="stmt"/>
        <line num="139" count="3" type="stmt"/>
        <line num="140" count="3" type="cond" truecount="1" falsecount="1"/>
        <line num="141" count="0" type="stmt"/>
        <line num="142" count="0" type="stmt"/>
        <line num="145" count="3" type="cond" truecount="1" falsecount="1"/>
        <line num="146" count="0" type="stmt"/>
        <line num="149" count="3" type="stmt"/>
        <line num="152" count="0" type="stmt"/>
        <line num="153" count="0" type="stmt"/>
        <line num="157" count="4" type="stmt"/>
        <line num="158" count="2" type="stmt"/>
        <line num="161" count="4" type="stmt"/>
      </file>
      <file name="bookings.ts" path="/Users/simonshine/Projects/nursery/claudify/server/src/routes/bookings.ts">
        <metrics statements="101" coveredstatements="73" conditionals="34" coveredconditionals="25" methods="16" coveredmethods="16"/>
        <line num="1" count="4" type="stmt"/>
        <line num="2" count="4" type="stmt"/>
        <line num="3" count="4" type="stmt"/>
        <line num="5" count="4" type="stmt"/>
        <line num="7" count="4" type="stmt"/>
        <line num="9" count="4" type="stmt"/>
        <line num="16" count="4" type="stmt"/>
        <line num="17" count="4" type="stmt"/>
        <line num="18" count="4" type="stmt"/>
        <line num="20" count="4" type="stmt"/>
        <line num="33" count="4" type="stmt"/>
        <line num="34" count="4" type="cond" truecount="1" falsecount="1"/>
        <line num="35" count="0" type="stmt"/>
        <line num="36" count="0" type="stmt"/>
        <line num="39" count="4" type="stmt"/>
        <line num="42" count="0" type="stmt"/>
        <line num="43" count="0" type="stmt"/>
        <line num="47" count="4" type="stmt"/>
        <line num="48" count="6" type="stmt"/>
        <line num="49" count="6" type="stmt"/>
        <line num="50" count="6" type="stmt"/>
        <line num="52" count="6" type="stmt"/>
        <line num="66" count="6" type="stmt"/>
        <line num="67" count="6" type="cond" truecount="1" falsecount="1"/>
        <line num="68" count="0" type="stmt"/>
        <line num="69" count="0" type="stmt"/>
        <line num="72" count="6" type="cond" truecount="2" falsecount="0"/>
        <line num="73" count="2" type="stmt"/>
        <line num="76" count="4" type="stmt"/>
        <line num="79" count="0" type="stmt"/>
        <line num="80" count="0" type="stmt"/>
        <line num="84" count="4" type="stmt"/>
        <line num="85" count="22" type="stmt"/>
        <line num="86" count="22" type="stmt"/>
        <line num="87" count="22" type="cond" truecount="2" falsecount="0"/>
        <line num="88" count="3" type="stmt"/>
        <line num="91" count="19" type="stmt"/>
        <line num="92" count="19" type="stmt"/>
        <line num="94" count="19" type="stmt"/>
        <line num="95" count="19" type="stmt"/>
        <line num="99" count="19" type="cond" truecount="1" falsecount="1"/>
        <line num="100" count="0" type="stmt"/>
        <line num="101" count="0" type="stmt"/>
        <line num="104" count="19" type="cond" truecount="2" falsecount="0"/>
        <line num="105" count="2" type="stmt"/>
        <line num="108" count="17" type="stmt"/>
        <line num="112" count="17" type="cond" truecount="1" falsecount="1"/>
        <line num="113" count="0" type="stmt"/>
        <line num="114" count="0" type="stmt"/>
        <line num="117" count="17" type="stmt"/>
        <line num="118" count="17" type="cond" truecount="2" falsecount="0"/>
        <line num="119" count="2" type="stmt"/>
        <line num="122" count="15" type="stmt"/>
        <line num="126" count="15" type="cond" truecount="1" falsecount="1"/>
        <line num="127" count="0" type="stmt"/>
        <line num="128" count="0" type="stmt"/>
        <line num="131" count="15" type="cond" truecount="2" falsecount="0"/>
        <line num="132" count="1" type="stmt"/>
        <line num="135" count="14" type="stmt"/>
        <line num="140" count="14" type="stmt"/>
        <line num="150" count="14" type="cond" truecount="1" falsecount="1"/>
        <line num="151" count="0" type="stmt"/>
        <line num="152" count="0" type="stmt"/>
        <line num="155" count="14" type="stmt"/>
        <line num="169" count="0" type="stmt"/>
        <line num="170" count="0" type="stmt"/>
        <line num="174" count="4" type="stmt"/>
        <line num="175" count="6" type="stmt"/>
        <line num="176" count="6" type="stmt"/>
        <line num="177" count="6" type="stmt"/>
        <line num="179" count="6" type="stmt"/>
        <line num="180" count="6" type="stmt"/>
        <line num="184" count="6" type="cond" truecount="1" falsecount="1"/>
        <line num="185" count="0" type="stmt"/>
        <line num="186" count="0" type="stmt"/>
        <line num="189" count="6" type="cond" truecount="2" falsecount="0"/>
        <line num="190" count="2" type="stmt"/>
        <line num="193" count="4" type="cond" truecount="2" falsecount="0"/>
        <line num="194" count="1" type="stmt"/>
        <line num="197" count="3" type="stmt"/>
        <line num="201" count="3" type="cond" truecount="1" falsecount="1"/>
        <line num="202" count="0" type="stmt"/>
        <line num="203" count="0" type="stmt"/>
        <line num="206" count="3" type="stmt"/>
        <line num="213" count="0" type="stmt"/>
        <line num="214" count="0" type="stmt"/>
        <line num="218" count="4" type="stmt"/>
        <line num="219" count="4" type="stmt"/>
        <line num="220" count="4" type="stmt"/>
        <line num="221" count="4" type="stmt"/>
        <line num="223" count="4" type="cond" truecount="2" falsecount="0"/>
        <line num="224" count="1" type="stmt"/>
        <line num="227" count="3" type="stmt"/>
        <line num="238" count="3" type="stmt"/>
        <line num="239" count="3" type="cond" truecount="1" falsecount="1"/>
        <line num="240" count="0" type="stmt"/>
        <line num="241" count="0" type="stmt"/>
        <line num="244" count="3" type="stmt"/>
        <line num="247" count="0" type="stmt"/>
        <line num="248" count="0" type="stmt"/>
        <line num="252" count="4" type="stmt"/>
      </file>
      <file name="events.ts" path="/Users/simonshine/Projects/nursery/claudify/server/src/routes/events.ts">
        <metrics statements="82" coveredstatements="62" conditionals="22" coveredconditionals="17" methods="11" coveredmethods="11"/>
        <line num="1" count="4" type="stmt"/>
        <line num="2" count="4" type="stmt"/>
        <line num="3" count="4" type="stmt"/>
        <line num="5" count="4" type="stmt"/>
        <line num="7" count="4" type="stmt"/>
        <line num="9" count="4" type="stmt"/>
        <line num="21" count="4" type="stmt"/>
        <line num="22" count="5" type="stmt"/>
        <line num="23" count="5" type="stmt"/>
        <line num="25" count="5" type="stmt"/>
        <line num="37" count="5" type="stmt"/>
        <line num="38" count="5" type="cond" truecount="1" falsecount="1"/>
        <line num="39" count="0" type="stmt"/>
        <line num="40" count="0" type="stmt"/>
        <line num="43" count="5" type="stmt"/>
        <line num="48" count="5" type="stmt"/>
        <line num="51" count="0" type="stmt"/>
        <line num="52" count="0" type="stmt"/>
        <line num="56" count="4" type="stmt"/>
        <line num="57" count="10" type="stmt"/>
        <line num="58" count="10" type="stmt"/>
        <line num="60" count="10" type="cond" truecount="2" falsecount="0"/>
        <line num="61" count="1" type="stmt"/>
        <line num="64" count="9" type="stmt"/>
        <line num="66" count="9" type="stmt"/>
        <line num="77" count="9" type="stmt"/>
        <line num="78" count="9" type="cond" truecount="1" falsecount="1"/>
        <line num="79" count="0" type="stmt"/>
        <line num="80" count="0" type="stmt"/>
        <line num="83" count="9" type="cond" truecount="2" falsecount="0"/>
        <line num="84" count="2" type="stmt"/>
        <line num="87" count="7" type="stmt"/>
        <line num="92" count="7" type="stmt"/>
        <line num="95" count="0" type="stmt"/>
        <line num="96" count="0" type="stmt"/>
        <line num="100" count="4" type="stmt"/>
        <line num="101" count="33" type="stmt"/>
        <line num="102" count="33" type="stmt"/>
        <line num="103" count="33" type="cond" truecount="2" falsecount="0"/>
        <line num="104" count="2" type="stmt"/>
        <line num="107" count="31" type="stmt"/>
        <line num="108" count="31" type="stmt"/>
        <line num="110" count="31" type="stmt"/>
        <line num="115" count="31" type="stmt"/>
        <line num="130" count="31" type="cond" truecount="1" falsecount="1"/>
        <line num="131" count="0" type="stmt"/>
        <line num="132" count="0" type="stmt"/>
        <line num="135" count="31" type="stmt"/>
        <line num="142" count="0" type="stmt"/>
        <line num="143" count="0" type="stmt"/>
        <line num="147" count="4" type="stmt"/>
        <line num="148" count="4" type="stmt"/>
        <line num="149" count="4" type="stmt"/>
        <line num="150" count="4" type="cond" truecount="2" falsecount="0"/>
        <line num="151" count="1" type="stmt"/>
        <line num="154" count="3" type="stmt"/>
        <line num="155" count="3" type="stmt"/>
        <line num="156" count="3" type="stmt"/>
        <line num="158" count="3" type="stmt"/>
        <line num="165" count="3" type="stmt"/>
        <line num="180" count="3" type="cond" truecount="1" falsecount="1"/>
        <line num="181" count="0" type="stmt"/>
        <line num="182" count="0" type="stmt"/>
        <line num="185" count="3" type="cond" truecount="2" falsecount="0"/>
        <line num="186" count="1" type="stmt"/>
        <line num="189" count="2" type="stmt"/>
        <line num="193" count="0" type="stmt"/>
        <line num="194" count="0" type="stmt"/>
        <line num="198" count="4" type="stmt"/>
        <line num="199" count="2" type="stmt"/>
        <line num="200" count="2" type="stmt"/>
        <line num="201" count="2" type="stmt"/>
        <line num="203" count="2" type="stmt"/>
        <line num="204" count="2" type="cond" truecount="1" falsecount="1"/>
        <line num="205" count="0" type="stmt"/>
        <line num="206" count="0" type="stmt"/>
        <line num="209" count="2" type="cond" truecount="2" falsecount="0"/>
        <line num="210" count="1" type="stmt"/>
        <line num="213" count="1" type="stmt"/>
        <line num="216" count="0" type="stmt"/>
        <line num="217" count="0" type="stmt"/>
        <line num="221" count="4" type="stmt"/>
      </file>
    </package>
    <package name="src.utils">
      <metrics statements="14" coveredstatements="14" conditionals="2" coveredconditionals="2" methods="4" coveredmethods="4"/>
      <file name="auth.ts" path="/Users/simonshine/Projects/nursery/claudify/server/src/utils/auth.ts">
        <metrics statements="14" coveredstatements="14" conditionals="2" coveredconditionals="2" methods="4" coveredmethods="4"/>
        <line num="1" count="4" type="stmt"/>
        <line num="2" count="4" type="stmt"/>
        <line num="5" count="4" type="cond" truecount="2" falsecount="0"/>
        <line num="7" count="4" type="stmt"/>
        <line num="8" count="38" type="stmt"/>
        <line num="9" count="38" type="stmt"/>
        <line num="12" count="4" type="stmt"/>
        <line num="13" count="35" type="stmt"/>
        <line num="16" count="4" type="stmt"/>
        <line num="17" count="72" type="stmt"/>
        <line num="29" count="4" type="stmt"/>
        <line num="30" count="93" type="stmt"/>
        <line num="31" count="93" type="stmt"/>
        <line num="33" count="4" type="stmt"/>
      </file>
    </package>
  </project>
</coverage>
