{"/Users/simonshine/Projects/nursery/claudify/server/src/index.ts": {"path":"/Users/simonshine/Projects/nursery/claudify/server/src/index.ts","statementMap":{"0":{"start":{"line":10,"column":0},"end":{"line":10,"column":16}},"1":{"start":{"line":12,"column":25},"end":{"line":48,"column":1}},"2":{"start":{"line":13,"column":14},"end":{"line":13,"column":23}},"3":{"start":{"line":15,"column":18},"end":{"line":19,"column":4}},"4":{"start":{"line":21,"column":2},"end":{"line":21,"column":20}},"5":{"start":{"line":22,"column":2},"end":{"line":25,"column":6}},"6":{"start":{"line":26,"column":2},"end":{"line":26,"column":19}},"7":{"start":{"line":27,"column":2},"end":{"line":27,"column":43}},"8":{"start":{"line":28,"column":2},"end":{"line":28,"column":65}},"9":{"start":{"line":30,"column":2},"end":{"line":30,"column":35}},"10":{"start":{"line":31,"column":2},"end":{"line":31,"column":38}},"11":{"start":{"line":32,"column":2},"end":{"line":32,"column":42}},"12":{"start":{"line":34,"column":2},"end":{"line":36,"column":5}},"13":{"start":{"line":35,"column":4},"end":{"line":35,"column":68}},"14":{"start":{"line":38,"column":2},"end":{"line":40,"column":5}},"15":{"start":{"line":39,"column":4},"end":{"line":39,"column":55}},"16":{"start":{"line":42,"column":2},"end":{"line":45,"column":5}},"17":{"start":{"line":43,"column":4},"end":{"line":43,"column":43}},"18":{"start":{"line":44,"column":4},"end":{"line":44,"column":61}},"19":{"start":{"line":47,"column":2},"end":{"line":47,"column":13}},"20":{"start":{"line":51,"column":12},"end":{"line":51,"column":23}},"21":{"start":{"line":54,"column":0},"end":{"line":60,"column":1}},"22":{"start":{"line":55,"column":15},"end":{"line":55,"column":39}},"23":{"start":{"line":56,"column":2},"end":{"line":59,"column":5}},"24":{"start":{"line":57,"column":4},"end":{"line":57,"column":50}},"25":{"start":{"line":58,"column":4},"end":{"line":58,"column":73}}},"fnMap":{"0":{"name":"(anonymous_0)","decl":{"start":{"line":12,"column":25},"end":{"line":12,"column":28}},"loc":{"start":{"line":12,"column":30},"end":{"line":48,"column":1}}},"1":{"name":"(anonymous_1)","decl":{"start":{"line":34,"column":25},"end":{"line":34,"column":26}},"loc":{"start":{"line":34,"column":38},"end":{"line":36,"column":3}}},"2":{"name":"(anonymous_2)","decl":{"start":{"line":38,"column":10},"end":{"line":38,"column":11}},"loc":{"start":{"line":38,"column":23},"end":{"line":40,"column":3}}},"3":{"name":"(anonymous_3)","decl":{"start":{"line":42,"column":10},"end":{"line":42,"column":11}},"loc":{"start":{"line":42,"column":96},"end":{"line":45,"column":3}}},"4":{"name":"(anonymous_4)","decl":{"start":{"line":56,"column":19},"end":{"line":56,"column":22}},"loc":{"start":{"line":56,"column":24},"end":{"line":59,"column":3}}}},"branchMap":{"0":{"loc":{"start":{"line":23,"column":12},"end":{"line":23,"column":62}},"type":"binary-expr","locations":[{"start":{"line":23,"column":12},"end":{"line":23,"column":35}},{"start":{"line":23,"column":39},"end":{"line":23,"column":62}}]},"1":{"loc":{"start":{"line":54,"column":0},"end":{"line":60,"column":1}},"type":"if","locations":[{"start":{"line":54,"column":0},"end":{"line":60,"column":1}},{"start":{},"end":{}}]},"2":{"loc":{"start":{"line":54,"column":4},"end":{"line":54,"column":86}},"type":"binary-expr","locations":[{"start":{"line":54,"column":4},"end":{"line":54,"column":51}},{"start":{"line":54,"column":55},"end":{"line":54,"column":86}}]},"3":{"loc":{"start":{"line":55,"column":15},"end":{"line":55,"column":39}},"type":"binary-expr","locations":[{"start":{"line":55,"column":15},"end":{"line":55,"column":31}},{"start":{"line":55,"column":35},"end":{"line":55,"column":39}}]},"4":{"loc":{"start":{"line":58,"column":32},"end":{"line":58,"column":69}},"type":"binary-expr","locations":[{"start":{"line":58,"column":32},"end":{"line":58,"column":52}},{"start":{"line":58,"column":56},"end":{"line":58,"column":69}}]}},"s":{"0":4,"1":4,"2":213,"3":213,"4":213,"5":213,"6":213,"7":213,"8":213,"9":213,"10":213,"11":213,"12":213,"13":13,"14":213,"15":1,"16":213,"17":0,"18":0,"19":213,"20":4,"21":4,"22":0,"23":0,"24":0,"25":0},"f":{"0":213,"1":13,"2":1,"3":0,"4":0},"b":{"0":[213,0],"1":[0,4],"2":[4,4],"3":[0,0],"4":[0,0]}}
,"/Users/simonshine/Projects/nursery/claudify/server/src/__tests__/helpers.ts": {"path":"/Users/simonshine/Projects/nursery/claudify/server/src/__tests__/helpers.ts","statementMap":{"0":{"start":{"line":8,"column":15},"end":{"line":8,"column":32}},"1":{"start":{"line":8,"column":21},"end":{"line":8,"column":32}},"2":{"start":{"line":42,"column":30},"end":{"line":48,"column":2}},"3":{"start":{"line":42,"column":80},"end":{"line":48,"column":2}},"4":{"start":{"line":50,"column":31},"end":{"line":56,"column":2}},"5":{"start":{"line":50,"column":81},"end":{"line":56,"column":2}},"6":{"start":{"line":58,"column":31},"end":{"line":68,"column":2}},"7":{"start":{"line":58,"column":83},"end":{"line":68,"column":2}},"8":{"start":{"line":70,"column":33},"end":{"line":76,"column":2}},"9":{"start":{"line":70,"column":89},"end":{"line":76,"column":2}},"10":{"start":{"line":79,"column":28},"end":{"line":96,"column":1}},"11":{"start":{"line":80,"column":14},"end":{"line":80,"column":22}},"12":{"start":{"line":81,"column":19},"end":{"line":87,"column":6}},"13":{"start":{"line":89,"column":2},"end":{"line":89,"column":36}},"14":{"start":{"line":90,"column":2},"end":{"line":90,"column":44}},"15":{"start":{"line":92,"column":2},"end":{"line":95,"column":4}},"16":{"start":{"line":98,"column":25},"end":{"line":111,"column":1}},"17":{"start":{"line":99,"column":14},"end":{"line":99,"column":22}},"18":{"start":{"line":100,"column":19},"end":{"line":102,"column":30}},"19":{"start":{"line":104,"column":2},"end":{"line":104,"column":36}},"20":{"start":{"line":105,"column":2},"end":{"line":105,"column":44}},"21":{"start":{"line":107,"column":2},"end":{"line":110,"column":4}},"22":{"start":{"line":114,"column":30},"end":{"line":116,"column":1}},"23":{"start":{"line":115,"column":2},"end":{"line":115,"column":32}},"24":{"start":{"line":118,"column":31},"end":{"line":150,"column":1}},"25":{"start":{"line":119,"column":13},"end":{"line":119,"column":29}},"26":{"start":{"line":122,"column":2},"end":{"line":149,"column":5}},"27":{"start":{"line":123,"column":22},"end":{"line":123,"column":39}},"28":{"start":{"line":125,"column":4},"end":{"line":148,"column":7}},"29":{"start":{"line":126,"column":6},"end":{"line":129,"column":7}},"30":{"start":{"line":127,"column":8},"end":{"line":127,"column":20}},"31":{"start":{"line":128,"column":8},"end":{"line":128,"column":15}},"32":{"start":{"line":131,"column":6},"end":{"line":147,"column":8}},"33":{"start":{"line":135,"column":10},"end":{"line":138,"column":11}},"34":{"start":{"line":136,"column":12},"end":{"line":136,"column":24}},"35":{"start":{"line":137,"column":12},"end":{"line":137,"column":19}},"36":{"start":{"line":140,"column":10},"end":{"line":145,"column":11}},"37":{"start":{"line":141,"column":36},"end":{"line":141,"column":88}},"38":{"start":{"line":142,"column":12},"end":{"line":142,"column":37}},"39":{"start":{"line":144,"column":12},"end":{"line":144,"column":31}},"40":{"start":{"line":152,"column":31},"end":{"line":165,"column":1}},"41":{"start":{"line":153,"column":14},"end":{"line":153,"column":22}},"42":{"start":{"line":154,"column":19},"end":{"line":157,"column":20}},"43":{"start":{"line":159,"column":2},"end":{"line":159,"column":36}},"44":{"start":{"line":161,"column":2},"end":{"line":164,"column":4}},"45":{"start":{"line":167,"column":33},"end":{"line":180,"column":1}},"46":{"start":{"line":168,"column":14},"end":{"line":168,"column":22}},"47":{"start":{"line":169,"column":19},"end":{"line":172,"column":22}},"48":{"start":{"line":174,"column":2},"end":{"line":174,"column":36}},"49":{"start":{"line":176,"column":2},"end":{"line":179,"column":4}},"50":{"start":{"line":183,"column":27},"end":{"line":189,"column":1}},"51":{"start":{"line":184,"column":2},"end":{"line":184,"column":39}},"52":{"start":{"line":185,"column":2},"end":{"line":185,"column":44}},"53":{"start":{"line":186,"column":2},"end":{"line":188,"column":3}},"54":{"start":{"line":187,"column":4},"end":{"line":187,"column":56}},"55":{"start":{"line":191,"column":37},"end":{"line":198,"column":1}},"56":{"start":{"line":192,"column":2},"end":{"line":192,"column":36}},"57":{"start":{"line":193,"column":2},"end":{"line":193,"column":45}},"58":{"start":{"line":194,"column":2},"end":{"line":194,"column":57}},"59":{"start":{"line":195,"column":2},"end":{"line":197,"column":3}},"60":{"start":{"line":196,"column":4},"end":{"line":196,"column":87}},"61":{"start":{"line":196,"column":53},"end":{"line":196,"column":73}},"62":{"start":{"line":200,"column":37},"end":{"line":203,"column":1}},"63":{"start":{"line":201,"column":2},"end":{"line":201,"column":39}},"64":{"start":{"line":202,"column":2},"end":{"line":202,"column":46}}},"fnMap":{"0":{"name":"(anonymous_0)","decl":{"start":{"line":8,"column":15},"end":{"line":8,"column":18}},"loc":{"start":{"line":8,"column":21},"end":{"line":8,"column":32}}},"1":{"name":"(anonymous_1)","decl":{"start":{"line":42,"column":30},"end":{"line":42,"column":31}},"loc":{"start":{"line":42,"column":80},"end":{"line":48,"column":2}}},"2":{"name":"(anonymous_2)","decl":{"start":{"line":50,"column":31},"end":{"line":50,"column":32}},"loc":{"start":{"line":50,"column":81},"end":{"line":56,"column":2}}},"3":{"name":"(anonymous_3)","decl":{"start":{"line":58,"column":31},"end":{"line":58,"column":32}},"loc":{"start":{"line":58,"column":83},"end":{"line":68,"column":2}}},"4":{"name":"(anonymous_4)","decl":{"start":{"line":70,"column":33},"end":{"line":70,"column":34}},"loc":{"start":{"line":70,"column":89},"end":{"line":76,"column":2}}},"5":{"name":"(anonymous_5)","decl":{"start":{"line":79,"column":28},"end":{"line":79,"column":33}},"loc":{"start":{"line":79,"column":96},"end":{"line":96,"column":1}}},"6":{"name":"(anonymous_6)","decl":{"start":{"line":98,"column":25},"end":{"line":98,"column":30}},"loc":{"start":{"line":98,"column":106},"end":{"line":111,"column":1}}},"7":{"name":"(anonymous_7)","decl":{"start":{"line":114,"column":30},"end":{"line":114,"column":35}},"loc":{"start":{"line":114,"column":98},"end":{"line":116,"column":1}}},"8":{"name":"(anonymous_8)","decl":{"start":{"line":118,"column":31},"end":{"line":118,"column":36}},"loc":{"start":{"line":118,"column":81},"end":{"line":150,"column":1}}},"9":{"name":"(anonymous_9)","decl":{"start":{"line":122,"column":21},"end":{"line":122,"column":22}},"loc":{"start":{"line":122,"column":41},"end":{"line":149,"column":3}}},"10":{"name":"(anonymous_10)","decl":{"start":{"line":125,"column":40},"end":{"line":125,"column":41}},"loc":{"start":{"line":125,"column":77},"end":{"line":148,"column":5}}},"11":{"name":"(anonymous_11)","decl":{"start":{"line":134,"column":8},"end":{"line":134,"column":13}},"loc":{"start":{"line":134,"column":31},"end":{"line":146,"column":9}}},"12":{"name":"(anonymous_12)","decl":{"start":{"line":152,"column":31},"end":{"line":152,"column":36}},"loc":{"start":{"line":152,"column":96},"end":{"line":165,"column":1}}},"13":{"name":"(anonymous_13)","decl":{"start":{"line":167,"column":33},"end":{"line":167,"column":38}},"loc":{"start":{"line":167,"column":101},"end":{"line":180,"column":1}}},"14":{"name":"(anonymous_14)","decl":{"start":{"line":183,"column":27},"end":{"line":183,"column":28}},"loc":{"start":{"line":183,"column":84},"end":{"line":189,"column":1}}},"15":{"name":"(anonymous_15)","decl":{"start":{"line":191,"column":37},"end":{"line":191,"column":38}},"loc":{"start":{"line":191,"column":71},"end":{"line":198,"column":1}}},"16":{"name":"(anonymous_16)","decl":{"start":{"line":196,"column":37},"end":{"line":196,"column":38}},"loc":{"start":{"line":196,"column":53},"end":{"line":196,"column":73}}},"17":{"name":"(anonymous_17)","decl":{"start":{"line":200,"column":37},"end":{"line":200,"column":38}},"loc":{"start":{"line":200,"column":77},"end":{"line":203,"column":1}}}},"branchMap":{"0":{"loc":{"start":{"line":42,"column":31},"end":{"line":42,"column":64}},"type":"default-arg","locations":[{"start":{"line":42,"column":62},"end":{"line":42,"column":64}}]},"1":{"loc":{"start":{"line":50,"column":32},"end":{"line":50,"column":65}},"type":"default-arg","locations":[{"start":{"line":50,"column":63},"end":{"line":50,"column":65}}]},"2":{"loc":{"start":{"line":58,"column":32},"end":{"line":58,"column":66}},"type":"default-arg","locations":[{"start":{"line":58,"column":64},"end":{"line":58,"column":66}}]},"3":{"loc":{"start":{"line":70,"column":34},"end":{"line":70,"column":70}},"type":"default-arg","locations":[{"start":{"line":70,"column":68},"end":{"line":70,"column":70}}]},"4":{"loc":{"start":{"line":126,"column":6},"end":{"line":129,"column":7}},"type":"if","locations":[{"start":{"line":126,"column":6},"end":{"line":129,"column":7}},{"start":{},"end":{}}]},"5":{"loc":{"start":{"line":135,"column":10},"end":{"line":138,"column":11}},"type":"if","locations":[{"start":{"line":135,"column":10},"end":{"line":138,"column":11}},{"start":{},"end":{}}]},"6":{"loc":{"start":{"line":186,"column":2},"end":{"line":188,"column":3}},"type":"if","locations":[{"start":{"line":186,"column":2},"end":{"line":188,"column":3}},{"start":{},"end":{}}]},"7":{"loc":{"start":{"line":195,"column":2},"end":{"line":197,"column":3}},"type":"if","locations":[{"start":{"line":195,"column":2},"end":{"line":197,"column":3}},{"start":{},"end":{}}]},"8":{"loc":{"start":{"line":200,"column":53},"end":{"line":200,"column":73}},"type":"default-arg","locations":[{"start":{"line":200,"column":70},"end":{"line":200,"column":73}}]}},"s":{"0":4,"1":107,"2":4,"3":41,"4":4,"5":33,"6":4,"7":37,"8":4,"9":18,"10":4,"11":37,"12":37,"13":37,"14":37,"15":37,"16":4,"17":33,"18":33,"19":33,"20":33,"21":33,"22":4,"23":31,"24":4,"25":33,"26":33,"27":33,"28":33,"29":33,"30":0,"31":0,"32":33,"33":33,"34":0,"35":0,"36":33,"37":33,"38":33,"39":0,"40":4,"41":27,"42":27,"43":27,"44":27,"45":4,"46":10,"47":10,"48":10,"49":10,"50":4,"51":30,"52":30,"53":30,"54":19,"55":4,"56":11,"57":11,"58":11,"59":11,"60":5,"61":5,"62":4,"63":45,"64":45},"f":{"0":107,"1":41,"2":33,"3":37,"4":18,"5":37,"6":33,"7":31,"8":33,"9":33,"10":33,"11":33,"12":27,"13":10,"14":30,"15":11,"16":5,"17":45},"b":{"0":[28],"1":[33],"2":[24],"3":[1],"4":[0,33],"5":[0,33],"6":[19,11],"7":[5,6],"8":[40]}}
,"/Users/simonshine/Projects/nursery/claudify/server/src/__tests__/test-server.ts": {"path":"/Users/simonshine/Projects/nursery/claudify/server/src/__tests__/test-server.ts","statementMap":{"0":{"start":{"line":5,"column":32},"end":{"line":5,"column":36}},"1":{"start":{"line":6,"column":30},"end":{"line":6,"column":34}},"2":{"start":{"line":8,"column":31},"end":{"line":24,"column":1}},"3":{"start":{"line":9,"column":2},"end":{"line":23,"column":5}},"4":{"start":{"line":10,"column":16},"end":{"line":10,"column":27}},"5":{"start":{"line":13,"column":4},"end":{"line":18,"column":7}},"6":{"start":{"line":14,"column":22},"end":{"line":14,"column":58}},"7":{"start":{"line":15,"column":6},"end":{"line":15,"column":30}},"8":{"start":{"line":16,"column":6},"end":{"line":16,"column":61}},"9":{"start":{"line":17,"column":6},"end":{"line":17,"column":55}},"10":{"start":{"line":20,"column":4},"end":{"line":22,"column":7}},"11":{"start":{"line":21,"column":6},"end":{"line":21,"column":18}},"12":{"start":{"line":26,"column":30},"end":{"line":39,"column":1}},"13":{"start":{"line":27,"column":2},"end":{"line":38,"column":5}},"14":{"start":{"line":28,"column":4},"end":{"line":37,"column":5}},"15":{"start":{"line":29,"column":6},"end":{"line":34,"column":9}},"16":{"start":{"line":30,"column":8},"end":{"line":30,"column":43}},"17":{"start":{"line":31,"column":8},"end":{"line":31,"column":26}},"18":{"start":{"line":32,"column":8},"end":{"line":32,"column":24}},"19":{"start":{"line":33,"column":8},"end":{"line":33,"column":18}},"20":{"start":{"line":36,"column":6},"end":{"line":36,"column":16}},"21":{"start":{"line":41,"column":27},"end":{"line":43,"column":1}},"22":{"start":{"line":42,"column":2},"end":{"line":42,"column":18}},"23":{"start":{"line":45,"column":29},"end":{"line":47,"column":1}},"24":{"start":{"line":46,"column":2},"end":{"line":46,"column":20}}},"fnMap":{"0":{"name":"(anonymous_0)","decl":{"start":{"line":8,"column":31},"end":{"line":8,"column":36}},"loc":{"start":{"line":8,"column":85},"end":{"line":24,"column":1}}},"1":{"name":"(anonymous_1)","decl":{"start":{"line":9,"column":21},"end":{"line":9,"column":22}},"loc":{"start":{"line":9,"column":41},"end":{"line":23,"column":3}}},"2":{"name":"(anonymous_2)","decl":{"start":{"line":13,"column":31},"end":{"line":13,"column":34}},"loc":{"start":{"line":13,"column":36},"end":{"line":18,"column":5}}},"3":{"name":"(anonymous_3)","decl":{"start":{"line":20,"column":27},"end":{"line":20,"column":28}},"loc":{"start":{"line":20,"column":35},"end":{"line":22,"column":5}}},"4":{"name":"(anonymous_4)","decl":{"start":{"line":26,"column":30},"end":{"line":26,"column":35}},"loc":{"start":{"line":26,"column":56},"end":{"line":39,"column":1}}},"5":{"name":"(anonymous_5)","decl":{"start":{"line":27,"column":21},"end":{"line":27,"column":22}},"loc":{"start":{"line":27,"column":33},"end":{"line":38,"column":3}}},"6":{"name":"(anonymous_6)","decl":{"start":{"line":29,"column":23},"end":{"line":29,"column":26}},"loc":{"start":{"line":29,"column":28},"end":{"line":34,"column":7}}},"7":{"name":"(anonymous_7)","decl":{"start":{"line":41,"column":27},"end":{"line":41,"column":45}},"loc":{"start":{"line":41,"column":47},"end":{"line":43,"column":1}}},"8":{"name":"(anonymous_8)","decl":{"start":{"line":45,"column":29},"end":{"line":45,"column":47}},"loc":{"start":{"line":45,"column":49},"end":{"line":47,"column":1}}}},"branchMap":{"0":{"loc":{"start":{"line":28,"column":4},"end":{"line":37,"column":5}},"type":"if","locations":[{"start":{"line":28,"column":4},"end":{"line":37,"column":5}},{"start":{"line":35,"column":11},"end":{"line":37,"column":5}}]}},"s":{"0":4,"1":4,"2":4,"3":0,"4":0,"5":0,"6":0,"7":0,"8":0,"9":0,"10":0,"11":0,"12":4,"13":4,"14":4,"15":0,"16":0,"17":0,"18":0,"19":0,"20":4,"21":4,"22":0,"23":4,"24":0},"f":{"0":0,"1":0,"2":0,"3":0,"4":4,"5":4,"6":0,"7":0,"8":0},"b":{"0":[0,4]}}
,"/Users/simonshine/Projects/nursery/claudify/server/src/middleware/auth.ts": {"path":"/Users/simonshine/Projects/nursery/claudify/server/src/middleware/auth.ts","statementMap":{"0":{"start":{"line":13,"column":33},"end":{"line":33,"column":1}},"1":{"start":{"line":18,"column":21},"end":{"line":18,"column":46}},"2":{"start":{"line":19,"column":16},"end":{"line":19,"column":54}},"3":{"start":{"line":21,"column":2},"end":{"line":24,"column":3}},"4":{"start":{"line":22,"column":4},"end":{"line":22,"column":61}},"5":{"start":{"line":23,"column":4},"end":{"line":23,"column":11}},"6":{"start":{"line":26,"column":2},"end":{"line":32,"column":3}},"7":{"start":{"line":27,"column":20},"end":{"line":27,"column":38}},"8":{"start":{"line":28,"column":4},"end":{"line":28,"column":23}},"9":{"start":{"line":29,"column":4},"end":{"line":29,"column":11}},"10":{"start":{"line":31,"column":4},"end":{"line":31,"column":64}},"11":{"start":{"line":35,"column":28},"end":{"line":45,"column":1}},"12":{"start":{"line":40,"column":2},"end":{"line":43,"column":3}},"13":{"start":{"line":41,"column":4},"end":{"line":41,"column":61}},"14":{"start":{"line":42,"column":4},"end":{"line":42,"column":11}},"15":{"start":{"line":44,"column":2},"end":{"line":44,"column":9}}},"fnMap":{"0":{"name":"(anonymous_0)","decl":{"start":{"line":13,"column":33},"end":{"line":13,"column":null}},"loc":{"start":{"line":17,"column":10},"end":{"line":33,"column":1}}},"1":{"name":"(anonymous_1)","decl":{"start":{"line":35,"column":28},"end":{"line":35,"column":null}},"loc":{"start":{"line":39,"column":10},"end":{"line":45,"column":1}}}},"branchMap":{"0":{"loc":{"start":{"line":19,"column":16},"end":{"line":19,"column":54}},"type":"binary-expr","locations":[{"start":{"line":19,"column":16},"end":{"line":19,"column":26}},{"start":{"line":19,"column":30},"end":{"line":19,"column":54}}]},"1":{"loc":{"start":{"line":21,"column":2},"end":{"line":24,"column":3}},"type":"if","locations":[{"start":{"line":21,"column":2},"end":{"line":24,"column":3}},{"start":{},"end":{}}]},"2":{"loc":{"start":{"line":40,"column":2},"end":{"line":43,"column":3}},"type":"if","locations":[{"start":{"line":40,"column":2},"end":{"line":43,"column":3}},{"start":{},"end":{}}]},"3":{"loc":{"start":{"line":40,"column":6},"end":{"line":40,"column":44}},"type":"binary-expr","locations":[{"start":{"line":40,"column":6},"end":{"line":40,"column":15}},{"start":{"line":40,"column":19},"end":{"line":40,"column":44}}]}},"s":{"0":4,"1":99,"2":99,"3":99,"4":6,"5":6,"6":93,"7":93,"8":89,"9":89,"10":4,"11":4,"12":42,"13":3,"14":3,"15":39},"f":{"0":99,"1":42},"b":{"0":[99,93],"1":[6,93],"2":[3,39],"3":[42,42]}}
,"/Users/simonshine/Projects/nursery/claudify/server/src/models/database.ts": {"path":"/Users/simonshine/Projects/nursery/claudify/server/src/models/database.ts","statementMap":{"0":{"start":{"line":5,"column":19},"end":{"line":5,"column":49}},"1":{"start":{"line":6,"column":18},"end":{"line":6,"column":42}},"2":{"start":{"line":8,"column":22},"end":{"line":8,"column":95}},"3":{"start":{"line":14,"column":4},"end":{"line":21,"column":7}},"4":{"start":{"line":15,"column":6},"end":{"line":20,"column":7}},"5":{"start":{"line":16,"column":8},"end":{"line":16,"column":54}},"6":{"start":{"line":18,"column":8},"end":{"line":18,"column":52}},"7":{"start":{"line":19,"column":8},"end":{"line":19,"column":32}},"8":{"start":{"line":25,"column":29},"end":{"line":34,"column":6}},"9":{"start":{"line":36,"column":30},"end":{"line":52,"column":6}},"10":{"start":{"line":54,"column":32},"end":{"line":69,"column":6}},"11":{"start":{"line":71,"column":4},"end":{"line":71,"column":35}},"12":{"start":{"line":72,"column":4},"end":{"line":72,"column":36}},"13":{"start":{"line":73,"column":4},"end":{"line":73,"column":38}},"14":{"start":{"line":76,"column":4},"end":{"line":90,"column":7}},"15":{"start":{"line":79,"column":6},"end":{"line":89,"column":7}},"16":{"start":{"line":80,"column":8},"end":{"line":88,"column":11}},"17":{"start":{"line":81,"column":10},"end":{"line":87,"column":11}},"18":{"start":{"line":82,"column":38},"end":{"line":82,"column":82}},"19":{"start":{"line":82,"column":58},"end":{"line":82,"column":81}},"20":{"start":{"line":83,"column":12},"end":{"line":86,"column":13}},"21":{"start":{"line":84,"column":14},"end":{"line":84,"column":88}},"22":{"start":{"line":85,"column":14},"end":{"line":85,"column":69}},"23":{"start":{"line":94,"column":4},"end":{"line":94,"column":19}},"24":{"start":{"line":98,"column":4},"end":{"line":104,"column":7}},"25":{"start":{"line":99,"column":6},"end":{"line":103,"column":7}},"26":{"start":{"line":100,"column":8},"end":{"line":100,"column":54}},"27":{"start":{"line":102,"column":8},"end":{"line":102,"column":50}},"28":{"start":{"line":108,"column":24},"end":{"line":108,"column":38}}},"fnMap":{"0":{"name":"(anonymous_0)","decl":{"start":{"line":13,"column":2},"end":{"line":13,"column":null}},"loc":{"start":{"line":13,"column":2},"end":{"line":22,"column":3}}},"1":{"name":"(anonymous_1)","decl":{"start":{"line":14,"column":50},"end":{"line":14,"column":51}},"loc":{"start":{"line":14,"column":58},"end":{"line":21,"column":5}}},"2":{"name":"(anonymous_2)","decl":{"start":{"line":24,"column":10},"end":{"line":24,"column":26}},"loc":{"start":{"line":24,"column":26},"end":{"line":91,"column":3}}},"3":{"name":"(anonymous_3)","decl":{"start":{"line":78,"column":7},"end":{"line":78,"column":8}},"loc":{"start":{"line":78,"column":31},"end":{"line":90,"column":5}}},"4":{"name":"(anonymous_4)","decl":{"start":{"line":80,"column":51},"end":{"line":80,"column":52}},"loc":{"start":{"line":80,"column":80},"end":{"line":88,"column":9}}},"5":{"name":"(anonymous_5)","decl":{"start":{"line":82,"column":51},"end":{"line":82,"column":54}},"loc":{"start":{"line":82,"column":58},"end":{"line":82,"column":81}}},"6":{"name":"(anonymous_6)","decl":{"start":{"line":93,"column":9},"end":{"line":93,"column":14}},"loc":{"start":{"line":93,"column":14},"end":{"line":95,"column":3}}},"7":{"name":"(anonymous_7)","decl":{"start":{"line":97,"column":9},"end":{"line":97,"column":14}},"loc":{"start":{"line":97,"column":14},"end":{"line":105,"column":3}}},"8":{"name":"(anonymous_8)","decl":{"start":{"line":98,"column":18},"end":{"line":98,"column":19}},"loc":{"start":{"line":98,"column":26},"end":{"line":104,"column":5}}}},"branchMap":{"0":{"loc":{"start":{"line":8,"column":22},"end":{"line":8,"column":95}},"type":"binary-expr","locations":[{"start":{"line":8,"column":22},"end":{"line":8,"column":46}},{"start":{"line":8,"column":50},"end":{"line":8,"column":95}}]},"1":{"loc":{"start":{"line":15,"column":6},"end":{"line":20,"column":7}},"type":"if","locations":[{"start":{"line":15,"column":6},"end":{"line":20,"column":7}},{"start":{"line":17,"column":13},"end":{"line":20,"column":7}}]},"2":{"loc":{"start":{"line":79,"column":6},"end":{"line":89,"column":7}},"type":"if","locations":[{"start":{"line":79,"column":6},"end":{"line":89,"column":7}},{"start":{},"end":{}}]},"3":{"loc":{"start":{"line":81,"column":10},"end":{"line":87,"column":11}},"type":"if","locations":[{"start":{"line":81,"column":10},"end":{"line":87,"column":11}},{"start":{},"end":{}}]},"4":{"loc":{"start":{"line":81,"column":14},"end":{"line":81,"column":29}},"type":"binary-expr","locations":[{"start":{"line":81,"column":14},"end":{"line":81,"column":18}},{"start":{"line":81,"column":22},"end":{"line":81,"column":29}}]},"5":{"loc":{"start":{"line":83,"column":12},"end":{"line":86,"column":13}},"type":"if","locations":[{"start":{"line":83,"column":12},"end":{"line":86,"column":13}},{"start":{},"end":{}}]},"6":{"loc":{"start":{"line":99,"column":6},"end":{"line":103,"column":7}},"type":"if","locations":[{"start":{"line":99,"column":6},"end":{"line":103,"column":7}},{"start":{"line":101,"column":13},"end":{"line":103,"column":7}}]}},"s":{"0":4,"1":4,"2":4,"3":4,"4":4,"5":0,"6":4,"7":4,"8":4,"9":4,"10":4,"11":4,"12":4,"13":4,"14":4,"15":4,"16":4,"17":4,"18":4,"19":36,"20":4,"21":0,"22":0,"23":204,"24":0,"25":0,"26":0,"27":0,"28":4},"f":{"0":4,"1":4,"2":4,"3":4,"4":4,"5":36,"6":204,"7":0,"8":0},"b":{"0":[4,4],"1":[0,4],"2":[4,0],"3":[4,0],"4":[4,4],"5":[0,4],"6":[0,0]}}
,"/Users/simonshine/Projects/nursery/claudify/server/src/routes/auth.ts": {"path":"/Users/simonshine/Projects/nursery/claudify/server/src/routes/auth.ts","statementMap":{"0":{"start":{"line":8,"column":15},"end":{"line":8,"column":31}},"1":{"start":{"line":10,"column":25},"end":{"line":14,"column":2}},"2":{"start":{"line":16,"column":22},"end":{"line":19,"column":2}},"3":{"start":{"line":21,"column":27},"end":{"line":23,"column":2}},"4":{"start":{"line":25,"column":0},"end":{"line":84,"column":3}},"5":{"start":{"line":26,"column":2},"end":{"line":83,"column":3}},"6":{"start":{"line":27,"column":19},"end":{"line":27,"column":40}},"7":{"start":{"line":28,"column":4},"end":{"line":30,"column":5}},"8":{"start":{"line":29,"column":6},"end":{"line":29,"column":62}},"9":{"start":{"line":32,"column":57},"end":{"line":32,"column":65}},"10":{"start":{"line":33,"column":15},"end":{"line":33,"column":31}},"11":{"start":{"line":35,"column":4},"end":{"line":79,"column":7}},"12":{"start":{"line":36,"column":6},"end":{"line":39,"column":7}},"13":{"start":{"line":37,"column":8},"end":{"line":37,"column":46}},"14":{"start":{"line":38,"column":8},"end":{"line":38,"column":65}},"15":{"start":{"line":41,"column":6},"end":{"line":43,"column":7}},"16":{"start":{"line":42,"column":8},"end":{"line":42,"column":75}},"17":{"start":{"line":45,"column":6},"end":{"line":78,"column":7}},"18":{"start":{"line":46,"column":31},"end":{"line":46,"column":59}},"19":{"start":{"line":48,"column":28},"end":{"line":51,"column":10}},"20":{"start":{"line":53,"column":8},"end":{"line":74,"column":11}},"21":{"start":{"line":54,"column":10},"end":{"line":57,"column":11}},"22":{"start":{"line":55,"column":12},"end":{"line":55,"column":50}},"23":{"start":{"line":56,"column":12},"end":{"line":56,"column":76}},"24":{"start":{"line":59,"column":26},"end":{"line":65,"column":12}},"25":{"start":{"line":67,"column":24},"end":{"line":67,"column":46}},"26":{"start":{"line":69,"column":10},"end":{"line":73,"column":13}},"27":{"start":{"line":76,"column":8},"end":{"line":76,"column":60}},"28":{"start":{"line":77,"column":8},"end":{"line":77,"column":65}},"29":{"start":{"line":81,"column":4},"end":{"line":81,"column":48}},"30":{"start":{"line":82,"column":4},"end":{"line":82,"column":61}},"31":{"start":{"line":86,"column":0},"end":{"line":137,"column":3}},"32":{"start":{"line":87,"column":2},"end":{"line":136,"column":3}},"33":{"start":{"line":88,"column":19},"end":{"line":88,"column":40}},"34":{"start":{"line":89,"column":4},"end":{"line":91,"column":5}},"35":{"start":{"line":90,"column":6},"end":{"line":90,"column":62}},"36":{"start":{"line":93,"column":46},"end":{"line":93,"column":54}},"37":{"start":{"line":94,"column":15},"end":{"line":94,"column":31}},"38":{"start":{"line":96,"column":4},"end":{"line":132,"column":7}},"39":{"start":{"line":97,"column":6},"end":{"line":100,"column":7}},"40":{"start":{"line":98,"column":8},"end":{"line":98,"column":46}},"41":{"start":{"line":99,"column":8},"end":{"line":99,"column":65}},"42":{"start":{"line":102,"column":6},"end":{"line":104,"column":7}},"43":{"start":{"line":103,"column":8},"end":{"line":103,"column":70}},"44":{"start":{"line":106,"column":6},"end":{"line":131,"column":7}},"45":{"start":{"line":107,"column":32},"end":{"line":107,"column":78}},"46":{"start":{"line":109,"column":8},"end":{"line":111,"column":9}},"47":{"start":{"line":110,"column":10},"end":{"line":110,"column":72}},"48":{"start":{"line":113,"column":36},"end":{"line":119,"column":10}},"49":{"start":{"line":121,"column":22},"end":{"line":121,"column":56}},"50":{"start":{"line":123,"column":8},"end":{"line":127,"column":11}},"51":{"start":{"line":129,"column":8},"end":{"line":129,"column":66}},"52":{"start":{"line":130,"column":8},"end":{"line":130,"column":65}},"53":{"start":{"line":134,"column":4},"end":{"line":134,"column":41}},"54":{"start":{"line":135,"column":4},"end":{"line":135,"column":61}},"55":{"start":{"line":139,"column":0},"end":{"line":159,"column":3}},"56":{"start":{"line":140,"column":2},"end":{"line":158,"column":3}},"57":{"start":{"line":141,"column":15},"end":{"line":141,"column":31}},"58":{"start":{"line":143,"column":4},"end":{"line":154,"column":7}},"59":{"start":{"line":144,"column":6},"end":{"line":147,"column":7}},"60":{"start":{"line":145,"column":8},"end":{"line":145,"column":46}},"61":{"start":{"line":146,"column":8},"end":{"line":146,"column":65}},"62":{"start":{"line":149,"column":6},"end":{"line":151,"column":7}},"63":{"start":{"line":150,"column":8},"end":{"line":150,"column":65}},"64":{"start":{"line":153,"column":6},"end":{"line":153,"column":25}},"65":{"start":{"line":156,"column":4},"end":{"line":156,"column":57}},"66":{"start":{"line":157,"column":4},"end":{"line":157,"column":61}},"67":{"start":{"line":161,"column":0},"end":{"line":163,"column":3}},"68":{"start":{"line":162,"column":2},"end":{"line":162,"column":51}},"69":{"start":{"line":165,"column":0},"end":{"line":190,"column":3}},"70":{"start":{"line":166,"column":2},"end":{"line":189,"column":3}},"71":{"start":{"line":167,"column":19},"end":{"line":167,"column":40}},"72":{"start":{"line":168,"column":4},"end":{"line":170,"column":5}},"73":{"start":{"line":169,"column":6},"end":{"line":169,"column":62}},"74":{"start":{"line":172,"column":22},"end":{"line":172,"column":30}},"75":{"start":{"line":173,"column":15},"end":{"line":173,"column":31}},"76":{"start":{"line":175,"column":4},"end":{"line":185,"column":7}},"77":{"start":{"line":176,"column":6},"end":{"line":179,"column":7}},"78":{"start":{"line":177,"column":8},"end":{"line":177,"column":46}},"79":{"start":{"line":178,"column":8},"end":{"line":178,"column":65}},"80":{"start":{"line":181,"column":6},"end":{"line":184,"column":9}},"81":{"start":{"line":187,"column":4},"end":{"line":187,"column":47}},"82":{"start":{"line":188,"column":4},"end":{"line":188,"column":61}}},"fnMap":{"0":{"name":"(anonymous_0)","decl":{"start":{"line":25,"column":43},"end":{"line":25,"column":48}},"loc":{"start":{"line":25,"column":97},"end":{"line":84,"column":1}}},"1":{"name":"(anonymous_1)","decl":{"start":{"line":35,"column":60},"end":{"line":35,"column":65}},"loc":{"start":{"line":35,"column":98},"end":{"line":79,"column":5}}},"2":{"name":"(anonymous_2)","decl":{"start":{"line":53,"column":59},"end":{"line":53,"column":68}},"loc":{"start":{"line":53,"column":76},"end":{"line":74,"column":9}}},"3":{"name":"(anonymous_3)","decl":{"start":{"line":86,"column":37},"end":{"line":86,"column":42}},"loc":{"start":{"line":86,"column":91},"end":{"line":137,"column":1}}},"4":{"name":"(anonymous_4)","decl":{"start":{"line":96,"column":59},"end":{"line":96,"column":64}},"loc":{"start":{"line":96,"column":90},"end":{"line":132,"column":5}}},"5":{"name":"(anonymous_5)","decl":{"start":{"line":139,"column":37},"end":{"line":139,"column":42}},"loc":{"start":{"line":139,"column":78},"end":{"line":159,"column":1}}},"6":{"name":"(anonymous_6)","decl":{"start":{"line":143,"column":95},"end":{"line":143,"column":96}},"loc":{"start":{"line":143,"column":119},"end":{"line":154,"column":5}}},"7":{"name":"(anonymous_7)","decl":{"start":{"line":161,"column":42},"end":{"line":161,"column":47}},"loc":{"start":{"line":161,"column":101},"end":{"line":163,"column":1}}},"8":{"name":"(anonymous_8)","decl":{"start":{"line":165,"column":48},"end":{"line":165,"column":53}},"loc":{"start":{"line":165,"column":102},"end":{"line":190,"column":1}}},"9":{"name":"(anonymous_9)","decl":{"start":{"line":175,"column":66},"end":{"line":175,"column":67}},"loc":{"start":{"line":175,"column":90},"end":{"line":185,"column":5}}}},"branchMap":{"0":{"loc":{"start":{"line":28,"column":4},"end":{"line":30,"column":5}},"type":"if","locations":[{"start":{"line":28,"column":4},"end":{"line":30,"column":5}},{"start":{},"end":{}}]},"1":{"loc":{"start":{"line":36,"column":6},"end":{"line":39,"column":7}},"type":"if","locations":[{"start":{"line":36,"column":6},"end":{"line":39,"column":7}},{"start":{},"end":{}}]},"2":{"loc":{"start":{"line":41,"column":6},"end":{"line":43,"column":7}},"type":"if","locations":[{"start":{"line":41,"column":6},"end":{"line":43,"column":7}},{"start":{},"end":{}}]},"3":{"loc":{"start":{"line":54,"column":10},"end":{"line":57,"column":11}},"type":"if","locations":[{"start":{"line":54,"column":10},"end":{"line":57,"column":11}},{"start":{},"end":{}}]},"4":{"loc":{"start":{"line":89,"column":4},"end":{"line":91,"column":5}},"type":"if","locations":[{"start":{"line":89,"column":4},"end":{"line":91,"column":5}},{"start":{},"end":{}}]},"5":{"loc":{"start":{"line":97,"column":6},"end":{"line":100,"column":7}},"type":"if","locations":[{"start":{"line":97,"column":6},"end":{"line":100,"column":7}},{"start":{},"end":{}}]},"6":{"loc":{"start":{"line":102,"column":6},"end":{"line":104,"column":7}},"type":"if","locations":[{"start":{"line":102,"column":6},"end":{"line":104,"column":7}},{"start":{},"end":{}}]},"7":{"loc":{"start":{"line":109,"column":8},"end":{"line":111,"column":9}},"type":"if","locations":[{"start":{"line":109,"column":8},"end":{"line":111,"column":9}},{"start":{},"end":{}}]},"8":{"loc":{"start":{"line":144,"column":6},"end":{"line":147,"column":7}},"type":"if","locations":[{"start":{"line":144,"column":6},"end":{"line":147,"column":7}},{"start":{},"end":{}}]},"9":{"loc":{"start":{"line":149,"column":6},"end":{"line":151,"column":7}},"type":"if","locations":[{"start":{"line":149,"column":6},"end":{"line":151,"column":7}},{"start":{},"end":{}}]},"10":{"loc":{"start":{"line":168,"column":4},"end":{"line":170,"column":5}},"type":"if","locations":[{"start":{"line":168,"column":4},"end":{"line":170,"column":5}},{"start":{},"end":{}}]},"11":{"loc":{"start":{"line":176,"column":6},"end":{"line":179,"column":7}},"type":"if","locations":[{"start":{"line":176,"column":6},"end":{"line":179,"column":7}},{"start":{},"end":{}}]},"12":{"loc":{"start":{"line":183,"column":14},"end":{"line":183,"column":32}},"type":"binary-expr","locations":[{"start":{"line":183,"column":14},"end":{"line":183,"column":24}},{"start":{"line":183,"column":28},"end":{"line":183,"column":32}}]}},"s":{"0":4,"1":4,"2":4,"3":4,"4":4,"5":43,"6":43,"7":43,"8":4,"9":39,"10":39,"11":39,"12":39,"13":0,"14":0,"15":39,"16":1,"17":38,"18":38,"19":38,"20":38,"21":38,"22":0,"23":0,"24":38,"25":38,"26":38,"27":0,"28":0,"29":0,"30":0,"31":4,"32":38,"33":38,"34":38,"35":2,"36":36,"37":36,"38":36,"39":36,"40":0,"41":0,"42":36,"43":1,"44":35,"45":35,"46":35,"47":1,"48":34,"49":34,"50":34,"51":0,"52":0,"53":0,"54":0,"55":4,"56":3,"57":3,"58":3,"59":3,"60":0,"61":0,"62":3,"63":0,"64":3,"65":0,"66":0,"67":4,"68":2,"69":4,"70":0,"71":0,"72":0,"73":0,"74":0,"75":0,"76":0,"77":0,"78":0,"79":0,"80":0,"81":0,"82":0},"f":{"0":43,"1":39,"2":38,"3":38,"4":36,"5":3,"6":3,"7":2,"8":0,"9":0},"b":{"0":[4,39],"1":[0,39],"2":[1,38],"3":[0,38],"4":[2,36],"5":[0,36],"6":[1,35],"7":[1,34],"8":[0,3],"9":[0,3],"10":[0,0],"11":[0,0],"12":[0,0]}}
,"/Users/simonshine/Projects/nursery/claudify/server/src/routes/bookings.ts": {"path":"/Users/simonshine/Projects/nursery/claudify/server/src/routes/bookings.ts","statementMap":{"0":{"start":{"line":7,"column":15},"end":{"line":7,"column":31}},"1":{"start":{"line":9,"column":24},"end":{"line":15,"column":2}},"2":{"start":{"line":17,"column":0},"end":{"line":46,"column":3}},"3":{"start":{"line":18,"column":2},"end":{"line":45,"column":3}},"4":{"start":{"line":19,"column":15},"end":{"line":19,"column":31}},"5":{"start":{"line":21,"column":18},"end":{"line":32,"column":6}},"6":{"start":{"line":34,"column":4},"end":{"line":41,"column":7}},"7":{"start":{"line":35,"column":6},"end":{"line":38,"column":7}},"8":{"start":{"line":36,"column":8},"end":{"line":36,"column":46}},"9":{"start":{"line":37,"column":8},"end":{"line":37,"column":75}},"10":{"start":{"line":40,"column":6},"end":{"line":40,"column":21}},"11":{"start":{"line":43,"column":4},"end":{"line":43,"column":53}},"12":{"start":{"line":44,"column":4},"end":{"line":44,"column":61}},"13":{"start":{"line":48,"column":0},"end":{"line":83,"column":3}},"14":{"start":{"line":49,"column":2},"end":{"line":82,"column":3}},"15":{"start":{"line":50,"column":22},"end":{"line":50,"column":46}},"16":{"start":{"line":51,"column":15},"end":{"line":51,"column":31}},"17":{"start":{"line":53,"column":18},"end":{"line":65,"column":6}},"18":{"start":{"line":67,"column":4},"end":{"line":78,"column":7}},"19":{"start":{"line":68,"column":6},"end":{"line":71,"column":7}},"20":{"start":{"line":69,"column":8},"end":{"line":69,"column":46}},"21":{"start":{"line":70,"column":8},"end":{"line":70,"column":74}},"22":{"start":{"line":73,"column":6},"end":{"line":75,"column":7}},"23":{"start":{"line":74,"column":8},"end":{"line":74,"column":68}},"24":{"start":{"line":77,"column":6},"end":{"line":77,"column":20}},"25":{"start":{"line":80,"column":4},"end":{"line":80,"column":52}},"26":{"start":{"line":81,"column":4},"end":{"line":81,"column":61}},"27":{"start":{"line":85,"column":0},"end":{"line":179,"column":3}},"28":{"start":{"line":86,"column":2},"end":{"line":178,"column":3}},"29":{"start":{"line":87,"column":19},"end":{"line":87,"column":40}},"30":{"start":{"line":88,"column":4},"end":{"line":90,"column":5}},"31":{"start":{"line":89,"column":6},"end":{"line":89,"column":62}},"32":{"start":{"line":92,"column":46},"end":{"line":92,"column":54}},"33":{"start":{"line":93,"column":15},"end":{"line":93,"column":31}},"34":{"start":{"line":95,"column":4},"end":{"line":174,"column":7}},"35":{"start":{"line":96,"column":6},"end":{"line":173,"column":8}},"36":{"start":{"line":100,"column":10},"end":{"line":103,"column":11}},"37":{"start":{"line":101,"column":12},"end":{"line":101,"column":50}},"38":{"start":{"line":102,"column":12},"end":{"line":102,"column":79}},"39":{"start":{"line":105,"column":10},"end":{"line":107,"column":11}},"40":{"start":{"line":106,"column":12},"end":{"line":106,"column":92}},"41":{"start":{"line":109,"column":10},"end":{"line":171,"column":12}},"42":{"start":{"line":113,"column":14},"end":{"line":116,"column":15}},"43":{"start":{"line":114,"column":16},"end":{"line":114,"column":54}},"44":{"start":{"line":115,"column":16},"end":{"line":115,"column":89}},"45":{"start":{"line":118,"column":37},"end":{"line":118,"column":59}},"46":{"start":{"line":119,"column":40},"end":{"line":119,"column":65}},"47":{"start":{"line":120,"column":37},"end":{"line":120,"column":72}},"48":{"start":{"line":122,"column":14},"end":{"line":126,"column":15}},"49":{"start":{"line":123,"column":16},"end":{"line":125,"column":19}},"50":{"start":{"line":128,"column":14},"end":{"line":169,"column":16}},"51":{"start":{"line":132,"column":18},"end":{"line":135,"column":19}},"52":{"start":{"line":133,"column":20},"end":{"line":133,"column":58}},"53":{"start":{"line":134,"column":20},"end":{"line":134,"column":95}},"54":{"start":{"line":137,"column":18},"end":{"line":139,"column":19}},"55":{"start":{"line":138,"column":20},"end":{"line":138,"column":97}},"56":{"start":{"line":141,"column":38},"end":{"line":144,"column":20}},"57":{"start":{"line":146,"column":18},"end":{"line":167,"column":20}},"58":{"start":{"line":157,"column":22},"end":{"line":160,"column":23}},"59":{"start":{"line":158,"column":24},"end":{"line":158,"column":62}},"60":{"start":{"line":159,"column":24},"end":{"line":159,"column":91}},"61":{"start":{"line":162,"column":22},"end":{"line":165,"column":25}},"62":{"start":{"line":176,"column":4},"end":{"line":176,"column":52}},"63":{"start":{"line":177,"column":4},"end":{"line":177,"column":61}},"64":{"start":{"line":181,"column":0},"end":{"line":223,"column":3}},"65":{"start":{"line":182,"column":2},"end":{"line":222,"column":3}},"66":{"start":{"line":183,"column":22},"end":{"line":183,"column":46}},"67":{"start":{"line":184,"column":15},"end":{"line":184,"column":31}},"68":{"start":{"line":186,"column":4},"end":{"line":218,"column":7}},"69":{"start":{"line":187,"column":6},"end":{"line":217,"column":8}},"70":{"start":{"line":191,"column":10},"end":{"line":194,"column":11}},"71":{"start":{"line":192,"column":12},"end":{"line":192,"column":50}},"72":{"start":{"line":193,"column":12},"end":{"line":193,"column":78}},"73":{"start":{"line":196,"column":10},"end":{"line":198,"column":11}},"74":{"start":{"line":197,"column":12},"end":{"line":197,"column":72}},"75":{"start":{"line":200,"column":10},"end":{"line":202,"column":11}},"76":{"start":{"line":201,"column":12},"end":{"line":201,"column":83}},"77":{"start":{"line":204,"column":10},"end":{"line":215,"column":12}},"78":{"start":{"line":208,"column":14},"end":{"line":211,"column":15}},"79":{"start":{"line":209,"column":16},"end":{"line":209,"column":54}},"80":{"start":{"line":210,"column":16},"end":{"line":210,"column":83}},"81":{"start":{"line":213,"column":14},"end":{"line":213,"column":70}},"82":{"start":{"line":220,"column":4},"end":{"line":220,"column":54}},"83":{"start":{"line":221,"column":4},"end":{"line":221,"column":61}},"84":{"start":{"line":225,"column":0},"end":{"line":257,"column":3}},"85":{"start":{"line":226,"column":2},"end":{"line":256,"column":3}},"86":{"start":{"line":227,"column":20},"end":{"line":227,"column":49}},"87":{"start":{"line":228,"column":15},"end":{"line":228,"column":31}},"88":{"start":{"line":230,"column":4},"end":{"line":232,"column":5}},"89":{"start":{"line":231,"column":6},"end":{"line":231,"column":70}},"90":{"start":{"line":234,"column":18},"end":{"line":243,"column":6}},"91":{"start":{"line":245,"column":4},"end":{"line":252,"column":7}},"92":{"start":{"line":246,"column":6},"end":{"line":249,"column":7}},"93":{"start":{"line":247,"column":8},"end":{"line":247,"column":46}},"94":{"start":{"line":248,"column":8},"end":{"line":248,"column":81}},"95":{"start":{"line":251,"column":6},"end":{"line":251,"column":21}},"96":{"start":{"line":254,"column":4},"end":{"line":254,"column":59}},"97":{"start":{"line":255,"column":4},"end":{"line":255,"column":61}}},"fnMap":{"0":{"name":"(anonymous_0)","decl":{"start":{"line":17,"column":35},"end":{"line":17,"column":40}},"loc":{"start":{"line":17,"column":94},"end":{"line":46,"column":1}}},"1":{"name":"(anonymous_1)","decl":{"start":{"line":34,"column":34},"end":{"line":34,"column":35}},"loc":{"start":{"line":34,"column":58},"end":{"line":41,"column":5}}},"2":{"name":"(anonymous_2)","decl":{"start":{"line":48,"column":38},"end":{"line":48,"column":43}},"loc":{"start":{"line":48,"column":97},"end":{"line":83,"column":1}}},"3":{"name":"(anonymous_3)","decl":{"start":{"line":67,"column":45},"end":{"line":67,"column":46}},"loc":{"start":{"line":67,"column":68},"end":{"line":78,"column":5}}},"4":{"name":"(anonymous_4)","decl":{"start":{"line":85,"column":53},"end":{"line":85,"column":58}},"loc":{"start":{"line":85,"column":112},"end":{"line":179,"column":1}}},"5":{"name":"(anonymous_5)","decl":{"start":{"line":95,"column":17},"end":{"line":95,"column":20}},"loc":{"start":{"line":95,"column":22},"end":{"line":174,"column":5}}},"6":{"name":"(anonymous_6)","decl":{"start":{"line":99,"column":8},"end":{"line":99,"column":9}},"loc":{"start":{"line":99,"column":33},"end":{"line":172,"column":9}}},"7":{"name":"(anonymous_7)","decl":{"start":{"line":112,"column":12},"end":{"line":112,"column":13}},"loc":{"start":{"line":112,"column":59},"end":{"line":170,"column":13}}},"8":{"name":"(anonymous_8)","decl":{"start":{"line":131,"column":16},"end":{"line":131,"column":17}},"loc":{"start":{"line":131,"column":51},"end":{"line":168,"column":17}}},"9":{"name":"(anonymous_9)","decl":{"start":{"line":156,"column":20},"end":{"line":156,"column":29}},"loc":{"start":{"line":156,"column":37},"end":{"line":166,"column":21}}},"10":{"name":"(anonymous_10)","decl":{"start":{"line":181,"column":45},"end":{"line":181,"column":50}},"loc":{"start":{"line":181,"column":104},"end":{"line":223,"column":1}}},"11":{"name":"(anonymous_11)","decl":{"start":{"line":186,"column":17},"end":{"line":186,"column":20}},"loc":{"start":{"line":186,"column":22},"end":{"line":218,"column":5}}},"12":{"name":"(anonymous_12)","decl":{"start":{"line":190,"column":8},"end":{"line":190,"column":9}},"loc":{"start":{"line":190,"column":35},"end":{"line":216,"column":9}}},"13":{"name":"(anonymous_13)","decl":{"start":{"line":207,"column":12},"end":{"line":207,"column":21}},"loc":{"start":{"line":207,"column":29},"end":{"line":214,"column":13}}},"14":{"name":"(anonymous_14)","decl":{"start":{"line":225,"column":49},"end":{"line":225,"column":54}},"loc":{"start":{"line":225,"column":108},"end":{"line":257,"column":1}}},"15":{"name":"(anonymous_15)","decl":{"start":{"line":245,"column":29},"end":{"line":245,"column":30}},"loc":{"start":{"line":245,"column":53},"end":{"line":252,"column":5}}}},"branchMap":{"0":{"loc":{"start":{"line":35,"column":6},"end":{"line":38,"column":7}},"type":"if","locations":[{"start":{"line":35,"column":6},"end":{"line":38,"column":7}},{"start":{},"end":{}}]},"1":{"loc":{"start":{"line":68,"column":6},"end":{"line":71,"column":7}},"type":"if","locations":[{"start":{"line":68,"column":6},"end":{"line":71,"column":7}},{"start":{},"end":{}}]},"2":{"loc":{"start":{"line":73,"column":6},"end":{"line":75,"column":7}},"type":"if","locations":[{"start":{"line":73,"column":6},"end":{"line":75,"column":7}},{"start":{},"end":{}}]},"3":{"loc":{"start":{"line":88,"column":4},"end":{"line":90,"column":5}},"type":"if","locations":[{"start":{"line":88,"column":4},"end":{"line":90,"column":5}},{"start":{},"end":{}}]},"4":{"loc":{"start":{"line":100,"column":10},"end":{"line":103,"column":11}},"type":"if","locations":[{"start":{"line":100,"column":10},"end":{"line":103,"column":11}},{"start":{},"end":{}}]},"5":{"loc":{"start":{"line":105,"column":10},"end":{"line":107,"column":11}},"type":"if","locations":[{"start":{"line":105,"column":10},"end":{"line":107,"column":11}},{"start":{},"end":{}}]},"6":{"loc":{"start":{"line":113,"column":14},"end":{"line":116,"column":15}},"type":"if","locations":[{"start":{"line":113,"column":14},"end":{"line":116,"column":15}},{"start":{},"end":{}}]},"7":{"loc":{"start":{"line":119,"column":40},"end":{"line":119,"column":65}},"type":"binary-expr","locations":[{"start":{"line":119,"column":40},"end":{"line":119,"column":60}},{"start":{"line":119,"column":64},"end":{"line":119,"column":65}}]},"8":{"loc":{"start":{"line":122,"column":14},"end":{"line":126,"column":15}},"type":"if","locations":[{"start":{"line":122,"column":14},"end":{"line":126,"column":15}},{"start":{},"end":{}}]},"9":{"loc":{"start":{"line":132,"column":18},"end":{"line":135,"column":19}},"type":"if","locations":[{"start":{"line":132,"column":18},"end":{"line":135,"column":19}},{"start":{},"end":{}}]},"10":{"loc":{"start":{"line":137,"column":18},"end":{"line":139,"column":19}},"type":"if","locations":[{"start":{"line":137,"column":18},"end":{"line":139,"column":19}},{"start":{},"end":{}}]},"11":{"loc":{"start":{"line":157,"column":22},"end":{"line":160,"column":23}},"type":"if","locations":[{"start":{"line":157,"column":22},"end":{"line":160,"column":23}},{"start":{},"end":{}}]},"12":{"loc":{"start":{"line":191,"column":10},"end":{"line":194,"column":11}},"type":"if","locations":[{"start":{"line":191,"column":10},"end":{"line":194,"column":11}},{"start":{},"end":{}}]},"13":{"loc":{"start":{"line":196,"column":10},"end":{"line":198,"column":11}},"type":"if","locations":[{"start":{"line":196,"column":10},"end":{"line":198,"column":11}},{"start":{},"end":{}}]},"14":{"loc":{"start":{"line":200,"column":10},"end":{"line":202,"column":11}},"type":"if","locations":[{"start":{"line":200,"column":10},"end":{"line":202,"column":11}},{"start":{},"end":{}}]},"15":{"loc":{"start":{"line":208,"column":14},"end":{"line":211,"column":15}},"type":"if","locations":[{"start":{"line":208,"column":14},"end":{"line":211,"column":15}},{"start":{},"end":{}}]},"16":{"loc":{"start":{"line":230,"column":4},"end":{"line":232,"column":5}},"type":"if","locations":[{"start":{"line":230,"column":4},"end":{"line":232,"column":5}},{"start":{},"end":{}}]},"17":{"loc":{"start":{"line":246,"column":6},"end":{"line":249,"column":7}},"type":"if","locations":[{"start":{"line":246,"column":6},"end":{"line":249,"column":7}},{"start":{},"end":{}}]}},"s":{"0":4,"1":4,"2":4,"3":4,"4":4,"5":4,"6":4,"7":4,"8":0,"9":0,"10":4,"11":0,"12":0,"13":4,"14":6,"15":6,"16":6,"17":6,"18":6,"19":6,"20":0,"21":0,"22":6,"23":2,"24":4,"25":0,"26":0,"27":4,"28":22,"29":22,"30":22,"31":3,"32":19,"33":19,"34":19,"35":19,"36":19,"37":0,"38":0,"39":19,"40":2,"41":17,"42":17,"43":0,"44":0,"45":17,"46":17,"47":17,"48":17,"49":2,"50":15,"51":15,"52":0,"53":0,"54":15,"55":1,"56":14,"57":14,"58":14,"59":0,"60":0,"61":14,"62":0,"63":0,"64":4,"65":6,"66":6,"67":6,"68":6,"69":6,"70":6,"71":0,"72":0,"73":6,"74":2,"75":4,"76":1,"77":3,"78":3,"79":0,"80":0,"81":3,"82":0,"83":0,"84":4,"85":4,"86":4,"87":4,"88":4,"89":1,"90":3,"91":3,"92":3,"93":0,"94":0,"95":3,"96":0,"97":0},"f":{"0":4,"1":4,"2":6,"3":6,"4":22,"5":19,"6":19,"7":17,"8":15,"9":14,"10":6,"11":6,"12":6,"13":3,"14":4,"15":3},"b":{"0":[0,4],"1":[0,6],"2":[2,4],"3":[3,19],"4":[0,19],"5":[2,17],"6":[0,17],"7":[17,17],"8":[2,15],"9":[0,15],"10":[1,14],"11":[0,14],"12":[0,6],"13":[2,4],"14":[1,3],"15":[0,3],"16":[1,3],"17":[0,3]}}
,"/Users/simonshine/Projects/nursery/claudify/server/src/routes/events.ts": {"path":"/Users/simonshine/Projects/nursery/claudify/server/src/routes/events.ts","statementMap":{"0":{"start":{"line":7,"column":15},"end":{"line":7,"column":31}},"1":{"start":{"line":9,"column":22},"end":{"line":19,"column":2}},"2":{"start":{"line":21,"column":0},"end":{"line":54,"column":3}},"3":{"start":{"line":22,"column":2},"end":{"line":53,"column":3}},"4":{"start":{"line":23,"column":15},"end":{"line":23,"column":31}},"5":{"start":{"line":25,"column":18},"end":{"line":35,"column":6}},"6":{"start":{"line":37,"column":4},"end":{"line":49,"column":7}},"7":{"start":{"line":38,"column":6},"end":{"line":41,"column":7}},"8":{"start":{"line":39,"column":8},"end":{"line":39,"column":46}},"9":{"start":{"line":40,"column":8},"end":{"line":40,"column":73}},"10":{"start":{"line":43,"column":21},"end":{"line":46,"column":9}},"11":{"start":{"line":43,"column":40},"end":{"line":46,"column":8}},"12":{"start":{"line":48,"column":6},"end":{"line":48,"column":23}},"13":{"start":{"line":51,"column":4},"end":{"line":51,"column":51}},"14":{"start":{"line":52,"column":4},"end":{"line":52,"column":61}},"15":{"start":{"line":56,"column":0},"end":{"line":98,"column":3}},"16":{"start":{"line":57,"column":2},"end":{"line":97,"column":3}},"17":{"start":{"line":58,"column":20},"end":{"line":58,"column":44}},"18":{"start":{"line":60,"column":4},"end":{"line":62,"column":5}},"19":{"start":{"line":61,"column":6},"end":{"line":61,"column":65}},"20":{"start":{"line":64,"column":15},"end":{"line":64,"column":31}},"21":{"start":{"line":66,"column":18},"end":{"line":75,"column":6}},"22":{"start":{"line":77,"column":4},"end":{"line":93,"column":7}},"23":{"start":{"line":78,"column":6},"end":{"line":81,"column":7}},"24":{"start":{"line":79,"column":8},"end":{"line":79,"column":46}},"25":{"start":{"line":80,"column":8},"end":{"line":80,"column":72}},"26":{"start":{"line":83,"column":6},"end":{"line":85,"column":7}},"27":{"start":{"line":84,"column":8},"end":{"line":84,"column":66}},"28":{"start":{"line":87,"column":20},"end":{"line":90,"column":8}},"29":{"start":{"line":92,"column":6},"end":{"line":92,"column":22}},"30":{"start":{"line":95,"column":4},"end":{"line":95,"column":50}},"31":{"start":{"line":96,"column":4},"end":{"line":96,"column":61}},"32":{"start":{"line":100,"column":0},"end":{"line":145,"column":3}},"33":{"start":{"line":101,"column":2},"end":{"line":144,"column":3}},"34":{"start":{"line":102,"column":19},"end":{"line":102,"column":40}},"35":{"start":{"line":103,"column":4},"end":{"line":105,"column":5}},"36":{"start":{"line":104,"column":6},"end":{"line":104,"column":62}},"37":{"start":{"line":107,"column":42},"end":{"line":107,"column":50}},"38":{"start":{"line":108,"column":15},"end":{"line":108,"column":31}},"39":{"start":{"line":110,"column":18},"end":{"line":113,"column":6}},"40":{"start":{"line":115,"column":4},"end":{"line":140,"column":6}},"41":{"start":{"line":130,"column":8},"end":{"line":133,"column":9}},"42":{"start":{"line":131,"column":10},"end":{"line":131,"column":48}},"43":{"start":{"line":132,"column":10},"end":{"line":132,"column":75}},"44":{"start":{"line":135,"column":8},"end":{"line":138,"column":11}},"45":{"start":{"line":142,"column":4},"end":{"line":142,"column":50}},"46":{"start":{"line":143,"column":4},"end":{"line":143,"column":61}},"47":{"start":{"line":147,"column":0},"end":{"line":196,"column":3}},"48":{"start":{"line":148,"column":2},"end":{"line":195,"column":3}},"49":{"start":{"line":149,"column":19},"end":{"line":149,"column":40}},"50":{"start":{"line":150,"column":4},"end":{"line":152,"column":5}},"51":{"start":{"line":151,"column":6},"end":{"line":151,"column":62}},"52":{"start":{"line":154,"column":20},"end":{"line":154,"column":44}},"53":{"start":{"line":155,"column":42},"end":{"line":155,"column":50}},"54":{"start":{"line":156,"column":15},"end":{"line":156,"column":31}},"55":{"start":{"line":158,"column":18},"end":{"line":163,"column":6}},"56":{"start":{"line":165,"column":4},"end":{"line":191,"column":6}},"57":{"start":{"line":180,"column":8},"end":{"line":183,"column":9}},"58":{"start":{"line":181,"column":10},"end":{"line":181,"column":48}},"59":{"start":{"line":182,"column":10},"end":{"line":182,"column":75}},"60":{"start":{"line":185,"column":8},"end":{"line":187,"column":9}},"61":{"start":{"line":186,"column":10},"end":{"line":186,"column":68}},"62":{"start":{"line":189,"column":8},"end":{"line":189,"column":60}},"63":{"start":{"line":193,"column":4},"end":{"line":193,"column":50}},"64":{"start":{"line":194,"column":4},"end":{"line":194,"column":61}},"65":{"start":{"line":198,"column":0},"end":{"line":219,"column":3}},"66":{"start":{"line":199,"column":2},"end":{"line":218,"column":3}},"67":{"start":{"line":200,"column":20},"end":{"line":200,"column":44}},"68":{"start":{"line":201,"column":15},"end":{"line":201,"column":31}},"69":{"start":{"line":203,"column":4},"end":{"line":214,"column":7}},"70":{"start":{"line":204,"column":6},"end":{"line":207,"column":7}},"71":{"start":{"line":205,"column":8},"end":{"line":205,"column":46}},"72":{"start":{"line":206,"column":8},"end":{"line":206,"column":73}},"73":{"start":{"line":209,"column":6},"end":{"line":211,"column":7}},"74":{"start":{"line":210,"column":8},"end":{"line":210,"column":66}},"75":{"start":{"line":213,"column":6},"end":{"line":213,"column":58}},"76":{"start":{"line":216,"column":4},"end":{"line":216,"column":50}},"77":{"start":{"line":217,"column":4},"end":{"line":217,"column":61}}},"fnMap":{"0":{"name":"(anonymous_0)","decl":{"start":{"line":21,"column":16},"end":{"line":21,"column":21}},"loc":{"start":{"line":21,"column":70},"end":{"line":54,"column":1}}},"1":{"name":"(anonymous_1)","decl":{"start":{"line":37,"column":22},"end":{"line":37,"column":23}},"loc":{"start":{"line":37,"column":66},"end":{"line":49,"column":5}}},"2":{"name":"(anonymous_2)","decl":{"start":{"line":43,"column":30},"end":{"line":43,"column":35}},"loc":{"start":{"line":43,"column":40},"end":{"line":46,"column":8}}},"3":{"name":"(anonymous_3)","decl":{"start":{"line":56,"column":19},"end":{"line":56,"column":24}},"loc":{"start":{"line":56,"column":73},"end":{"line":98,"column":1}}},"4":{"name":"(anonymous_4)","decl":{"start":{"line":77,"column":29},"end":{"line":77,"column":30}},"loc":{"start":{"line":77,"column":70},"end":{"line":93,"column":5}}},"5":{"name":"(anonymous_5)","decl":{"start":{"line":100,"column":65},"end":{"line":100,"column":70}},"loc":{"start":{"line":100,"column":124},"end":{"line":145,"column":1}}},"6":{"name":"(anonymous_6)","decl":{"start":{"line":129,"column":6},"end":{"line":129,"column":15}},"loc":{"start":{"line":129,"column":23},"end":{"line":139,"column":7}}},"7":{"name":"(anonymous_7)","decl":{"start":{"line":147,"column":67},"end":{"line":147,"column":72}},"loc":{"start":{"line":147,"column":126},"end":{"line":196,"column":1}}},"8":{"name":"(anonymous_8)","decl":{"start":{"line":179,"column":6},"end":{"line":179,"column":15}},"loc":{"start":{"line":179,"column":23},"end":{"line":190,"column":7}}},"9":{"name":"(anonymous_9)","decl":{"start":{"line":198,"column":55},"end":{"line":198,"column":60}},"loc":{"start":{"line":198,"column":114},"end":{"line":219,"column":1}}},"10":{"name":"(anonymous_10)","decl":{"start":{"line":203,"column":57},"end":{"line":203,"column":66}},"loc":{"start":{"line":203,"column":74},"end":{"line":214,"column":5}}}},"branchMap":{"0":{"loc":{"start":{"line":38,"column":6},"end":{"line":41,"column":7}},"type":"if","locations":[{"start":{"line":38,"column":6},"end":{"line":41,"column":7}},{"start":{},"end":{}}]},"1":{"loc":{"start":{"line":60,"column":4},"end":{"line":62,"column":5}},"type":"if","locations":[{"start":{"line":60,"column":4},"end":{"line":62,"column":5}},{"start":{},"end":{}}]},"2":{"loc":{"start":{"line":78,"column":6},"end":{"line":81,"column":7}},"type":"if","locations":[{"start":{"line":78,"column":6},"end":{"line":81,"column":7}},{"start":{},"end":{}}]},"3":{"loc":{"start":{"line":83,"column":6},"end":{"line":85,"column":7}},"type":"if","locations":[{"start":{"line":83,"column":6},"end":{"line":85,"column":7}},{"start":{},"end":{}}]},"4":{"loc":{"start":{"line":103,"column":4},"end":{"line":105,"column":5}},"type":"if","locations":[{"start":{"line":103,"column":4},"end":{"line":105,"column":5}},{"start":{},"end":{}}]},"5":{"loc":{"start":{"line":130,"column":8},"end":{"line":133,"column":9}},"type":"if","locations":[{"start":{"line":130,"column":8},"end":{"line":133,"column":9}},{"start":{},"end":{}}]},"6":{"loc":{"start":{"line":150,"column":4},"end":{"line":152,"column":5}},"type":"if","locations":[{"start":{"line":150,"column":4},"end":{"line":152,"column":5}},{"start":{},"end":{}}]},"7":{"loc":{"start":{"line":180,"column":8},"end":{"line":183,"column":9}},"type":"if","locations":[{"start":{"line":180,"column":8},"end":{"line":183,"column":9}},{"start":{},"end":{}}]},"8":{"loc":{"start":{"line":185,"column":8},"end":{"line":187,"column":9}},"type":"if","locations":[{"start":{"line":185,"column":8},"end":{"line":187,"column":9}},{"start":{},"end":{}}]},"9":{"loc":{"start":{"line":204,"column":6},"end":{"line":207,"column":7}},"type":"if","locations":[{"start":{"line":204,"column":6},"end":{"line":207,"column":7}},{"start":{},"end":{}}]},"10":{"loc":{"start":{"line":209,"column":6},"end":{"line":211,"column":7}},"type":"if","locations":[{"start":{"line":209,"column":6},"end":{"line":211,"column":7}},{"start":{},"end":{}}]}},"s":{"0":4,"1":4,"2":4,"3":5,"4":5,"5":5,"6":5,"7":5,"8":0,"9":0,"10":5,"11":5,"12":5,"13":0,"14":0,"15":4,"16":10,"17":10,"18":10,"19":1,"20":9,"21":9,"22":9,"23":9,"24":0,"25":0,"26":9,"27":2,"28":7,"29":7,"30":0,"31":0,"32":4,"33":33,"34":33,"35":33,"36":2,"37":31,"38":31,"39":31,"40":31,"41":31,"42":0,"43":0,"44":31,"45":0,"46":0,"47":4,"48":4,"49":4,"50":4,"51":1,"52":3,"53":3,"54":3,"55":3,"56":3,"57":3,"58":0,"59":0,"60":3,"61":1,"62":2,"63":0,"64":0,"65":4,"66":2,"67":2,"68":2,"69":2,"70":2,"71":0,"72":0,"73":2,"74":1,"75":1,"76":0,"77":0},"f":{"0":5,"1":5,"2":5,"3":10,"4":9,"5":33,"6":31,"7":4,"8":3,"9":2,"10":2},"b":{"0":[0,5],"1":[1,9],"2":[0,9],"3":[2,7],"4":[2,31],"5":[0,31],"6":[1,3],"7":[0,3],"8":[1,2],"9":[0,2],"10":[1,1]}}
,"/Users/simonshine/Projects/nursery/claudify/server/src/utils/auth.ts": {"path":"/Users/simonshine/Projects/nursery/claudify/server/src/utils/auth.ts","statementMap":{"0":{"start":{"line":5,"column":19},"end":{"line":5,"column":71}},"1":{"start":{"line":7,"column":28},"end":{"line":10,"column":1}},"2":{"start":{"line":8,"column":21},"end":{"line":8,"column":23}},"3":{"start":{"line":9,"column":2},"end":{"line":9,"column":49}},"4":{"start":{"line":12,"column":31},"end":{"line":14,"column":1}},"5":{"start":{"line":13,"column":2},"end":{"line":13,"column":46}},"6":{"start":{"line":16,"column":29},"end":{"line":27,"column":1}},"7":{"start":{"line":17,"column":2},"end":{"line":26,"column":4}},"8":{"start":{"line":29,"column":27},"end":{"line":35,"column":1}},"9":{"start":{"line":30,"column":2},"end":{"line":34,"column":3}},"10":{"start":{"line":31,"column":4},"end":{"line":31,"column":41}},"11":{"start":{"line":33,"column":4},"end":{"line":33,"column":37}}},"fnMap":{"0":{"name":"(anonymous_0)","decl":{"start":{"line":7,"column":28},"end":{"line":7,"column":33}},"loc":{"start":{"line":7,"column":72},"end":{"line":10,"column":1}}},"1":{"name":"(anonymous_1)","decl":{"start":{"line":12,"column":31},"end":{"line":12,"column":36}},"loc":{"start":{"line":12,"column":90},"end":{"line":14,"column":1}}},"2":{"name":"(anonymous_2)","decl":{"start":{"line":16,"column":29},"end":{"line":16,"column":30}},"loc":{"start":{"line":16,"column":70},"end":{"line":27,"column":1}}},"3":{"name":"(anonymous_3)","decl":{"start":{"line":29,"column":27},"end":{"line":29,"column":28}},"loc":{"start":{"line":29,"column":50},"end":{"line":35,"column":1}}}},"branchMap":{"0":{"loc":{"start":{"line":5,"column":19},"end":{"line":5,"column":71}},"type":"binary-expr","locations":[{"start":{"line":5,"column":19},"end":{"line":5,"column":41}},{"start":{"line":5,"column":45},"end":{"line":5,"column":71}}]}},"s":{"0":4,"1":4,"2":38,"3":38,"4":4,"5":35,"6":4,"7":72,"8":4,"9":93,"10":93,"11":4},"f":{"0":38,"1":35,"2":72,"3":93},"b":{"0":[4,4]}}
}
