{"/Users/simonshine/Projects/nursery/claudify/server/src/index.ts": {"path":"/Users/simonshine/Projects/nursery/claudify/server/src/index.ts","statementMap":{"0":{"start":{"line":1,"column":0},"end":{"line":1,"column":30}},"1":{"start":{"line":2,"column":0},"end":{"line":2,"column":24}},"2":{"start":{"line":3,"column":0},"end":{"line":3,"column":28}},"3":{"start":{"line":4,"column":0},"end":{"line":4,"column":43}},"4":{"start":{"line":5,"column":0},"end":{"line":5,"column":28}},"5":{"start":{"line":6,"column":0},"end":{"line":6,"column":39}},"6":{"start":{"line":7,"column":0},"end":{"line":7,"column":42}},"7":{"start":{"line":8,"column":0},"end":{"line":8,"column":46}},"8":{"start":{"line":10,"column":0},"end":{"line":10,"column":16}},"9":{"start":{"line":12,"column":25},"end":{"line":48,"column":1}},"10":{"start":{"line":13,"column":14},"end":{"line":13,"column":23}},"11":{"start":{"line":15,"column":18},"end":{"line":19,"column":4}},"12":{"start":{"line":21,"column":2},"end":{"line":21,"column":20}},"13":{"start":{"line":22,"column":2},"end":{"line":25,"column":6}},"14":{"start":{"line":26,"column":2},"end":{"line":26,"column":19}},"15":{"start":{"line":27,"column":2},"end":{"line":27,"column":43}},"16":{"start":{"line":28,"column":2},"end":{"line":28,"column":65}},"17":{"start":{"line":30,"column":2},"end":{"line":30,"column":35}},"18":{"start":{"line":31,"column":2},"end":{"line":31,"column":38}},"19":{"start":{"line":32,"column":2},"end":{"line":32,"column":42}},"20":{"start":{"line":34,"column":2},"end":{"line":36,"column":5}},"21":{"start":{"line":35,"column":4},"end":{"line":35,"column":68}},"22":{"start":{"line":38,"column":2},"end":{"line":40,"column":5}},"23":{"start":{"line":39,"column":4},"end":{"line":39,"column":55}},"24":{"start":{"line":42,"column":2},"end":{"line":45,"column":5}},"25":{"start":{"line":43,"column":4},"end":{"line":43,"column":43}},"26":{"start":{"line":44,"column":4},"end":{"line":44,"column":61}},"27":{"start":{"line":47,"column":2},"end":{"line":47,"column":13}},"28":{"start":{"line":12,"column":13},"end":{"line":12,"column":25}},"29":{"start":{"line":51,"column":12},"end":{"line":51,"column":23}},"30":{"start":{"line":54,"column":0},"end":{"line":60,"column":1}},"31":{"start":{"line":55,"column":15},"end":{"line":55,"column":39}},"32":{"start":{"line":56,"column":2},"end":{"line":59,"column":5}},"33":{"start":{"line":57,"column":4},"end":{"line":57,"column":50}},"34":{"start":{"line":58,"column":4},"end":{"line":58,"column":73}},"35":{"start":{"line":62,"column":0},"end":{"line":62,"column":19}}},"fnMap":{"0":{"name":"(anonymous_1)","decl":{"start":{"line":12,"column":25},"end":{"line":12,"column":28}},"loc":{"start":{"line":12,"column":30},"end":{"line":48,"column":1}}},"1":{"name":"(anonymous_2)","decl":{"start":{"line":34,"column":25},"end":{"line":34,"column":26}},"loc":{"start":{"line":34,"column":38},"end":{"line":36,"column":3}}},"2":{"name":"(anonymous_3)","decl":{"start":{"line":38,"column":10},"end":{"line":38,"column":11}},"loc":{"start":{"line":38,"column":23},"end":{"line":40,"column":3}}},"3":{"name":"(anonymous_4)","decl":{"start":{"line":42,"column":10},"end":{"line":42,"column":11}},"loc":{"start":{"line":42,"column":96},"end":{"line":45,"column":3}}},"4":{"name":"(anonymous_5)","decl":{"start":{"line":56,"column":19},"end":{"line":56,"column":22}},"loc":{"start":{"line":56,"column":24},"end":{"line":59,"column":3}}}},"branchMap":{"0":{"loc":{"start":{"line":23,"column":12},"end":{"line":23,"column":62}},"type":"binary-expr","locations":[{"start":{"line":23,"column":12},"end":{"line":23,"column":35}},{"start":{"line":23,"column":39},"end":{"line":23,"column":62}}]},"1":{"loc":{"start":{"line":54,"column":0},"end":{"line":60,"column":1}},"type":"if","locations":[{"start":{"line":54,"column":0},"end":{"line":60,"column":1}},{"start":{},"end":{}}]},"2":{"loc":{"start":{"line":54,"column":4},"end":{"line":54,"column":62}},"type":"binary-expr","locations":[{"start":{"line":54,"column":4},"end":{"line":54,"column":27}},{"start":{"line":54,"column":31},"end":{"line":54,"column":62}}]},"3":{"loc":{"start":{"line":55,"column":15},"end":{"line":55,"column":39}},"type":"binary-expr","locations":[{"start":{"line":55,"column":15},"end":{"line":55,"column":31}},{"start":{"line":55,"column":35},"end":{"line":55,"column":39}}]},"4":{"loc":{"start":{"line":58,"column":32},"end":{"line":58,"column":69}},"type":"binary-expr","locations":[{"start":{"line":58,"column":32},"end":{"line":58,"column":52}},{"start":{"line":58,"column":56},"end":{"line":58,"column":69}}]}},"s":{"0":4,"1":4,"2":4,"3":4,"4":4,"5":4,"6":4,"7":4,"8":4,"9":4,"10":213,"11":213,"12":213,"13":213,"14":213,"15":213,"16":213,"17":213,"18":213,"19":213,"20":213,"21":13,"22":213,"23":1,"24":213,"25":0,"26":0,"27":213,"28":4,"29":4,"30":4,"31":0,"32":0,"33":0,"34":0,"35":4},"f":{"0":213,"1":13,"2":1,"3":0,"4":0},"b":{"0":[213,0],"1":[0,4],"2":[4,4],"3":[0,0],"4":[0,0]}}
,"/Users/simonshine/Projects/nursery/claudify/server/src/__tests__/helpers.ts": {"path":"/Users/simonshine/Projects/nursery/claudify/server/src/__tests__/helpers.ts","statementMap":{"0":{"start":{"line":1,"column":0},"end":{"line":1,"column":32}},"1":{"start":{"line":2,"column":0},"end":{"line":2,"column":37}},"2":{"start":{"line":3,"column":0},"end":{"line":3,"column":46}},"3":{"start":{"line":7,"column":15},"end":{"line":7,"column":32}},"4":{"start":{"line":7,"column":21},"end":{"line":7,"column":32}},"5":{"start":{"line":41,"column":30},"end":{"line":47,"column":2}},"6":{"start":{"line":41,"column":80},"end":{"line":47,"column":2}},"7":{"start":{"line":41,"column":13},"end":{"line":41,"column":30}},"8":{"start":{"line":49,"column":31},"end":{"line":55,"column":2}},"9":{"start":{"line":49,"column":81},"end":{"line":55,"column":2}},"10":{"start":{"line":49,"column":13},"end":{"line":49,"column":31}},"11":{"start":{"line":57,"column":31},"end":{"line":67,"column":2}},"12":{"start":{"line":57,"column":83},"end":{"line":67,"column":2}},"13":{"start":{"line":57,"column":13},"end":{"line":57,"column":31}},"14":{"start":{"line":69,"column":33},"end":{"line":75,"column":2}},"15":{"start":{"line":69,"column":89},"end":{"line":75,"column":2}},"16":{"start":{"line":69,"column":13},"end":{"line":69,"column":33}},"17":{"start":{"line":78,"column":28},"end":{"line":95,"column":1}},"18":{"start":{"line":79,"column":14},"end":{"line":79,"column":22}},"19":{"start":{"line":80,"column":19},"end":{"line":86,"column":6}},"20":{"start":{"line":88,"column":2},"end":{"line":88,"column":36}},"21":{"start":{"line":89,"column":2},"end":{"line":89,"column":44}},"22":{"start":{"line":91,"column":2},"end":{"line":94,"column":4}},"23":{"start":{"line":78,"column":13},"end":{"line":78,"column":28}},"24":{"start":{"line":97,"column":25},"end":{"line":110,"column":1}},"25":{"start":{"line":98,"column":14},"end":{"line":98,"column":22}},"26":{"start":{"line":99,"column":19},"end":{"line":101,"column":30}},"27":{"start":{"line":103,"column":2},"end":{"line":103,"column":36}},"28":{"start":{"line":104,"column":2},"end":{"line":104,"column":44}},"29":{"start":{"line":106,"column":2},"end":{"line":109,"column":4}},"30":{"start":{"line":97,"column":13},"end":{"line":97,"column":25}},"31":{"start":{"line":113,"column":30},"end":{"line":115,"column":1}},"32":{"start":{"line":114,"column":2},"end":{"line":114,"column":32}},"33":{"start":{"line":113,"column":13},"end":{"line":113,"column":30}},"34":{"start":{"line":117,"column":31},"end":{"line":150,"column":1}},"35":{"start":{"line":118,"column":13},"end":{"line":118,"column":29}},"36":{"start":{"line":121,"column":2},"end":{"line":149,"column":5}},"37":{"start":{"line":122,"column":22},"end":{"line":122,"column":39}},"38":{"start":{"line":123,"column":19},"end":{"line":123,"column":38}},"39":{"start":{"line":125,"column":4},"end":{"line":148,"column":7}},"40":{"start":{"line":126,"column":6},"end":{"line":129,"column":7}},"41":{"start":{"line":127,"column":8},"end":{"line":127,"column":20}},"42":{"start":{"line":128,"column":8},"end":{"line":128,"column":15}},"43":{"start":{"line":131,"column":6},"end":{"line":147,"column":8}},"44":{"start":{"line":135,"column":10},"end":{"line":138,"column":11}},"45":{"start":{"line":136,"column":12},"end":{"line":136,"column":24}},"46":{"start":{"line":137,"column":12},"end":{"line":137,"column":19}},"47":{"start":{"line":140,"column":10},"end":{"line":145,"column":11}},"48":{"start":{"line":141,"column":36},"end":{"line":141,"column":88}},"49":{"start":{"line":142,"column":12},"end":{"line":142,"column":37}},"50":{"start":{"line":144,"column":12},"end":{"line":144,"column":31}},"51":{"start":{"line":117,"column":13},"end":{"line":117,"column":31}},"52":{"start":{"line":152,"column":31},"end":{"line":165,"column":1}},"53":{"start":{"line":153,"column":14},"end":{"line":153,"column":22}},"54":{"start":{"line":154,"column":19},"end":{"line":157,"column":20}},"55":{"start":{"line":159,"column":2},"end":{"line":159,"column":36}},"56":{"start":{"line":161,"column":2},"end":{"line":164,"column":4}},"57":{"start":{"line":152,"column":13},"end":{"line":152,"column":31}},"58":{"start":{"line":167,"column":33},"end":{"line":180,"column":1}},"59":{"start":{"line":168,"column":14},"end":{"line":168,"column":22}},"60":{"start":{"line":169,"column":19},"end":{"line":172,"column":22}},"61":{"start":{"line":174,"column":2},"end":{"line":174,"column":36}},"62":{"start":{"line":176,"column":2},"end":{"line":179,"column":4}},"63":{"start":{"line":167,"column":13},"end":{"line":167,"column":33}},"64":{"start":{"line":183,"column":27},"end":{"line":189,"column":1}},"65":{"start":{"line":184,"column":2},"end":{"line":184,"column":39}},"66":{"start":{"line":185,"column":2},"end":{"line":185,"column":44}},"67":{"start":{"line":186,"column":2},"end":{"line":188,"column":3}},"68":{"start":{"line":187,"column":4},"end":{"line":187,"column":56}},"69":{"start":{"line":183,"column":13},"end":{"line":183,"column":27}},"70":{"start":{"line":191,"column":37},"end":{"line":198,"column":1}},"71":{"start":{"line":192,"column":2},"end":{"line":192,"column":36}},"72":{"start":{"line":193,"column":2},"end":{"line":193,"column":45}},"73":{"start":{"line":194,"column":2},"end":{"line":194,"column":57}},"74":{"start":{"line":195,"column":2},"end":{"line":197,"column":3}},"75":{"start":{"line":196,"column":4},"end":{"line":196,"column":87}},"76":{"start":{"line":196,"column":53},"end":{"line":196,"column":73}},"77":{"start":{"line":191,"column":13},"end":{"line":191,"column":37}},"78":{"start":{"line":200,"column":37},"end":{"line":203,"column":1}},"79":{"start":{"line":201,"column":2},"end":{"line":201,"column":39}},"80":{"start":{"line":202,"column":2},"end":{"line":202,"column":46}},"81":{"start":{"line":200,"column":13},"end":{"line":200,"column":37}}},"fnMap":{"0":{"name":"(anonymous_1)","decl":{"start":{"line":7,"column":15},"end":{"line":7,"column":18}},"loc":{"start":{"line":7,"column":21},"end":{"line":7,"column":32}}},"1":{"name":"(anonymous_2)","decl":{"start":{"line":41,"column":30},"end":{"line":41,"column":31}},"loc":{"start":{"line":41,"column":80},"end":{"line":47,"column":2}}},"2":{"name":"(anonymous_3)","decl":{"start":{"line":49,"column":31},"end":{"line":49,"column":32}},"loc":{"start":{"line":49,"column":81},"end":{"line":55,"column":2}}},"3":{"name":"(anonymous_4)","decl":{"start":{"line":57,"column":31},"end":{"line":57,"column":32}},"loc":{"start":{"line":57,"column":83},"end":{"line":67,"column":2}}},"4":{"name":"(anonymous_5)","decl":{"start":{"line":69,"column":33},"end":{"line":69,"column":34}},"loc":{"start":{"line":69,"column":89},"end":{"line":75,"column":2}}},"5":{"name":"(anonymous_6)","decl":{"start":{"line":78,"column":28},"end":{"line":78,"column":33}},"loc":{"start":{"line":78,"column":96},"end":{"line":95,"column":1}}},"6":{"name":"(anonymous_7)","decl":{"start":{"line":97,"column":25},"end":{"line":97,"column":30}},"loc":{"start":{"line":97,"column":106},"end":{"line":110,"column":1}}},"7":{"name":"(anonymous_8)","decl":{"start":{"line":113,"column":30},"end":{"line":113,"column":35}},"loc":{"start":{"line":113,"column":98},"end":{"line":115,"column":1}}},"8":{"name":"(anonymous_9)","decl":{"start":{"line":117,"column":31},"end":{"line":117,"column":36}},"loc":{"start":{"line":117,"column":81},"end":{"line":150,"column":1}}},"9":{"name":"(anonymous_10)","decl":{"start":{"line":121,"column":21},"end":{"line":121,"column":22}},"loc":{"start":{"line":121,"column":41},"end":{"line":149,"column":3}}},"10":{"name":"(anonymous_11)","decl":{"start":{"line":125,"column":40},"end":{"line":125,"column":41}},"loc":{"start":{"line":125,"column":77},"end":{"line":148,"column":5}}},"11":{"name":"(anonymous_12)","decl":{"start":{"line":134,"column":8},"end":{"line":134,"column":13}},"loc":{"start":{"line":134,"column":31},"end":{"line":146,"column":9}}},"12":{"name":"(anonymous_13)","decl":{"start":{"line":152,"column":31},"end":{"line":152,"column":36}},"loc":{"start":{"line":152,"column":96},"end":{"line":165,"column":1}}},"13":{"name":"(anonymous_14)","decl":{"start":{"line":167,"column":33},"end":{"line":167,"column":38}},"loc":{"start":{"line":167,"column":101},"end":{"line":180,"column":1}}},"14":{"name":"(anonymous_15)","decl":{"start":{"line":183,"column":27},"end":{"line":183,"column":28}},"loc":{"start":{"line":183,"column":84},"end":{"line":189,"column":1}}},"15":{"name":"(anonymous_16)","decl":{"start":{"line":191,"column":37},"end":{"line":191,"column":38}},"loc":{"start":{"line":191,"column":71},"end":{"line":198,"column":1}}},"16":{"name":"(anonymous_17)","decl":{"start":{"line":196,"column":37},"end":{"line":196,"column":38}},"loc":{"start":{"line":196,"column":53},"end":{"line":196,"column":73}}},"17":{"name":"(anonymous_18)","decl":{"start":{"line":200,"column":37},"end":{"line":200,"column":38}},"loc":{"start":{"line":200,"column":77},"end":{"line":203,"column":1}}}},"branchMap":{"0":{"loc":{"start":{"line":41,"column":31},"end":{"line":41,"column":64}},"type":"default-arg","locations":[{"start":{"line":41,"column":62},"end":{"line":41,"column":64}}]},"1":{"loc":{"start":{"line":49,"column":32},"end":{"line":49,"column":65}},"type":"default-arg","locations":[{"start":{"line":49,"column":63},"end":{"line":49,"column":65}}]},"2":{"loc":{"start":{"line":57,"column":32},"end":{"line":57,"column":66}},"type":"default-arg","locations":[{"start":{"line":57,"column":64},"end":{"line":57,"column":66}}]},"3":{"loc":{"start":{"line":69,"column":34},"end":{"line":69,"column":70}},"type":"default-arg","locations":[{"start":{"line":69,"column":68},"end":{"line":69,"column":70}}]},"4":{"loc":{"start":{"line":126,"column":6},"end":{"line":129,"column":7}},"type":"if","locations":[{"start":{"line":126,"column":6},"end":{"line":129,"column":7}},{"start":{},"end":{}}]},"5":{"loc":{"start":{"line":135,"column":10},"end":{"line":138,"column":11}},"type":"if","locations":[{"start":{"line":135,"column":10},"end":{"line":138,"column":11}},{"start":{},"end":{}}]},"6":{"loc":{"start":{"line":186,"column":2},"end":{"line":188,"column":3}},"type":"if","locations":[{"start":{"line":186,"column":2},"end":{"line":188,"column":3}},{"start":{},"end":{}}]},"7":{"loc":{"start":{"line":195,"column":2},"end":{"line":197,"column":3}},"type":"if","locations":[{"start":{"line":195,"column":2},"end":{"line":197,"column":3}},{"start":{},"end":{}}]},"8":{"loc":{"start":{"line":200,"column":53},"end":{"line":200,"column":73}},"type":"default-arg","locations":[{"start":{"line":200,"column":70},"end":{"line":200,"column":73}}]}},"s":{"0":4,"1":4,"2":4,"3":4,"4":107,"5":4,"6":41,"7":4,"8":4,"9":33,"10":4,"11":4,"12":37,"13":4,"14":4,"15":18,"16":4,"17":4,"18":37,"19":37,"20":37,"21":37,"22":37,"23":4,"24":4,"25":33,"26":33,"27":33,"28":33,"29":33,"30":4,"31":4,"32":31,"33":4,"34":4,"35":33,"36":33,"37":33,"38":33,"39":33,"40":33,"41":0,"42":0,"43":33,"44":33,"45":0,"46":0,"47":33,"48":33,"49":33,"50":0,"51":4,"52":4,"53":27,"54":27,"55":27,"56":27,"57":4,"58":4,"59":10,"60":10,"61":10,"62":10,"63":4,"64":4,"65":30,"66":30,"67":30,"68":19,"69":4,"70":4,"71":11,"72":11,"73":11,"74":11,"75":5,"76":5,"77":4,"78":4,"79":45,"80":45,"81":4},"f":{"0":107,"1":41,"2":33,"3":37,"4":18,"5":37,"6":33,"7":31,"8":33,"9":33,"10":33,"11":33,"12":27,"13":10,"14":30,"15":11,"16":5,"17":45},"b":{"0":[28],"1":[33],"2":[24],"3":[1],"4":[0,33],"5":[0,33],"6":[19,11],"7":[5,6],"8":[40]}}
,"/Users/simonshine/Projects/nursery/claudify/server/src/__tests__/test-server.ts": {"path":"/Users/simonshine/Projects/nursery/claudify/server/src/__tests__/test-server.ts","statementMap":{"0":{"start":{"line":1,"column":0},"end":{"line":1,"column":37}},"1":{"start":{"line":5,"column":32},"end":{"line":5,"column":36}},"2":{"start":{"line":6,"column":30},"end":{"line":6,"column":34}},"3":{"start":{"line":8,"column":31},"end":{"line":24,"column":1}},"4":{"start":{"line":9,"column":2},"end":{"line":23,"column":5}},"5":{"start":{"line":10,"column":16},"end":{"line":10,"column":27}},"6":{"start":{"line":13,"column":4},"end":{"line":18,"column":7}},"7":{"start":{"line":14,"column":22},"end":{"line":14,"column":58}},"8":{"start":{"line":15,"column":6},"end":{"line":15,"column":30}},"9":{"start":{"line":16,"column":6},"end":{"line":16,"column":61}},"10":{"start":{"line":17,"column":6},"end":{"line":17,"column":55}},"11":{"start":{"line":20,"column":4},"end":{"line":22,"column":7}},"12":{"start":{"line":21,"column":6},"end":{"line":21,"column":18}},"13":{"start":{"line":8,"column":13},"end":{"line":8,"column":31}},"14":{"start":{"line":26,"column":30},"end":{"line":39,"column":1}},"15":{"start":{"line":27,"column":2},"end":{"line":38,"column":5}},"16":{"start":{"line":28,"column":4},"end":{"line":37,"column":5}},"17":{"start":{"line":29,"column":6},"end":{"line":34,"column":9}},"18":{"start":{"line":30,"column":8},"end":{"line":30,"column":43}},"19":{"start":{"line":31,"column":8},"end":{"line":31,"column":26}},"20":{"start":{"line":32,"column":8},"end":{"line":32,"column":24}},"21":{"start":{"line":33,"column":8},"end":{"line":33,"column":18}},"22":{"start":{"line":36,"column":6},"end":{"line":36,"column":16}},"23":{"start":{"line":26,"column":13},"end":{"line":26,"column":30}},"24":{"start":{"line":41,"column":27},"end":{"line":43,"column":1}},"25":{"start":{"line":42,"column":2},"end":{"line":42,"column":18}},"26":{"start":{"line":41,"column":13},"end":{"line":41,"column":27}},"27":{"start":{"line":45,"column":29},"end":{"line":47,"column":1}},"28":{"start":{"line":46,"column":2},"end":{"line":46,"column":20}},"29":{"start":{"line":45,"column":13},"end":{"line":45,"column":29}}},"fnMap":{"0":{"name":"(anonymous_0)","decl":{"start":{"line":8,"column":31},"end":{"line":8,"column":36}},"loc":{"start":{"line":8,"column":85},"end":{"line":24,"column":1}}},"1":{"name":"(anonymous_1)","decl":{"start":{"line":9,"column":21},"end":{"line":9,"column":22}},"loc":{"start":{"line":9,"column":41},"end":{"line":23,"column":3}}},"2":{"name":"(anonymous_2)","decl":{"start":{"line":13,"column":31},"end":{"line":13,"column":34}},"loc":{"start":{"line":13,"column":36},"end":{"line":18,"column":5}}},"3":{"name":"(anonymous_3)","decl":{"start":{"line":20,"column":27},"end":{"line":20,"column":28}},"loc":{"start":{"line":20,"column":35},"end":{"line":22,"column":5}}},"4":{"name":"(anonymous_4)","decl":{"start":{"line":26,"column":30},"end":{"line":26,"column":35}},"loc":{"start":{"line":26,"column":56},"end":{"line":39,"column":1}}},"5":{"name":"(anonymous_5)","decl":{"start":{"line":27,"column":21},"end":{"line":27,"column":22}},"loc":{"start":{"line":27,"column":33},"end":{"line":38,"column":3}}},"6":{"name":"(anonymous_6)","decl":{"start":{"line":29,"column":23},"end":{"line":29,"column":26}},"loc":{"start":{"line":29,"column":28},"end":{"line":34,"column":7}}},"7":{"name":"(anonymous_7)","decl":{"start":{"line":41,"column":27},"end":{"line":41,"column":45}},"loc":{"start":{"line":41,"column":47},"end":{"line":43,"column":1}}},"8":{"name":"(anonymous_8)","decl":{"start":{"line":45,"column":29},"end":{"line":45,"column":47}},"loc":{"start":{"line":45,"column":49},"end":{"line":47,"column":1}}}},"branchMap":{"0":{"loc":{"start":{"line":28,"column":4},"end":{"line":37,"column":5}},"type":"if","locations":[{"start":{"line":28,"column":4},"end":{"line":37,"column":5}},{"start":{"line":35,"column":11},"end":{"line":37,"column":5}}]}},"s":{"0":4,"1":4,"2":4,"3":4,"4":0,"5":0,"6":0,"7":0,"8":0,"9":0,"10":0,"11":0,"12":0,"13":4,"14":4,"15":4,"16":4,"17":0,"18":0,"19":0,"20":0,"21":0,"22":4,"23":4,"24":4,"25":0,"26":4,"27":4,"28":0,"29":4},"f":{"0":0,"1":0,"2":0,"3":0,"4":4,"5":4,"6":0,"7":0,"8":0},"b":{"0":[0,4]}}
,"/Users/simonshine/Projects/nursery/claudify/server/src/middleware/auth.ts": {"path":"/Users/simonshine/Projects/nursery/claudify/server/src/middleware/auth.ts","statementMap":{"0":{"start":{"line":2,"column":0},"end":{"line":2,"column":44}},"1":{"start":{"line":13,"column":33},"end":{"line":33,"column":1}},"2":{"start":{"line":18,"column":21},"end":{"line":18,"column":46}},"3":{"start":{"line":19,"column":16},"end":{"line":19,"column":54}},"4":{"start":{"line":21,"column":2},"end":{"line":24,"column":3}},"5":{"start":{"line":22,"column":4},"end":{"line":22,"column":61}},"6":{"start":{"line":23,"column":4},"end":{"line":23,"column":11}},"7":{"start":{"line":26,"column":2},"end":{"line":32,"column":3}},"8":{"start":{"line":27,"column":20},"end":{"line":27,"column":38}},"9":{"start":{"line":28,"column":4},"end":{"line":28,"column":23}},"10":{"start":{"line":29,"column":4},"end":{"line":29,"column":11}},"11":{"start":{"line":31,"column":4},"end":{"line":31,"column":64}},"12":{"start":{"line":13,"column":13},"end":{"line":13,"column":33}},"13":{"start":{"line":35,"column":28},"end":{"line":45,"column":1}},"14":{"start":{"line":40,"column":2},"end":{"line":43,"column":3}},"15":{"start":{"line":41,"column":4},"end":{"line":41,"column":61}},"16":{"start":{"line":42,"column":4},"end":{"line":42,"column":11}},"17":{"start":{"line":44,"column":2},"end":{"line":44,"column":9}},"18":{"start":{"line":35,"column":13},"end":{"line":35,"column":28}}},"fnMap":{"0":{"name":"(anonymous_0)","decl":{"start":{"line":13,"column":33},"end":{"line":13,"column":null}},"loc":{"start":{"line":17,"column":10},"end":{"line":33,"column":1}}},"1":{"name":"(anonymous_1)","decl":{"start":{"line":35,"column":28},"end":{"line":35,"column":null}},"loc":{"start":{"line":39,"column":10},"end":{"line":45,"column":1}}}},"branchMap":{"0":{"loc":{"start":{"line":19,"column":16},"end":{"line":19,"column":54}},"type":"binary-expr","locations":[{"start":{"line":19,"column":16},"end":{"line":19,"column":26}},{"start":{"line":19,"column":30},"end":{"line":19,"column":54}}]},"1":{"loc":{"start":{"line":21,"column":2},"end":{"line":24,"column":3}},"type":"if","locations":[{"start":{"line":21,"column":2},"end":{"line":24,"column":3}},{"start":{},"end":{}}]},"2":{"loc":{"start":{"line":40,"column":2},"end":{"line":43,"column":3}},"type":"if","locations":[{"start":{"line":40,"column":2},"end":{"line":43,"column":3}},{"start":{},"end":{}}]},"3":{"loc":{"start":{"line":40,"column":6},"end":{"line":40,"column":44}},"type":"binary-expr","locations":[{"start":{"line":40,"column":6},"end":{"line":40,"column":15}},{"start":{"line":40,"column":19},"end":{"line":40,"column":44}}]}},"s":{"0":4,"1":4,"2":99,"3":99,"4":99,"5":6,"6":6,"7":93,"8":93,"9":89,"10":89,"11":4,"12":4,"13":4,"14":42,"15":3,"16":3,"17":39,"18":4},"f":{"0":99,"1":42},"b":{"0":[99,93],"1":[6,93],"2":[3,39],"3":[42,42]}}
,"/Users/simonshine/Projects/nursery/claudify/server/src/models/database.ts": {"path":"/Users/simonshine/Projects/nursery/claudify/server/src/models/database.ts","statementMap":{"0":{"start":{"line":1,"column":0},"end":{"line":1,"column":30}},"1":{"start":{"line":2,"column":0},"end":{"line":2,"column":24}},"2":{"start":{"line":4,"column":22},"end":{"line":4,"column":95}},"3":{"start":{"line":10,"column":4},"end":{"line":17,"column":7}},"4":{"start":{"line":11,"column":6},"end":{"line":16,"column":7}},"5":{"start":{"line":12,"column":8},"end":{"line":12,"column":54}},"6":{"start":{"line":14,"column":8},"end":{"line":14,"column":52}},"7":{"start":{"line":15,"column":8},"end":{"line":15,"column":32}},"8":{"start":{"line":21,"column":29},"end":{"line":30,"column":6}},"9":{"start":{"line":32,"column":30},"end":{"line":48,"column":6}},"10":{"start":{"line":50,"column":32},"end":{"line":64,"column":6}},"11":{"start":{"line":66,"column":4},"end":{"line":66,"column":35}},"12":{"start":{"line":67,"column":4},"end":{"line":67,"column":36}},"13":{"start":{"line":68,"column":4},"end":{"line":68,"column":38}},"14":{"start":{"line":72,"column":4},"end":{"line":72,"column":19}},"15":{"start":{"line":76,"column":4},"end":{"line":82,"column":7}},"16":{"start":{"line":77,"column":6},"end":{"line":81,"column":7}},"17":{"start":{"line":78,"column":8},"end":{"line":78,"column":54}},"18":{"start":{"line":80,"column":8},"end":{"line":80,"column":50}},"19":{"start":{"line":6,"column":0},"end":{"line":6,"column":13}},"20":{"start":{"line":86,"column":13},"end":{"line":86,"column":39}}},"fnMap":{"0":{"name":"(anonymous_1)","decl":{"start":{"line":9,"column":2},"end":{"line":9,"column":null}},"loc":{"start":{"line":9,"column":2},"end":{"line":18,"column":3}}},"1":{"name":"(anonymous_2)","decl":{"start":{"line":10,"column":50},"end":{"line":10,"column":51}},"loc":{"start":{"line":10,"column":58},"end":{"line":17,"column":5}}},"2":{"name":"(anonymous_3)","decl":{"start":{"line":20,"column":10},"end":{"line":20,"column":26}},"loc":{"start":{"line":20,"column":26},"end":{"line":69,"column":3}}},"3":{"name":"(anonymous_4)","decl":{"start":{"line":71,"column":9},"end":{"line":71,"column":14}},"loc":{"start":{"line":71,"column":14},"end":{"line":73,"column":3}}},"4":{"name":"(anonymous_5)","decl":{"start":{"line":75,"column":9},"end":{"line":75,"column":14}},"loc":{"start":{"line":75,"column":14},"end":{"line":83,"column":3}}},"5":{"name":"(anonymous_6)","decl":{"start":{"line":76,"column":18},"end":{"line":76,"column":19}},"loc":{"start":{"line":76,"column":26},"end":{"line":82,"column":5}}}},"branchMap":{"0":{"loc":{"start":{"line":4,"column":22},"end":{"line":4,"column":95}},"type":"binary-expr","locations":[{"start":{"line":4,"column":22},"end":{"line":4,"column":46}},{"start":{"line":4,"column":50},"end":{"line":4,"column":95}}]},"1":{"loc":{"start":{"line":11,"column":6},"end":{"line":16,"column":7}},"type":"if","locations":[{"start":{"line":11,"column":6},"end":{"line":16,"column":7}},{"start":{"line":13,"column":13},"end":{"line":16,"column":7}}]},"2":{"loc":{"start":{"line":77,"column":6},"end":{"line":81,"column":7}},"type":"if","locations":[{"start":{"line":77,"column":6},"end":{"line":81,"column":7}},{"start":{"line":79,"column":13},"end":{"line":81,"column":7}}]}},"s":{"0":4,"1":4,"2":4,"3":4,"4":4,"5":0,"6":4,"7":4,"8":4,"9":4,"10":4,"11":4,"12":4,"13":4,"14":204,"15":0,"16":0,"17":0,"18":0,"19":4,"20":4},"f":{"0":4,"1":4,"2":4,"3":204,"4":0,"5":0},"b":{"0":[4,4],"1":[0,4],"2":[0,0]}}
,"/Users/simonshine/Projects/nursery/claudify/server/src/routes/auth.ts": {"path":"/Users/simonshine/Projects/nursery/claudify/server/src/routes/auth.ts","statementMap":{"0":{"start":{"line":1,"column":0},"end":{"line":1,"column":30}},"1":{"start":{"line":2,"column":0},"end":{"line":2,"column":59}},"2":{"start":{"line":3,"column":0},"end":{"line":3,"column":46}},"3":{"start":{"line":5,"column":0},"end":{"line":5,"column":77}},"4":{"start":{"line":6,"column":0},"end":{"line":6,"column":77}},"5":{"start":{"line":8,"column":15},"end":{"line":8,"column":31}},"6":{"start":{"line":10,"column":25},"end":{"line":14,"column":2}},"7":{"start":{"line":16,"column":22},"end":{"line":19,"column":2}},"8":{"start":{"line":21,"column":0},"end":{"line":80,"column":3}},"9":{"start":{"line":22,"column":2},"end":{"line":79,"column":3}},"10":{"start":{"line":23,"column":19},"end":{"line":23,"column":40}},"11":{"start":{"line":24,"column":4},"end":{"line":26,"column":5}},"12":{"start":{"line":25,"column":6},"end":{"line":25,"column":62}},"13":{"start":{"line":28,"column":57},"end":{"line":28,"column":65}},"14":{"start":{"line":29,"column":15},"end":{"line":29,"column":31}},"15":{"start":{"line":31,"column":4},"end":{"line":75,"column":7}},"16":{"start":{"line":32,"column":6},"end":{"line":35,"column":7}},"17":{"start":{"line":33,"column":8},"end":{"line":33,"column":46}},"18":{"start":{"line":34,"column":8},"end":{"line":34,"column":65}},"19":{"start":{"line":37,"column":6},"end":{"line":39,"column":7}},"20":{"start":{"line":38,"column":8},"end":{"line":38,"column":75}},"21":{"start":{"line":41,"column":6},"end":{"line":74,"column":7}},"22":{"start":{"line":42,"column":31},"end":{"line":42,"column":59}},"23":{"start":{"line":44,"column":28},"end":{"line":47,"column":10}},"24":{"start":{"line":49,"column":8},"end":{"line":70,"column":11}},"25":{"start":{"line":50,"column":10},"end":{"line":53,"column":11}},"26":{"start":{"line":51,"column":12},"end":{"line":51,"column":50}},"27":{"start":{"line":52,"column":12},"end":{"line":52,"column":76}},"28":{"start":{"line":55,"column":26},"end":{"line":61,"column":12}},"29":{"start":{"line":63,"column":24},"end":{"line":63,"column":46}},"30":{"start":{"line":65,"column":10},"end":{"line":69,"column":13}},"31":{"start":{"line":72,"column":8},"end":{"line":72,"column":60}},"32":{"start":{"line":73,"column":8},"end":{"line":73,"column":65}},"33":{"start":{"line":77,"column":4},"end":{"line":77,"column":48}},"34":{"start":{"line":78,"column":4},"end":{"line":78,"column":61}},"35":{"start":{"line":82,"column":0},"end":{"line":133,"column":3}},"36":{"start":{"line":83,"column":2},"end":{"line":132,"column":3}},"37":{"start":{"line":84,"column":19},"end":{"line":84,"column":40}},"38":{"start":{"line":85,"column":4},"end":{"line":87,"column":5}},"39":{"start":{"line":86,"column":6},"end":{"line":86,"column":62}},"40":{"start":{"line":89,"column":46},"end":{"line":89,"column":54}},"41":{"start":{"line":90,"column":15},"end":{"line":90,"column":31}},"42":{"start":{"line":92,"column":4},"end":{"line":128,"column":7}},"43":{"start":{"line":93,"column":6},"end":{"line":96,"column":7}},"44":{"start":{"line":94,"column":8},"end":{"line":94,"column":46}},"45":{"start":{"line":95,"column":8},"end":{"line":95,"column":65}},"46":{"start":{"line":98,"column":6},"end":{"line":100,"column":7}},"47":{"start":{"line":99,"column":8},"end":{"line":99,"column":70}},"48":{"start":{"line":102,"column":6},"end":{"line":127,"column":7}},"49":{"start":{"line":103,"column":32},"end":{"line":103,"column":78}},"50":{"start":{"line":105,"column":8},"end":{"line":107,"column":9}},"51":{"start":{"line":106,"column":10},"end":{"line":106,"column":72}},"52":{"start":{"line":109,"column":36},"end":{"line":115,"column":10}},"53":{"start":{"line":117,"column":22},"end":{"line":117,"column":56}},"54":{"start":{"line":119,"column":8},"end":{"line":123,"column":11}},"55":{"start":{"line":125,"column":8},"end":{"line":125,"column":66}},"56":{"start":{"line":126,"column":8},"end":{"line":126,"column":65}},"57":{"start":{"line":130,"column":4},"end":{"line":130,"column":41}},"58":{"start":{"line":131,"column":4},"end":{"line":131,"column":61}},"59":{"start":{"line":135,"column":0},"end":{"line":155,"column":3}},"60":{"start":{"line":136,"column":2},"end":{"line":154,"column":3}},"61":{"start":{"line":137,"column":15},"end":{"line":137,"column":31}},"62":{"start":{"line":139,"column":4},"end":{"line":150,"column":7}},"63":{"start":{"line":140,"column":6},"end":{"line":143,"column":7}},"64":{"start":{"line":141,"column":8},"end":{"line":141,"column":46}},"65":{"start":{"line":142,"column":8},"end":{"line":142,"column":65}},"66":{"start":{"line":145,"column":6},"end":{"line":147,"column":7}},"67":{"start":{"line":146,"column":8},"end":{"line":146,"column":65}},"68":{"start":{"line":149,"column":6},"end":{"line":149,"column":25}},"69":{"start":{"line":152,"column":4},"end":{"line":152,"column":57}},"70":{"start":{"line":153,"column":4},"end":{"line":153,"column":61}},"71":{"start":{"line":157,"column":0},"end":{"line":159,"column":3}},"72":{"start":{"line":158,"column":2},"end":{"line":158,"column":51}},"73":{"start":{"line":161,"column":0},"end":{"line":161,"column":22}}},"fnMap":{"0":{"name":"(anonymous_1)","decl":{"start":{"line":21,"column":43},"end":{"line":21,"column":48}},"loc":{"start":{"line":21,"column":97},"end":{"line":80,"column":1}}},"1":{"name":"(anonymous_2)","decl":{"start":{"line":31,"column":60},"end":{"line":31,"column":65}},"loc":{"start":{"line":31,"column":98},"end":{"line":75,"column":5}}},"2":{"name":"(anonymous_3)","decl":{"start":{"line":49,"column":59},"end":{"line":49,"column":68}},"loc":{"start":{"line":49,"column":76},"end":{"line":70,"column":9}}},"3":{"name":"(anonymous_4)","decl":{"start":{"line":82,"column":37},"end":{"line":82,"column":42}},"loc":{"start":{"line":82,"column":91},"end":{"line":133,"column":1}}},"4":{"name":"(anonymous_5)","decl":{"start":{"line":92,"column":59},"end":{"line":92,"column":64}},"loc":{"start":{"line":92,"column":90},"end":{"line":128,"column":5}}},"5":{"name":"(anonymous_6)","decl":{"start":{"line":135,"column":37},"end":{"line":135,"column":42}},"loc":{"start":{"line":135,"column":78},"end":{"line":155,"column":1}}},"6":{"name":"(anonymous_7)","decl":{"start":{"line":139,"column":95},"end":{"line":139,"column":96}},"loc":{"start":{"line":139,"column":119},"end":{"line":150,"column":5}}},"7":{"name":"(anonymous_8)","decl":{"start":{"line":157,"column":42},"end":{"line":157,"column":47}},"loc":{"start":{"line":157,"column":101},"end":{"line":159,"column":1}}}},"branchMap":{"0":{"loc":{"start":{"line":24,"column":4},"end":{"line":26,"column":5}},"type":"if","locations":[{"start":{"line":24,"column":4},"end":{"line":26,"column":5}},{"start":{},"end":{}}]},"1":{"loc":{"start":{"line":32,"column":6},"end":{"line":35,"column":7}},"type":"if","locations":[{"start":{"line":32,"column":6},"end":{"line":35,"column":7}},{"start":{},"end":{}}]},"2":{"loc":{"start":{"line":37,"column":6},"end":{"line":39,"column":7}},"type":"if","locations":[{"start":{"line":37,"column":6},"end":{"line":39,"column":7}},{"start":{},"end":{}}]},"3":{"loc":{"start":{"line":50,"column":10},"end":{"line":53,"column":11}},"type":"if","locations":[{"start":{"line":50,"column":10},"end":{"line":53,"column":11}},{"start":{},"end":{}}]},"4":{"loc":{"start":{"line":85,"column":4},"end":{"line":87,"column":5}},"type":"if","locations":[{"start":{"line":85,"column":4},"end":{"line":87,"column":5}},{"start":{},"end":{}}]},"5":{"loc":{"start":{"line":93,"column":6},"end":{"line":96,"column":7}},"type":"if","locations":[{"start":{"line":93,"column":6},"end":{"line":96,"column":7}},{"start":{},"end":{}}]},"6":{"loc":{"start":{"line":98,"column":6},"end":{"line":100,"column":7}},"type":"if","locations":[{"start":{"line":98,"column":6},"end":{"line":100,"column":7}},{"start":{},"end":{}}]},"7":{"loc":{"start":{"line":105,"column":8},"end":{"line":107,"column":9}},"type":"if","locations":[{"start":{"line":105,"column":8},"end":{"line":107,"column":9}},{"start":{},"end":{}}]},"8":{"loc":{"start":{"line":140,"column":6},"end":{"line":143,"column":7}},"type":"if","locations":[{"start":{"line":140,"column":6},"end":{"line":143,"column":7}},{"start":{},"end":{}}]},"9":{"loc":{"start":{"line":145,"column":6},"end":{"line":147,"column":7}},"type":"if","locations":[{"start":{"line":145,"column":6},"end":{"line":147,"column":7}},{"start":{},"end":{}}]}},"s":{"0":4,"1":4,"2":4,"3":4,"4":4,"5":4,"6":4,"7":4,"8":4,"9":43,"10":43,"11":43,"12":4,"13":39,"14":39,"15":39,"16":39,"17":0,"18":0,"19":39,"20":1,"21":38,"22":38,"23":38,"24":38,"25":38,"26":0,"27":0,"28":38,"29":38,"30":38,"31":0,"32":0,"33":0,"34":0,"35":4,"36":38,"37":38,"38":38,"39":2,"40":36,"41":36,"42":36,"43":36,"44":0,"45":0,"46":36,"47":1,"48":35,"49":35,"50":35,"51":1,"52":34,"53":34,"54":34,"55":0,"56":0,"57":0,"58":0,"59":4,"60":3,"61":3,"62":3,"63":3,"64":0,"65":0,"66":3,"67":0,"68":3,"69":0,"70":0,"71":4,"72":2,"73":4},"f":{"0":43,"1":39,"2":38,"3":38,"4":36,"5":3,"6":3,"7":2},"b":{"0":[4,39],"1":[0,39],"2":[1,38],"3":[0,38],"4":[2,36],"5":[0,36],"6":[1,35],"7":[1,34],"8":[0,3],"9":[0,3]}}
,"/Users/simonshine/Projects/nursery/claudify/server/src/routes/bookings.ts": {"path":"/Users/simonshine/Projects/nursery/claudify/server/src/routes/bookings.ts","statementMap":{"0":{"start":{"line":1,"column":0},"end":{"line":1,"column":30}},"1":{"start":{"line":2,"column":0},"end":{"line":2,"column":59}},"2":{"start":{"line":3,"column":0},"end":{"line":3,"column":46}},"3":{"start":{"line":5,"column":0},"end":{"line":5,"column":77}},"4":{"start":{"line":7,"column":15},"end":{"line":7,"column":31}},"5":{"start":{"line":9,"column":24},"end":{"line":14,"column":2}},"6":{"start":{"line":16,"column":0},"end":{"line":45,"column":3}},"7":{"start":{"line":17,"column":2},"end":{"line":44,"column":3}},"8":{"start":{"line":18,"column":15},"end":{"line":18,"column":31}},"9":{"start":{"line":20,"column":18},"end":{"line":31,"column":6}},"10":{"start":{"line":33,"column":4},"end":{"line":40,"column":7}},"11":{"start":{"line":34,"column":6},"end":{"line":37,"column":7}},"12":{"start":{"line":35,"column":8},"end":{"line":35,"column":46}},"13":{"start":{"line":36,"column":8},"end":{"line":36,"column":75}},"14":{"start":{"line":39,"column":6},"end":{"line":39,"column":21}},"15":{"start":{"line":42,"column":4},"end":{"line":42,"column":53}},"16":{"start":{"line":43,"column":4},"end":{"line":43,"column":61}},"17":{"start":{"line":47,"column":0},"end":{"line":82,"column":3}},"18":{"start":{"line":48,"column":2},"end":{"line":81,"column":3}},"19":{"start":{"line":49,"column":22},"end":{"line":49,"column":46}},"20":{"start":{"line":50,"column":15},"end":{"line":50,"column":31}},"21":{"start":{"line":52,"column":18},"end":{"line":64,"column":6}},"22":{"start":{"line":66,"column":4},"end":{"line":77,"column":7}},"23":{"start":{"line":67,"column":6},"end":{"line":70,"column":7}},"24":{"start":{"line":68,"column":8},"end":{"line":68,"column":46}},"25":{"start":{"line":69,"column":8},"end":{"line":69,"column":74}},"26":{"start":{"line":72,"column":6},"end":{"line":74,"column":7}},"27":{"start":{"line":73,"column":8},"end":{"line":73,"column":68}},"28":{"start":{"line":76,"column":6},"end":{"line":76,"column":20}},"29":{"start":{"line":79,"column":4},"end":{"line":79,"column":52}},"30":{"start":{"line":80,"column":4},"end":{"line":80,"column":61}},"31":{"start":{"line":84,"column":0},"end":{"line":172,"column":3}},"32":{"start":{"line":85,"column":2},"end":{"line":171,"column":3}},"33":{"start":{"line":86,"column":19},"end":{"line":86,"column":40}},"34":{"start":{"line":87,"column":4},"end":{"line":89,"column":5}},"35":{"start":{"line":88,"column":6},"end":{"line":88,"column":62}},"36":{"start":{"line":91,"column":46},"end":{"line":91,"column":54}},"37":{"start":{"line":92,"column":15},"end":{"line":92,"column":31}},"38":{"start":{"line":94,"column":4},"end":{"line":167,"column":7}},"39":{"start":{"line":95,"column":6},"end":{"line":166,"column":8}},"40":{"start":{"line":99,"column":10},"end":{"line":102,"column":11}},"41":{"start":{"line":100,"column":12},"end":{"line":100,"column":50}},"42":{"start":{"line":101,"column":12},"end":{"line":101,"column":79}},"43":{"start":{"line":104,"column":10},"end":{"line":106,"column":11}},"44":{"start":{"line":105,"column":12},"end":{"line":105,"column":92}},"45":{"start":{"line":108,"column":10},"end":{"line":164,"column":12}},"46":{"start":{"line":112,"column":14},"end":{"line":115,"column":15}},"47":{"start":{"line":113,"column":16},"end":{"line":113,"column":54}},"48":{"start":{"line":114,"column":16},"end":{"line":114,"column":89}},"49":{"start":{"line":117,"column":37},"end":{"line":117,"column":59}},"50":{"start":{"line":118,"column":14},"end":{"line":120,"column":15}},"51":{"start":{"line":119,"column":16},"end":{"line":119,"column":80}},"52":{"start":{"line":122,"column":14},"end":{"line":162,"column":16}},"53":{"start":{"line":126,"column":18},"end":{"line":129,"column":19}},"54":{"start":{"line":127,"column":20},"end":{"line":127,"column":58}},"55":{"start":{"line":128,"column":20},"end":{"line":128,"column":95}},"56":{"start":{"line":131,"column":18},"end":{"line":133,"column":19}},"57":{"start":{"line":132,"column":20},"end":{"line":132,"column":97}},"58":{"start":{"line":135,"column":38},"end":{"line":138,"column":20}},"59":{"start":{"line":140,"column":18},"end":{"line":160,"column":20}},"60":{"start":{"line":150,"column":22},"end":{"line":153,"column":23}},"61":{"start":{"line":151,"column":24},"end":{"line":151,"column":62}},"62":{"start":{"line":152,"column":24},"end":{"line":152,"column":91}},"63":{"start":{"line":155,"column":22},"end":{"line":158,"column":25}},"64":{"start":{"line":169,"column":4},"end":{"line":169,"column":52}},"65":{"start":{"line":170,"column":4},"end":{"line":170,"column":61}},"66":{"start":{"line":174,"column":0},"end":{"line":216,"column":3}},"67":{"start":{"line":175,"column":2},"end":{"line":215,"column":3}},"68":{"start":{"line":176,"column":22},"end":{"line":176,"column":46}},"69":{"start":{"line":177,"column":15},"end":{"line":177,"column":31}},"70":{"start":{"line":179,"column":4},"end":{"line":211,"column":7}},"71":{"start":{"line":180,"column":6},"end":{"line":210,"column":8}},"72":{"start":{"line":184,"column":10},"end":{"line":187,"column":11}},"73":{"start":{"line":185,"column":12},"end":{"line":185,"column":50}},"74":{"start":{"line":186,"column":12},"end":{"line":186,"column":78}},"75":{"start":{"line":189,"column":10},"end":{"line":191,"column":11}},"76":{"start":{"line":190,"column":12},"end":{"line":190,"column":72}},"77":{"start":{"line":193,"column":10},"end":{"line":195,"column":11}},"78":{"start":{"line":194,"column":12},"end":{"line":194,"column":83}},"79":{"start":{"line":197,"column":10},"end":{"line":208,"column":12}},"80":{"start":{"line":201,"column":14},"end":{"line":204,"column":15}},"81":{"start":{"line":202,"column":16},"end":{"line":202,"column":54}},"82":{"start":{"line":203,"column":16},"end":{"line":203,"column":83}},"83":{"start":{"line":206,"column":14},"end":{"line":206,"column":70}},"84":{"start":{"line":213,"column":4},"end":{"line":213,"column":54}},"85":{"start":{"line":214,"column":4},"end":{"line":214,"column":61}},"86":{"start":{"line":218,"column":0},"end":{"line":250,"column":3}},"87":{"start":{"line":219,"column":2},"end":{"line":249,"column":3}},"88":{"start":{"line":220,"column":20},"end":{"line":220,"column":49}},"89":{"start":{"line":221,"column":15},"end":{"line":221,"column":31}},"90":{"start":{"line":223,"column":4},"end":{"line":225,"column":5}},"91":{"start":{"line":224,"column":6},"end":{"line":224,"column":70}},"92":{"start":{"line":227,"column":18},"end":{"line":236,"column":6}},"93":{"start":{"line":238,"column":4},"end":{"line":245,"column":7}},"94":{"start":{"line":239,"column":6},"end":{"line":242,"column":7}},"95":{"start":{"line":240,"column":8},"end":{"line":240,"column":46}},"96":{"start":{"line":241,"column":8},"end":{"line":241,"column":81}},"97":{"start":{"line":244,"column":6},"end":{"line":244,"column":21}},"98":{"start":{"line":247,"column":4},"end":{"line":247,"column":59}},"99":{"start":{"line":248,"column":4},"end":{"line":248,"column":61}},"100":{"start":{"line":252,"column":0},"end":{"line":252,"column":22}}},"fnMap":{"0":{"name":"(anonymous_1)","decl":{"start":{"line":16,"column":35},"end":{"line":16,"column":40}},"loc":{"start":{"line":16,"column":94},"end":{"line":45,"column":1}}},"1":{"name":"(anonymous_2)","decl":{"start":{"line":33,"column":34},"end":{"line":33,"column":35}},"loc":{"start":{"line":33,"column":58},"end":{"line":40,"column":5}}},"2":{"name":"(anonymous_3)","decl":{"start":{"line":47,"column":38},"end":{"line":47,"column":43}},"loc":{"start":{"line":47,"column":97},"end":{"line":82,"column":1}}},"3":{"name":"(anonymous_4)","decl":{"start":{"line":66,"column":45},"end":{"line":66,"column":46}},"loc":{"start":{"line":66,"column":68},"end":{"line":77,"column":5}}},"4":{"name":"(anonymous_5)","decl":{"start":{"line":84,"column":53},"end":{"line":84,"column":58}},"loc":{"start":{"line":84,"column":112},"end":{"line":172,"column":1}}},"5":{"name":"(anonymous_6)","decl":{"start":{"line":94,"column":17},"end":{"line":94,"column":20}},"loc":{"start":{"line":94,"column":22},"end":{"line":167,"column":5}}},"6":{"name":"(anonymous_7)","decl":{"start":{"line":98,"column":8},"end":{"line":98,"column":9}},"loc":{"start":{"line":98,"column":33},"end":{"line":165,"column":9}}},"7":{"name":"(anonymous_8)","decl":{"start":{"line":111,"column":12},"end":{"line":111,"column":13}},"loc":{"start":{"line":111,"column":60},"end":{"line":163,"column":13}}},"8":{"name":"(anonymous_9)","decl":{"start":{"line":125,"column":16},"end":{"line":125,"column":17}},"loc":{"start":{"line":125,"column":51},"end":{"line":161,"column":17}}},"9":{"name":"(anonymous_10)","decl":{"start":{"line":149,"column":20},"end":{"line":149,"column":29}},"loc":{"start":{"line":149,"column":37},"end":{"line":159,"column":21}}},"10":{"name":"(anonymous_11)","decl":{"start":{"line":174,"column":45},"end":{"line":174,"column":50}},"loc":{"start":{"line":174,"column":104},"end":{"line":216,"column":1}}},"11":{"name":"(anonymous_12)","decl":{"start":{"line":179,"column":17},"end":{"line":179,"column":20}},"loc":{"start":{"line":179,"column":22},"end":{"line":211,"column":5}}},"12":{"name":"(anonymous_13)","decl":{"start":{"line":183,"column":8},"end":{"line":183,"column":9}},"loc":{"start":{"line":183,"column":35},"end":{"line":209,"column":9}}},"13":{"name":"(anonymous_14)","decl":{"start":{"line":200,"column":12},"end":{"line":200,"column":21}},"loc":{"start":{"line":200,"column":29},"end":{"line":207,"column":13}}},"14":{"name":"(anonymous_15)","decl":{"start":{"line":218,"column":49},"end":{"line":218,"column":54}},"loc":{"start":{"line":218,"column":108},"end":{"line":250,"column":1}}},"15":{"name":"(anonymous_16)","decl":{"start":{"line":238,"column":29},"end":{"line":238,"column":30}},"loc":{"start":{"line":238,"column":53},"end":{"line":245,"column":5}}}},"branchMap":{"0":{"loc":{"start":{"line":34,"column":6},"end":{"line":37,"column":7}},"type":"if","locations":[{"start":{"line":34,"column":6},"end":{"line":37,"column":7}},{"start":{},"end":{}}]},"1":{"loc":{"start":{"line":67,"column":6},"end":{"line":70,"column":7}},"type":"if","locations":[{"start":{"line":67,"column":6},"end":{"line":70,"column":7}},{"start":{},"end":{}}]},"2":{"loc":{"start":{"line":72,"column":6},"end":{"line":74,"column":7}},"type":"if","locations":[{"start":{"line":72,"column":6},"end":{"line":74,"column":7}},{"start":{},"end":{}}]},"3":{"loc":{"start":{"line":87,"column":4},"end":{"line":89,"column":5}},"type":"if","locations":[{"start":{"line":87,"column":4},"end":{"line":89,"column":5}},{"start":{},"end":{}}]},"4":{"loc":{"start":{"line":99,"column":10},"end":{"line":102,"column":11}},"type":"if","locations":[{"start":{"line":99,"column":10},"end":{"line":102,"column":11}},{"start":{},"end":{}}]},"5":{"loc":{"start":{"line":104,"column":10},"end":{"line":106,"column":11}},"type":"if","locations":[{"start":{"line":104,"column":10},"end":{"line":106,"column":11}},{"start":{},"end":{}}]},"6":{"loc":{"start":{"line":112,"column":14},"end":{"line":115,"column":15}},"type":"if","locations":[{"start":{"line":112,"column":14},"end":{"line":115,"column":15}},{"start":{},"end":{}}]},"7":{"loc":{"start":{"line":118,"column":14},"end":{"line":120,"column":15}},"type":"if","locations":[{"start":{"line":118,"column":14},"end":{"line":120,"column":15}},{"start":{},"end":{}}]},"8":{"loc":{"start":{"line":126,"column":18},"end":{"line":129,"column":19}},"type":"if","locations":[{"start":{"line":126,"column":18},"end":{"line":129,"column":19}},{"start":{},"end":{}}]},"9":{"loc":{"start":{"line":131,"column":18},"end":{"line":133,"column":19}},"type":"if","locations":[{"start":{"line":131,"column":18},"end":{"line":133,"column":19}},{"start":{},"end":{}}]},"10":{"loc":{"start":{"line":150,"column":22},"end":{"line":153,"column":23}},"type":"if","locations":[{"start":{"line":150,"column":22},"end":{"line":153,"column":23}},{"start":{},"end":{}}]},"11":{"loc":{"start":{"line":184,"column":10},"end":{"line":187,"column":11}},"type":"if","locations":[{"start":{"line":184,"column":10},"end":{"line":187,"column":11}},{"start":{},"end":{}}]},"12":{"loc":{"start":{"line":189,"column":10},"end":{"line":191,"column":11}},"type":"if","locations":[{"start":{"line":189,"column":10},"end":{"line":191,"column":11}},{"start":{},"end":{}}]},"13":{"loc":{"start":{"line":193,"column":10},"end":{"line":195,"column":11}},"type":"if","locations":[{"start":{"line":193,"column":10},"end":{"line":195,"column":11}},{"start":{},"end":{}}]},"14":{"loc":{"start":{"line":201,"column":14},"end":{"line":204,"column":15}},"type":"if","locations":[{"start":{"line":201,"column":14},"end":{"line":204,"column":15}},{"start":{},"end":{}}]},"15":{"loc":{"start":{"line":223,"column":4},"end":{"line":225,"column":5}},"type":"if","locations":[{"start":{"line":223,"column":4},"end":{"line":225,"column":5}},{"start":{},"end":{}}]},"16":{"loc":{"start":{"line":239,"column":6},"end":{"line":242,"column":7}},"type":"if","locations":[{"start":{"line":239,"column":6},"end":{"line":242,"column":7}},{"start":{},"end":{}}]}},"s":{"0":4,"1":4,"2":4,"3":4,"4":4,"5":4,"6":4,"7":4,"8":4,"9":4,"10":4,"11":4,"12":0,"13":0,"14":4,"15":0,"16":0,"17":4,"18":6,"19":6,"20":6,"21":6,"22":6,"23":6,"24":0,"25":0,"26":6,"27":2,"28":4,"29":0,"30":0,"31":4,"32":22,"33":22,"34":22,"35":3,"36":19,"37":19,"38":19,"39":19,"40":19,"41":0,"42":0,"43":19,"44":2,"45":17,"46":17,"47":0,"48":0,"49":17,"50":17,"51":2,"52":15,"53":15,"54":0,"55":0,"56":15,"57":1,"58":14,"59":14,"60":14,"61":0,"62":0,"63":14,"64":0,"65":0,"66":4,"67":6,"68":6,"69":6,"70":6,"71":6,"72":6,"73":0,"74":0,"75":6,"76":2,"77":4,"78":1,"79":3,"80":3,"81":0,"82":0,"83":3,"84":0,"85":0,"86":4,"87":4,"88":4,"89":4,"90":4,"91":1,"92":3,"93":3,"94":3,"95":0,"96":0,"97":3,"98":0,"99":0,"100":4},"f":{"0":4,"1":4,"2":6,"3":6,"4":22,"5":19,"6":19,"7":17,"8":15,"9":14,"10":6,"11":6,"12":6,"13":3,"14":4,"15":3},"b":{"0":[0,4],"1":[0,6],"2":[2,4],"3":[3,19],"4":[0,19],"5":[2,17],"6":[0,17],"7":[2,15],"8":[0,15],"9":[1,14],"10":[0,14],"11":[0,6],"12":[2,4],"13":[1,3],"14":[0,3],"15":[1,3],"16":[0,3]}}
,"/Users/simonshine/Projects/nursery/claudify/server/src/routes/events.ts": {"path":"/Users/simonshine/Projects/nursery/claudify/server/src/routes/events.ts","statementMap":{"0":{"start":{"line":1,"column":0},"end":{"line":1,"column":30}},"1":{"start":{"line":2,"column":0},"end":{"line":2,"column":59}},"2":{"start":{"line":3,"column":0},"end":{"line":3,"column":46}},"3":{"start":{"line":5,"column":0},"end":{"line":5,"column":91}},"4":{"start":{"line":7,"column":15},"end":{"line":7,"column":31}},"5":{"start":{"line":9,"column":22},"end":{"line":19,"column":2}},"6":{"start":{"line":21,"column":0},"end":{"line":54,"column":3}},"7":{"start":{"line":22,"column":2},"end":{"line":53,"column":3}},"8":{"start":{"line":23,"column":15},"end":{"line":23,"column":31}},"9":{"start":{"line":25,"column":18},"end":{"line":35,"column":6}},"10":{"start":{"line":37,"column":4},"end":{"line":49,"column":7}},"11":{"start":{"line":38,"column":6},"end":{"line":41,"column":7}},"12":{"start":{"line":39,"column":8},"end":{"line":39,"column":46}},"13":{"start":{"line":40,"column":8},"end":{"line":40,"column":73}},"14":{"start":{"line":43,"column":21},"end":{"line":46,"column":9}},"15":{"start":{"line":43,"column":40},"end":{"line":46,"column":8}},"16":{"start":{"line":48,"column":6},"end":{"line":48,"column":23}},"17":{"start":{"line":51,"column":4},"end":{"line":51,"column":51}},"18":{"start":{"line":52,"column":4},"end":{"line":52,"column":61}},"19":{"start":{"line":56,"column":0},"end":{"line":98,"column":3}},"20":{"start":{"line":57,"column":2},"end":{"line":97,"column":3}},"21":{"start":{"line":58,"column":20},"end":{"line":58,"column":44}},"22":{"start":{"line":60,"column":4},"end":{"line":62,"column":5}},"23":{"start":{"line":61,"column":6},"end":{"line":61,"column":65}},"24":{"start":{"line":64,"column":15},"end":{"line":64,"column":31}},"25":{"start":{"line":66,"column":18},"end":{"line":75,"column":6}},"26":{"start":{"line":77,"column":4},"end":{"line":93,"column":7}},"27":{"start":{"line":78,"column":6},"end":{"line":81,"column":7}},"28":{"start":{"line":79,"column":8},"end":{"line":79,"column":46}},"29":{"start":{"line":80,"column":8},"end":{"line":80,"column":72}},"30":{"start":{"line":83,"column":6},"end":{"line":85,"column":7}},"31":{"start":{"line":84,"column":8},"end":{"line":84,"column":66}},"32":{"start":{"line":87,"column":20},"end":{"line":90,"column":8}},"33":{"start":{"line":92,"column":6},"end":{"line":92,"column":22}},"34":{"start":{"line":95,"column":4},"end":{"line":95,"column":50}},"35":{"start":{"line":96,"column":4},"end":{"line":96,"column":61}},"36":{"start":{"line":100,"column":0},"end":{"line":145,"column":3}},"37":{"start":{"line":101,"column":2},"end":{"line":144,"column":3}},"38":{"start":{"line":102,"column":19},"end":{"line":102,"column":40}},"39":{"start":{"line":103,"column":4},"end":{"line":105,"column":5}},"40":{"start":{"line":104,"column":6},"end":{"line":104,"column":62}},"41":{"start":{"line":107,"column":42},"end":{"line":107,"column":50}},"42":{"start":{"line":108,"column":15},"end":{"line":108,"column":31}},"43":{"start":{"line":110,"column":18},"end":{"line":113,"column":6}},"44":{"start":{"line":115,"column":4},"end":{"line":140,"column":6}},"45":{"start":{"line":130,"column":8},"end":{"line":133,"column":9}},"46":{"start":{"line":131,"column":10},"end":{"line":131,"column":48}},"47":{"start":{"line":132,"column":10},"end":{"line":132,"column":75}},"48":{"start":{"line":135,"column":8},"end":{"line":138,"column":11}},"49":{"start":{"line":142,"column":4},"end":{"line":142,"column":50}},"50":{"start":{"line":143,"column":4},"end":{"line":143,"column":61}},"51":{"start":{"line":147,"column":0},"end":{"line":196,"column":3}},"52":{"start":{"line":148,"column":2},"end":{"line":195,"column":3}},"53":{"start":{"line":149,"column":19},"end":{"line":149,"column":40}},"54":{"start":{"line":150,"column":4},"end":{"line":152,"column":5}},"55":{"start":{"line":151,"column":6},"end":{"line":151,"column":62}},"56":{"start":{"line":154,"column":20},"end":{"line":154,"column":44}},"57":{"start":{"line":155,"column":42},"end":{"line":155,"column":50}},"58":{"start":{"line":156,"column":15},"end":{"line":156,"column":31}},"59":{"start":{"line":158,"column":18},"end":{"line":163,"column":6}},"60":{"start":{"line":165,"column":4},"end":{"line":191,"column":6}},"61":{"start":{"line":180,"column":8},"end":{"line":183,"column":9}},"62":{"start":{"line":181,"column":10},"end":{"line":181,"column":48}},"63":{"start":{"line":182,"column":10},"end":{"line":182,"column":75}},"64":{"start":{"line":185,"column":8},"end":{"line":187,"column":9}},"65":{"start":{"line":186,"column":10},"end":{"line":186,"column":68}},"66":{"start":{"line":189,"column":8},"end":{"line":189,"column":60}},"67":{"start":{"line":193,"column":4},"end":{"line":193,"column":50}},"68":{"start":{"line":194,"column":4},"end":{"line":194,"column":61}},"69":{"start":{"line":198,"column":0},"end":{"line":219,"column":3}},"70":{"start":{"line":199,"column":2},"end":{"line":218,"column":3}},"71":{"start":{"line":200,"column":20},"end":{"line":200,"column":44}},"72":{"start":{"line":201,"column":15},"end":{"line":201,"column":31}},"73":{"start":{"line":203,"column":4},"end":{"line":214,"column":7}},"74":{"start":{"line":204,"column":6},"end":{"line":207,"column":7}},"75":{"start":{"line":205,"column":8},"end":{"line":205,"column":46}},"76":{"start":{"line":206,"column":8},"end":{"line":206,"column":73}},"77":{"start":{"line":209,"column":6},"end":{"line":211,"column":7}},"78":{"start":{"line":210,"column":8},"end":{"line":210,"column":66}},"79":{"start":{"line":213,"column":6},"end":{"line":213,"column":58}},"80":{"start":{"line":216,"column":4},"end":{"line":216,"column":50}},"81":{"start":{"line":217,"column":4},"end":{"line":217,"column":61}},"82":{"start":{"line":221,"column":0},"end":{"line":221,"column":22}}},"fnMap":{"0":{"name":"(anonymous_1)","decl":{"start":{"line":21,"column":16},"end":{"line":21,"column":21}},"loc":{"start":{"line":21,"column":70},"end":{"line":54,"column":1}}},"1":{"name":"(anonymous_2)","decl":{"start":{"line":37,"column":22},"end":{"line":37,"column":23}},"loc":{"start":{"line":37,"column":66},"end":{"line":49,"column":5}}},"2":{"name":"(anonymous_3)","decl":{"start":{"line":43,"column":30},"end":{"line":43,"column":35}},"loc":{"start":{"line":43,"column":40},"end":{"line":46,"column":8}}},"3":{"name":"(anonymous_4)","decl":{"start":{"line":56,"column":19},"end":{"line":56,"column":24}},"loc":{"start":{"line":56,"column":73},"end":{"line":98,"column":1}}},"4":{"name":"(anonymous_5)","decl":{"start":{"line":77,"column":29},"end":{"line":77,"column":30}},"loc":{"start":{"line":77,"column":70},"end":{"line":93,"column":5}}},"5":{"name":"(anonymous_6)","decl":{"start":{"line":100,"column":65},"end":{"line":100,"column":70}},"loc":{"start":{"line":100,"column":124},"end":{"line":145,"column":1}}},"6":{"name":"(anonymous_7)","decl":{"start":{"line":129,"column":6},"end":{"line":129,"column":15}},"loc":{"start":{"line":129,"column":23},"end":{"line":139,"column":7}}},"7":{"name":"(anonymous_8)","decl":{"start":{"line":147,"column":67},"end":{"line":147,"column":72}},"loc":{"start":{"line":147,"column":126},"end":{"line":196,"column":1}}},"8":{"name":"(anonymous_9)","decl":{"start":{"line":179,"column":6},"end":{"line":179,"column":15}},"loc":{"start":{"line":179,"column":23},"end":{"line":190,"column":7}}},"9":{"name":"(anonymous_10)","decl":{"start":{"line":198,"column":55},"end":{"line":198,"column":60}},"loc":{"start":{"line":198,"column":114},"end":{"line":219,"column":1}}},"10":{"name":"(anonymous_11)","decl":{"start":{"line":203,"column":57},"end":{"line":203,"column":66}},"loc":{"start":{"line":203,"column":74},"end":{"line":214,"column":5}}}},"branchMap":{"0":{"loc":{"start":{"line":38,"column":6},"end":{"line":41,"column":7}},"type":"if","locations":[{"start":{"line":38,"column":6},"end":{"line":41,"column":7}},{"start":{},"end":{}}]},"1":{"loc":{"start":{"line":60,"column":4},"end":{"line":62,"column":5}},"type":"if","locations":[{"start":{"line":60,"column":4},"end":{"line":62,"column":5}},{"start":{},"end":{}}]},"2":{"loc":{"start":{"line":78,"column":6},"end":{"line":81,"column":7}},"type":"if","locations":[{"start":{"line":78,"column":6},"end":{"line":81,"column":7}},{"start":{},"end":{}}]},"3":{"loc":{"start":{"line":83,"column":6},"end":{"line":85,"column":7}},"type":"if","locations":[{"start":{"line":83,"column":6},"end":{"line":85,"column":7}},{"start":{},"end":{}}]},"4":{"loc":{"start":{"line":103,"column":4},"end":{"line":105,"column":5}},"type":"if","locations":[{"start":{"line":103,"column":4},"end":{"line":105,"column":5}},{"start":{},"end":{}}]},"5":{"loc":{"start":{"line":130,"column":8},"end":{"line":133,"column":9}},"type":"if","locations":[{"start":{"line":130,"column":8},"end":{"line":133,"column":9}},{"start":{},"end":{}}]},"6":{"loc":{"start":{"line":150,"column":4},"end":{"line":152,"column":5}},"type":"if","locations":[{"start":{"line":150,"column":4},"end":{"line":152,"column":5}},{"start":{},"end":{}}]},"7":{"loc":{"start":{"line":180,"column":8},"end":{"line":183,"column":9}},"type":"if","locations":[{"start":{"line":180,"column":8},"end":{"line":183,"column":9}},{"start":{},"end":{}}]},"8":{"loc":{"start":{"line":185,"column":8},"end":{"line":187,"column":9}},"type":"if","locations":[{"start":{"line":185,"column":8},"end":{"line":187,"column":9}},{"start":{},"end":{}}]},"9":{"loc":{"start":{"line":204,"column":6},"end":{"line":207,"column":7}},"type":"if","locations":[{"start":{"line":204,"column":6},"end":{"line":207,"column":7}},{"start":{},"end":{}}]},"10":{"loc":{"start":{"line":209,"column":6},"end":{"line":211,"column":7}},"type":"if","locations":[{"start":{"line":209,"column":6},"end":{"line":211,"column":7}},{"start":{},"end":{}}]}},"s":{"0":4,"1":4,"2":4,"3":4,"4":4,"5":4,"6":4,"7":5,"8":5,"9":5,"10":5,"11":5,"12":0,"13":0,"14":5,"15":5,"16":5,"17":0,"18":0,"19":4,"20":10,"21":10,"22":10,"23":1,"24":9,"25":9,"26":9,"27":9,"28":0,"29":0,"30":9,"31":2,"32":7,"33":7,"34":0,"35":0,"36":4,"37":33,"38":33,"39":33,"40":2,"41":31,"42":31,"43":31,"44":31,"45":31,"46":0,"47":0,"48":31,"49":0,"50":0,"51":4,"52":4,"53":4,"54":4,"55":1,"56":3,"57":3,"58":3,"59":3,"60":3,"61":3,"62":0,"63":0,"64":3,"65":1,"66":2,"67":0,"68":0,"69":4,"70":2,"71":2,"72":2,"73":2,"74":2,"75":0,"76":0,"77":2,"78":1,"79":1,"80":0,"81":0,"82":4},"f":{"0":5,"1":5,"2":5,"3":10,"4":9,"5":33,"6":31,"7":4,"8":3,"9":2,"10":2},"b":{"0":[0,5],"1":[1,9],"2":[0,9],"3":[2,7],"4":[2,31],"5":[0,31],"6":[1,3],"7":[0,3],"8":[1,2],"9":[0,2],"10":[1,1]}}
,"/Users/simonshine/Projects/nursery/claudify/server/src/utils/auth.ts": {"path":"/Users/simonshine/Projects/nursery/claudify/server/src/utils/auth.ts","statementMap":{"0":{"start":{"line":1,"column":0},"end":{"line":1,"column":30}},"1":{"start":{"line":2,"column":0},"end":{"line":2,"column":31}},"2":{"start":{"line":5,"column":19},"end":{"line":5,"column":71}},"3":{"start":{"line":7,"column":28},"end":{"line":10,"column":1}},"4":{"start":{"line":8,"column":21},"end":{"line":8,"column":23}},"5":{"start":{"line":9,"column":2},"end":{"line":9,"column":49}},"6":{"start":{"line":7,"column":13},"end":{"line":7,"column":28}},"7":{"start":{"line":12,"column":31},"end":{"line":14,"column":1}},"8":{"start":{"line":13,"column":2},"end":{"line":13,"column":46}},"9":{"start":{"line":12,"column":13},"end":{"line":12,"column":31}},"10":{"start":{"line":16,"column":29},"end":{"line":27,"column":1}},"11":{"start":{"line":17,"column":2},"end":{"line":26,"column":4}},"12":{"start":{"line":16,"column":13},"end":{"line":16,"column":29}},"13":{"start":{"line":29,"column":27},"end":{"line":35,"column":1}},"14":{"start":{"line":30,"column":2},"end":{"line":34,"column":3}},"15":{"start":{"line":31,"column":4},"end":{"line":31,"column":41}},"16":{"start":{"line":33,"column":4},"end":{"line":33,"column":37}},"17":{"start":{"line":29,"column":13},"end":{"line":29,"column":27}}},"fnMap":{"0":{"name":"(anonymous_1)","decl":{"start":{"line":7,"column":28},"end":{"line":7,"column":33}},"loc":{"start":{"line":7,"column":72},"end":{"line":10,"column":1}}},"1":{"name":"(anonymous_2)","decl":{"start":{"line":12,"column":31},"end":{"line":12,"column":36}},"loc":{"start":{"line":12,"column":90},"end":{"line":14,"column":1}}},"2":{"name":"(anonymous_3)","decl":{"start":{"line":16,"column":29},"end":{"line":16,"column":30}},"loc":{"start":{"line":16,"column":70},"end":{"line":27,"column":1}}},"3":{"name":"(anonymous_4)","decl":{"start":{"line":29,"column":27},"end":{"line":29,"column":28}},"loc":{"start":{"line":29,"column":50},"end":{"line":35,"column":1}}}},"branchMap":{"0":{"loc":{"start":{"line":5,"column":19},"end":{"line":5,"column":71}},"type":"binary-expr","locations":[{"start":{"line":5,"column":19},"end":{"line":5,"column":41}},{"start":{"line":5,"column":45},"end":{"line":5,"column":71}}]}},"s":{"0":4,"1":4,"2":4,"3":4,"4":38,"5":38,"6":4,"7":4,"8":35,"9":4,"10":4,"11":72,"12":4,"13":4,"14":93,"15":93,"16":4,"17":4},"f":{"0":38,"1":35,"2":72,"3":93},"b":{"0":[4,4]}}
}
