TN:
SF:src/index.ts
FN:12,(anonymous_1)
FN:34,(anonymous_2)
FN:38,(anonymous_3)
FN:42,(anonymous_4)
FN:56,(anonymous_5)
FNF:5
FNH:3
FNDA:213,(anonymous_1)
FNDA:13,(anonymous_2)
FNDA:1,(anonymous_3)
FNDA:0,(anonymous_4)
FNDA:0,(anonymous_5)
DA:1,4
DA:2,4
DA:3,4
DA:4,4
DA:5,4
DA:6,4
DA:7,4
DA:8,4
DA:10,4
DA:12,4
DA:13,213
DA:15,213
DA:21,213
DA:22,213
DA:26,213
DA:27,213
DA:28,213
DA:30,213
DA:31,213
DA:32,213
DA:34,213
DA:35,13
DA:38,213
DA:39,1
DA:42,213
DA:43,0
DA:44,0
DA:47,213
DA:51,4
DA:54,4
DA:55,0
DA:56,0
DA:57,0
DA:58,0
DA:62,4
LF:35
LH:29
BRDA:23,0,0,213
BRDA:23,0,1,0
BRDA:54,1,0,0
BRDA:54,1,1,4
BRDA:54,2,0,4
BRDA:54,2,1,4
BRDA:55,3,0,0
BRDA:55,3,1,0
BRDA:58,4,0,0
BRDA:58,4,1,0
BRF:10
BRH:4
end_of_record
TN:
SF:src/__tests__/helpers.ts
FN:7,(anonymous_1)
FN:41,(anonymous_2)
FN:49,(anonymous_3)
FN:57,(anonymous_4)
FN:69,(anonymous_5)
FN:78,(anonymous_6)
FN:97,(anonymous_7)
FN:113,(anonymous_8)
FN:117,(anonymous_9)
FN:121,(anonymous_10)
FN:125,(anonymous_11)
FN:134,(anonymous_12)
FN:152,(anonymous_13)
FN:167,(anonymous_14)
FN:183,(anonymous_15)
FN:191,(anonymous_16)
FN:196,(anonymous_17)
FN:200,(anonymous_18)
FNF:18
FNH:18
FNDA:107,(anonymous_1)
FNDA:41,(anonymous_2)
FNDA:33,(anonymous_3)
FNDA:37,(anonymous_4)
FNDA:18,(anonymous_5)
FNDA:37,(anonymous_6)
FNDA:33,(anonymous_7)
FNDA:31,(anonymous_8)
FNDA:33,(anonymous_9)
FNDA:33,(anonymous_10)
FNDA:33,(anonymous_11)
FNDA:33,(anonymous_12)
FNDA:27,(anonymous_13)
FNDA:10,(anonymous_14)
FNDA:30,(anonymous_15)
FNDA:11,(anonymous_16)
FNDA:5,(anonymous_17)
FNDA:45,(anonymous_18)
DA:1,4
DA:2,4
DA:3,4
DA:7,107
DA:41,41
DA:49,33
DA:57,37
DA:69,18
DA:78,4
DA:79,37
DA:80,37
DA:88,37
DA:89,37
DA:91,37
DA:97,4
DA:98,33
DA:99,33
DA:103,33
DA:104,33
DA:106,33
DA:113,4
DA:114,31
DA:117,4
DA:118,33
DA:121,33
DA:122,33
DA:123,33
DA:125,33
DA:126,33
DA:127,0
DA:128,0
DA:131,33
DA:135,33
DA:136,0
DA:137,0
DA:140,33
DA:141,33
DA:142,33
DA:144,0
DA:152,4
DA:153,27
DA:154,27
DA:159,27
DA:161,27
DA:167,4
DA:168,10
DA:169,10
DA:174,10
DA:176,10
DA:183,4
DA:184,30
DA:185,30
DA:186,30
DA:187,19
DA:191,4
DA:192,11
DA:193,11
DA:194,11
DA:195,11
DA:196,5
DA:200,4
DA:201,45
DA:202,45
LF:63
LH:58
BRDA:41,0,0,28
BRDA:49,1,0,33
BRDA:57,2,0,24
BRDA:69,3,0,1
BRDA:126,4,0,0
BRDA:126,4,1,33
BRDA:135,5,0,0
BRDA:135,5,1,33
BRDA:186,6,0,19
BRDA:186,6,1,11
BRDA:195,7,0,5
BRDA:195,7,1,6
BRDA:200,8,0,40
BRF:13
BRH:11
end_of_record
TN:
SF:src/__tests__/test-server.ts
FN:8,(anonymous_0)
FN:9,(anonymous_1)
FN:13,(anonymous_2)
FN:20,(anonymous_3)
FN:26,(anonymous_4)
FN:27,(anonymous_5)
FN:29,(anonymous_6)
FN:41,(anonymous_7)
FN:45,(anonymous_8)
FNF:9
FNH:2
FNDA:0,(anonymous_0)
FNDA:0,(anonymous_1)
FNDA:0,(anonymous_2)
FNDA:0,(anonymous_3)
FNDA:4,(anonymous_4)
FNDA:4,(anonymous_5)
FNDA:0,(anonymous_6)
FNDA:0,(anonymous_7)
FNDA:0,(anonymous_8)
DA:1,4
DA:5,4
DA:6,4
DA:8,4
DA:9,0
DA:10,0
DA:13,0
DA:14,0
DA:15,0
DA:16,0
DA:17,0
DA:20,0
DA:21,0
DA:26,4
DA:27,4
DA:28,4
DA:29,0
DA:30,0
DA:31,0
DA:32,0
DA:33,0
DA:36,4
DA:41,4
DA:42,0
DA:45,4
DA:46,0
LF:26
LH:10
BRDA:28,0,0,0
BRDA:28,0,1,4
BRF:2
BRH:1
end_of_record
TN:
SF:src/middleware/auth.ts
FN:13,(anonymous_0)
FN:35,(anonymous_1)
FNF:2
FNH:2
FNDA:99,(anonymous_0)
FNDA:42,(anonymous_1)
DA:2,4
DA:13,4
DA:18,99
DA:19,99
DA:21,99
DA:22,6
DA:23,6
DA:26,93
DA:27,93
DA:28,89
DA:29,89
DA:31,4
DA:35,4
DA:40,42
DA:41,3
DA:42,3
DA:44,39
LF:17
LH:17
BRDA:19,0,0,99
BRDA:19,0,1,93
BRDA:21,1,0,6
BRDA:21,1,1,93
BRDA:40,2,0,3
BRDA:40,2,1,39
BRDA:40,3,0,42
BRDA:40,3,1,42
BRF:8
BRH:8
end_of_record
TN:
SF:src/models/database.ts
FN:9,(anonymous_1)
FN:10,(anonymous_2)
FN:20,(anonymous_3)
FN:71,(anonymous_4)
FN:75,(anonymous_5)
FN:76,(anonymous_6)
FNF:6
FNH:4
FNDA:4,(anonymous_1)
FNDA:4,(anonymous_2)
FNDA:4,(anonymous_3)
FNDA:204,(anonymous_4)
FNDA:0,(anonymous_5)
FNDA:0,(anonymous_6)
DA:1,4
DA:2,4
DA:4,4
DA:6,4
DA:10,4
DA:11,4
DA:12,0
DA:14,4
DA:15,4
DA:21,4
DA:32,4
DA:50,4
DA:66,4
DA:67,4
DA:68,4
DA:72,204
DA:76,0
DA:77,0
DA:78,0
DA:80,0
DA:86,4
LF:21
LH:16
BRDA:4,0,0,4
BRDA:4,0,1,4
BRDA:11,1,0,0
BRDA:11,1,1,4
BRDA:77,2,0,0
BRDA:77,2,1,0
BRF:6
BRH:3
end_of_record
TN:
SF:src/routes/auth.ts
FN:21,(anonymous_1)
FN:31,(anonymous_2)
FN:49,(anonymous_3)
FN:82,(anonymous_4)
FN:92,(anonymous_5)
FN:135,(anonymous_6)
FN:139,(anonymous_7)
FN:157,(anonymous_8)
FNF:8
FNH:8
FNDA:43,(anonymous_1)
FNDA:39,(anonymous_2)
FNDA:38,(anonymous_3)
FNDA:38,(anonymous_4)
FNDA:36,(anonymous_5)
FNDA:3,(anonymous_6)
FNDA:3,(anonymous_7)
FNDA:2,(anonymous_8)
DA:1,4
DA:2,4
DA:3,4
DA:5,4
DA:6,4
DA:8,4
DA:10,4
DA:16,4
DA:21,4
DA:22,43
DA:23,43
DA:24,43
DA:25,4
DA:28,39
DA:29,39
DA:31,39
DA:32,39
DA:33,0
DA:34,0
DA:37,39
DA:38,1
DA:41,38
DA:42,38
DA:44,38
DA:49,38
DA:50,38
DA:51,0
DA:52,0
DA:55,38
DA:63,38
DA:65,38
DA:72,0
DA:73,0
DA:77,0
DA:78,0
DA:82,4
DA:83,38
DA:84,38
DA:85,38
DA:86,2
DA:89,36
DA:90,36
DA:92,36
DA:93,36
DA:94,0
DA:95,0
DA:98,36
DA:99,1
DA:102,35
DA:103,35
DA:105,35
DA:106,1
DA:109,34
DA:117,34
DA:119,34
DA:125,0
DA:126,0
DA:130,0
DA:131,0
DA:135,4
DA:136,3
DA:137,3
DA:139,3
DA:140,3
DA:141,0
DA:142,0
DA:145,3
DA:146,0
DA:149,3
DA:152,0
DA:153,0
DA:157,4
DA:158,2
DA:161,4
LF:74
LH:55
BRDA:24,0,0,4
BRDA:24,0,1,39
BRDA:32,1,0,0
BRDA:32,1,1,39
BRDA:37,2,0,1
BRDA:37,2,1,38
BRDA:50,3,0,0
BRDA:50,3,1,38
BRDA:85,4,0,2
BRDA:85,4,1,36
BRDA:93,5,0,0
BRDA:93,5,1,36
BRDA:98,6,0,1
BRDA:98,6,1,35
BRDA:105,7,0,1
BRDA:105,7,1,34
BRDA:140,8,0,0
BRDA:140,8,1,3
BRDA:145,9,0,0
BRDA:145,9,1,3
BRF:20
BRH:15
end_of_record
TN:
SF:src/routes/bookings.ts
FN:16,(anonymous_1)
FN:33,(anonymous_2)
FN:47,(anonymous_3)
FN:66,(anonymous_4)
FN:84,(anonymous_5)
FN:94,(anonymous_6)
FN:98,(anonymous_7)
FN:111,(anonymous_8)
FN:125,(anonymous_9)
FN:149,(anonymous_10)
FN:174,(anonymous_11)
FN:179,(anonymous_12)
FN:183,(anonymous_13)
FN:200,(anonymous_14)
FN:218,(anonymous_15)
FN:238,(anonymous_16)
FNF:16
FNH:16
FNDA:4,(anonymous_1)
FNDA:4,(anonymous_2)
FNDA:6,(anonymous_3)
FNDA:6,(anonymous_4)
FNDA:22,(anonymous_5)
FNDA:19,(anonymous_6)
FNDA:19,(anonymous_7)
FNDA:17,(anonymous_8)
FNDA:15,(anonymous_9)
FNDA:14,(anonymous_10)
FNDA:6,(anonymous_11)
FNDA:6,(anonymous_12)
FNDA:6,(anonymous_13)
FNDA:3,(anonymous_14)
FNDA:4,(anonymous_15)
FNDA:3,(anonymous_16)
DA:1,4
DA:2,4
DA:3,4
DA:5,4
DA:7,4
DA:9,4
DA:16,4
DA:17,4
DA:18,4
DA:20,4
DA:33,4
DA:34,4
DA:35,0
DA:36,0
DA:39,4
DA:42,0
DA:43,0
DA:47,4
DA:48,6
DA:49,6
DA:50,6
DA:52,6
DA:66,6
DA:67,6
DA:68,0
DA:69,0
DA:72,6
DA:73,2
DA:76,4
DA:79,0
DA:80,0
DA:84,4
DA:85,22
DA:86,22
DA:87,22
DA:88,3
DA:91,19
DA:92,19
DA:94,19
DA:95,19
DA:99,19
DA:100,0
DA:101,0
DA:104,19
DA:105,2
DA:108,17
DA:112,17
DA:113,0
DA:114,0
DA:117,17
DA:118,17
DA:119,2
DA:122,15
DA:126,15
DA:127,0
DA:128,0
DA:131,15
DA:132,1
DA:135,14
DA:140,14
DA:150,14
DA:151,0
DA:152,0
DA:155,14
DA:169,0
DA:170,0
DA:174,4
DA:175,6
DA:176,6
DA:177,6
DA:179,6
DA:180,6
DA:184,6
DA:185,0
DA:186,0
DA:189,6
DA:190,2
DA:193,4
DA:194,1
DA:197,3
DA:201,3
DA:202,0
DA:203,0
DA:206,3
DA:213,0
DA:214,0
DA:218,4
DA:219,4
DA:220,4
DA:221,4
DA:223,4
DA:224,1
DA:227,3
DA:238,3
DA:239,3
DA:240,0
DA:241,0
DA:244,3
DA:247,0
DA:248,0
DA:252,4
LF:101
LH:73
BRDA:34,0,0,0
BRDA:34,0,1,4
BRDA:67,1,0,0
BRDA:67,1,1,6
BRDA:72,2,0,2
BRDA:72,2,1,4
BRDA:87,3,0,3
BRDA:87,3,1,19
BRDA:99,4,0,0
BRDA:99,4,1,19
BRDA:104,5,0,2
BRDA:104,5,1,17
BRDA:112,6,0,0
BRDA:112,6,1,17
BRDA:118,7,0,2
BRDA:118,7,1,15
BRDA:126,8,0,0
BRDA:126,8,1,15
BRDA:131,9,0,1
BRDA:131,9,1,14
BRDA:150,10,0,0
BRDA:150,10,1,14
BRDA:184,11,0,0
BRDA:184,11,1,6
BRDA:189,12,0,2
BRDA:189,12,1,4
BRDA:193,13,0,1
BRDA:193,13,1,3
BRDA:201,14,0,0
BRDA:201,14,1,3
BRDA:223,15,0,1
BRDA:223,15,1,3
BRDA:239,16,0,0
BRDA:239,16,1,3
BRF:34
BRH:25
end_of_record
TN:
SF:src/routes/events.ts
FN:21,(anonymous_1)
FN:37,(anonymous_2)
FN:43,(anonymous_3)
FN:56,(anonymous_4)
FN:77,(anonymous_5)
FN:100,(anonymous_6)
FN:129,(anonymous_7)
FN:147,(anonymous_8)
FN:179,(anonymous_9)
FN:198,(anonymous_10)
FN:203,(anonymous_11)
FNF:11
FNH:11
FNDA:5,(anonymous_1)
FNDA:5,(anonymous_2)
FNDA:5,(anonymous_3)
FNDA:10,(anonymous_4)
FNDA:9,(anonymous_5)
FNDA:33,(anonymous_6)
FNDA:31,(anonymous_7)
FNDA:4,(anonymous_8)
FNDA:3,(anonymous_9)
FNDA:2,(anonymous_10)
FNDA:2,(anonymous_11)
DA:1,4
DA:2,4
DA:3,4
DA:5,4
DA:7,4
DA:9,4
DA:21,4
DA:22,5
DA:23,5
DA:25,5
DA:37,5
DA:38,5
DA:39,0
DA:40,0
DA:43,5
DA:48,5
DA:51,0
DA:52,0
DA:56,4
DA:57,10
DA:58,10
DA:60,10
DA:61,1
DA:64,9
DA:66,9
DA:77,9
DA:78,9
DA:79,0
DA:80,0
DA:83,9
DA:84,2
DA:87,7
DA:92,7
DA:95,0
DA:96,0
DA:100,4
DA:101,33
DA:102,33
DA:103,33
DA:104,2
DA:107,31
DA:108,31
DA:110,31
DA:115,31
DA:130,31
DA:131,0
DA:132,0
DA:135,31
DA:142,0
DA:143,0
DA:147,4
DA:148,4
DA:149,4
DA:150,4
DA:151,1
DA:154,3
DA:155,3
DA:156,3
DA:158,3
DA:165,3
DA:180,3
DA:181,0
DA:182,0
DA:185,3
DA:186,1
DA:189,2
DA:193,0
DA:194,0
DA:198,4
DA:199,2
DA:200,2
DA:201,2
DA:203,2
DA:204,2
DA:205,0
DA:206,0
DA:209,2
DA:210,1
DA:213,1
DA:216,0
DA:217,0
DA:221,4
LF:82
LH:62
BRDA:38,0,0,0
BRDA:38,0,1,5
BRDA:60,1,0,1
BRDA:60,1,1,9
BRDA:78,2,0,0
BRDA:78,2,1,9
BRDA:83,3,0,2
BRDA:83,3,1,7
BRDA:103,4,0,2
BRDA:103,4,1,31
BRDA:130,5,0,0
BRDA:130,5,1,31
BRDA:150,6,0,1
BRDA:150,6,1,3
BRDA:180,7,0,0
BRDA:180,7,1,3
BRDA:185,8,0,1
BRDA:185,8,1,2
BRDA:204,9,0,0
BRDA:204,9,1,2
BRDA:209,10,0,1
BRDA:209,10,1,1
BRF:22
BRH:17
end_of_record
TN:
SF:src/utils/auth.ts
FN:7,(anonymous_1)
FN:12,(anonymous_2)
FN:16,(anonymous_3)
FN:29,(anonymous_4)
FNF:4
FNH:4
FNDA:38,(anonymous_1)
FNDA:35,(anonymous_2)
FNDA:72,(anonymous_3)
FNDA:93,(anonymous_4)
DA:1,4
DA:2,4
DA:5,4
DA:7,4
DA:8,38
DA:9,38
DA:12,4
DA:13,35
DA:16,4
DA:17,72
DA:29,4
DA:30,93
DA:31,93
DA:33,4
LF:14
LH:14
BRDA:5,0,0,4
BRDA:5,0,1,4
BRF:2
BRH:2
end_of_record
