TN:
SF:src/index.ts
FN:12,(anonymous_0)
FN:34,(anonymous_1)
FN:38,(anonymous_2)
FN:42,(anonymous_3)
FN:56,(anonymous_4)
FNF:5
FNH:3
FNDA:213,(anonymous_0)
FNDA:13,(anonymous_1)
FNDA:1,(anonymous_2)
FNDA:0,(anonymous_3)
FNDA:0,(anonymous_4)
DA:10,4
DA:12,4
DA:13,213
DA:15,213
DA:21,213
DA:22,213
DA:26,213
DA:27,213
DA:28,213
DA:30,213
DA:31,213
DA:32,213
DA:34,213
DA:35,13
DA:38,213
DA:39,1
DA:42,213
DA:43,0
DA:44,0
DA:47,213
DA:51,4
DA:54,4
DA:55,0
DA:56,0
DA:57,0
DA:58,0
LF:26
LH:20
BRDA:23,0,0,213
BRDA:23,0,1,0
BRDA:54,1,0,0
BRDA:54,1,1,4
BRDA:54,2,0,4
BRDA:54,2,1,4
BRDA:55,3,0,0
BRDA:55,3,1,0
BRDA:58,4,0,0
BRDA:58,4,1,0
BRF:10
BRH:4
end_of_record
TN:
SF:src/__tests__/helpers.ts
FN:8,(anonymous_0)
FN:42,(anonymous_1)
FN:50,(anonymous_2)
FN:58,(anonymous_3)
FN:70,(anonymous_4)
FN:79,(anonymous_5)
FN:98,(anonymous_6)
FN:114,(anonymous_7)
FN:118,(anonymous_8)
FN:122,(anonymous_9)
FN:125,(anonymous_10)
FN:134,(anonymous_11)
FN:152,(anonymous_12)
FN:167,(anonymous_13)
FN:183,(anonymous_14)
FN:191,(anonymous_15)
FN:196,(anonymous_16)
FN:200,(anonymous_17)
FNF:18
FNH:18
FNDA:107,(anonymous_0)
FNDA:41,(anonymous_1)
FNDA:33,(anonymous_2)
FNDA:37,(anonymous_3)
FNDA:18,(anonymous_4)
FNDA:37,(anonymous_5)
FNDA:33,(anonymous_6)
FNDA:31,(anonymous_7)
FNDA:33,(anonymous_8)
FNDA:33,(anonymous_9)
FNDA:33,(anonymous_10)
FNDA:33,(anonymous_11)
FNDA:27,(anonymous_12)
FNDA:10,(anonymous_13)
FNDA:30,(anonymous_14)
FNDA:11,(anonymous_15)
FNDA:5,(anonymous_16)
FNDA:45,(anonymous_17)
DA:8,107
DA:42,41
DA:50,33
DA:58,37
DA:70,18
DA:79,4
DA:80,37
DA:81,37
DA:89,37
DA:90,37
DA:92,37
DA:98,4
DA:99,33
DA:100,33
DA:104,33
DA:105,33
DA:107,33
DA:114,4
DA:115,31
DA:118,4
DA:119,33
DA:122,33
DA:123,33
DA:125,33
DA:126,33
DA:127,0
DA:128,0
DA:131,33
DA:135,33
DA:136,0
DA:137,0
DA:140,33
DA:141,33
DA:142,33
DA:144,0
DA:152,4
DA:153,27
DA:154,27
DA:159,27
DA:161,27
DA:167,4
DA:168,10
DA:169,10
DA:174,10
DA:176,10
DA:183,4
DA:184,30
DA:185,30
DA:186,30
DA:187,19
DA:191,4
DA:192,11
DA:193,11
DA:194,11
DA:195,11
DA:196,5
DA:200,4
DA:201,45
DA:202,45
LF:59
LH:54
BRDA:42,0,0,28
BRDA:50,1,0,33
BRDA:58,2,0,24
BRDA:70,3,0,1
BRDA:126,4,0,0
BRDA:126,4,1,33
BRDA:135,5,0,0
BRDA:135,5,1,33
BRDA:186,6,0,19
BRDA:186,6,1,11
BRDA:195,7,0,5
BRDA:195,7,1,6
BRDA:200,8,0,40
BRF:13
BRH:11
end_of_record
TN:
SF:src/__tests__/test-server.ts
FN:8,(anonymous_0)
FN:9,(anonymous_1)
FN:13,(anonymous_2)
FN:20,(anonymous_3)
FN:26,(anonymous_4)
FN:27,(anonymous_5)
FN:29,(anonymous_6)
FN:41,(anonymous_7)
FN:45,(anonymous_8)
FNF:9
FNH:2
FNDA:0,(anonymous_0)
FNDA:0,(anonymous_1)
FNDA:0,(anonymous_2)
FNDA:0,(anonymous_3)
FNDA:4,(anonymous_4)
FNDA:4,(anonymous_5)
FNDA:0,(anonymous_6)
FNDA:0,(anonymous_7)
FNDA:0,(anonymous_8)
DA:5,4
DA:6,4
DA:8,4
DA:9,0
DA:10,0
DA:13,0
DA:14,0
DA:15,0
DA:16,0
DA:17,0
DA:20,0
DA:21,0
DA:26,4
DA:27,4
DA:28,4
DA:29,0
DA:30,0
DA:31,0
DA:32,0
DA:33,0
DA:36,4
DA:41,4
DA:42,0
DA:45,4
DA:46,0
LF:25
LH:9
BRDA:28,0,0,0
BRDA:28,0,1,4
BRF:2
BRH:1
end_of_record
TN:
SF:src/middleware/auth.ts
FN:13,(anonymous_0)
FN:35,(anonymous_1)
FNF:2
FNH:2
FNDA:99,(anonymous_0)
FNDA:42,(anonymous_1)
DA:13,4
DA:18,99
DA:19,99
DA:21,99
DA:22,6
DA:23,6
DA:26,93
DA:27,93
DA:28,89
DA:29,89
DA:31,4
DA:35,4
DA:40,42
DA:41,3
DA:42,3
DA:44,39
LF:16
LH:16
BRDA:19,0,0,99
BRDA:19,0,1,93
BRDA:21,1,0,6
BRDA:21,1,1,93
BRDA:40,2,0,3
BRDA:40,2,1,39
BRDA:40,3,0,42
BRDA:40,3,1,42
BRF:8
BRH:8
end_of_record
TN:
SF:src/models/database.ts
FN:13,(anonymous_0)
FN:14,(anonymous_1)
FN:24,(anonymous_2)
FN:78,(anonymous_3)
FN:80,(anonymous_4)
FN:82,(anonymous_5)
FN:93,(anonymous_6)
FN:97,(anonymous_7)
FN:98,(anonymous_8)
FNF:9
FNH:7
FNDA:4,(anonymous_0)
FNDA:4,(anonymous_1)
FNDA:4,(anonymous_2)
FNDA:4,(anonymous_3)
FNDA:4,(anonymous_4)
FNDA:36,(anonymous_5)
FNDA:204,(anonymous_6)
FNDA:0,(anonymous_7)
FNDA:0,(anonymous_8)
DA:5,4
DA:6,4
DA:8,4
DA:14,4
DA:15,4
DA:16,0
DA:18,4
DA:19,4
DA:25,4
DA:36,4
DA:54,4
DA:71,4
DA:72,4
DA:73,4
DA:76,4
DA:79,4
DA:80,4
DA:81,4
DA:82,36
DA:83,4
DA:84,0
DA:85,0
DA:94,204
DA:98,0
DA:99,0
DA:100,0
DA:102,0
DA:108,4
LF:28
LH:21
BRDA:8,0,0,4
BRDA:8,0,1,4
BRDA:15,1,0,0
BRDA:15,1,1,4
BRDA:79,2,0,4
BRDA:79,2,1,0
BRDA:81,3,0,4
BRDA:81,3,1,0
BRDA:81,4,0,4
BRDA:81,4,1,4
BRDA:83,5,0,0
BRDA:83,5,1,4
BRDA:99,6,0,0
BRDA:99,6,1,0
BRF:14
BRH:8
end_of_record
TN:
SF:src/routes/auth.ts
FN:25,(anonymous_0)
FN:35,(anonymous_1)
FN:53,(anonymous_2)
FN:86,(anonymous_3)
FN:96,(anonymous_4)
FN:139,(anonymous_5)
FN:143,(anonymous_6)
FN:161,(anonymous_7)
FN:165,(anonymous_8)
FN:175,(anonymous_9)
FNF:10
FNH:8
FNDA:43,(anonymous_0)
FNDA:39,(anonymous_1)
FNDA:38,(anonymous_2)
FNDA:38,(anonymous_3)
FNDA:36,(anonymous_4)
FNDA:3,(anonymous_5)
FNDA:3,(anonymous_6)
FNDA:2,(anonymous_7)
FNDA:0,(anonymous_8)
FNDA:0,(anonymous_9)
DA:8,4
DA:10,4
DA:16,4
DA:21,4
DA:25,4
DA:26,43
DA:27,43
DA:28,43
DA:29,4
DA:32,39
DA:33,39
DA:35,39
DA:36,39
DA:37,0
DA:38,0
DA:41,39
DA:42,1
DA:45,38
DA:46,38
DA:48,38
DA:53,38
DA:54,38
DA:55,0
DA:56,0
DA:59,38
DA:67,38
DA:69,38
DA:76,0
DA:77,0
DA:81,0
DA:82,0
DA:86,4
DA:87,38
DA:88,38
DA:89,38
DA:90,2
DA:93,36
DA:94,36
DA:96,36
DA:97,36
DA:98,0
DA:99,0
DA:102,36
DA:103,1
DA:106,35
DA:107,35
DA:109,35
DA:110,1
DA:113,34
DA:121,34
DA:123,34
DA:129,0
DA:130,0
DA:134,0
DA:135,0
DA:139,4
DA:140,3
DA:141,3
DA:143,3
DA:144,3
DA:145,0
DA:146,0
DA:149,3
DA:150,0
DA:153,3
DA:156,0
DA:157,0
DA:161,4
DA:162,2
DA:165,4
DA:166,0
DA:167,0
DA:168,0
DA:169,0
DA:172,0
DA:173,0
DA:175,0
DA:176,0
DA:177,0
DA:178,0
DA:181,0
DA:187,0
DA:188,0
LF:83
LH:51
BRDA:28,0,0,4
BRDA:28,0,1,39
BRDA:36,1,0,0
BRDA:36,1,1,39
BRDA:41,2,0,1
BRDA:41,2,1,38
BRDA:54,3,0,0
BRDA:54,3,1,38
BRDA:89,4,0,2
BRDA:89,4,1,36
BRDA:97,5,0,0
BRDA:97,5,1,36
BRDA:102,6,0,1
BRDA:102,6,1,35
BRDA:109,7,0,1
BRDA:109,7,1,34
BRDA:144,8,0,0
BRDA:144,8,1,3
BRDA:149,9,0,0
BRDA:149,9,1,3
BRDA:168,10,0,0
BRDA:168,10,1,0
BRDA:176,11,0,0
BRDA:176,11,1,0
BRDA:183,12,0,0
BRDA:183,12,1,0
BRF:26
BRH:15
end_of_record
TN:
SF:src/routes/bookings.ts
FN:17,(anonymous_0)
FN:34,(anonymous_1)
FN:48,(anonymous_2)
FN:67,(anonymous_3)
FN:85,(anonymous_4)
FN:95,(anonymous_5)
FN:99,(anonymous_6)
FN:112,(anonymous_7)
FN:131,(anonymous_8)
FN:156,(anonymous_9)
FN:181,(anonymous_10)
FN:186,(anonymous_11)
FN:190,(anonymous_12)
FN:207,(anonymous_13)
FN:225,(anonymous_14)
FN:245,(anonymous_15)
FNF:16
FNH:16
FNDA:4,(anonymous_0)
FNDA:4,(anonymous_1)
FNDA:6,(anonymous_2)
FNDA:6,(anonymous_3)
FNDA:22,(anonymous_4)
FNDA:19,(anonymous_5)
FNDA:19,(anonymous_6)
FNDA:17,(anonymous_7)
FNDA:15,(anonymous_8)
FNDA:14,(anonymous_9)
FNDA:6,(anonymous_10)
FNDA:6,(anonymous_11)
FNDA:6,(anonymous_12)
FNDA:3,(anonymous_13)
FNDA:4,(anonymous_14)
FNDA:3,(anonymous_15)
DA:7,4
DA:9,4
DA:17,4
DA:18,4
DA:19,4
DA:21,4
DA:34,4
DA:35,4
DA:36,0
DA:37,0
DA:40,4
DA:43,0
DA:44,0
DA:48,4
DA:49,6
DA:50,6
DA:51,6
DA:53,6
DA:67,6
DA:68,6
DA:69,0
DA:70,0
DA:73,6
DA:74,2
DA:77,4
DA:80,0
DA:81,0
DA:85,4
DA:86,22
DA:87,22
DA:88,22
DA:89,3
DA:92,19
DA:93,19
DA:95,19
DA:96,19
DA:100,19
DA:101,0
DA:102,0
DA:105,19
DA:106,2
DA:109,17
DA:113,17
DA:114,0
DA:115,0
DA:118,17
DA:119,17
DA:120,17
DA:122,17
DA:123,2
DA:128,15
DA:132,15
DA:133,0
DA:134,0
DA:137,15
DA:138,1
DA:141,14
DA:146,14
DA:157,14
DA:158,0
DA:159,0
DA:162,14
DA:176,0
DA:177,0
DA:181,4
DA:182,6
DA:183,6
DA:184,6
DA:186,6
DA:187,6
DA:191,6
DA:192,0
DA:193,0
DA:196,6
DA:197,2
DA:200,4
DA:201,1
DA:204,3
DA:208,3
DA:209,0
DA:210,0
DA:213,3
DA:220,0
DA:221,0
DA:225,4
DA:226,4
DA:227,4
DA:228,4
DA:230,4
DA:231,1
DA:234,3
DA:245,3
DA:246,3
DA:247,0
DA:248,0
DA:251,3
DA:254,0
DA:255,0
LF:98
LH:70
BRDA:35,0,0,0
BRDA:35,0,1,4
BRDA:68,1,0,0
BRDA:68,1,1,6
BRDA:73,2,0,2
BRDA:73,2,1,4
BRDA:88,3,0,3
BRDA:88,3,1,19
BRDA:100,4,0,0
BRDA:100,4,1,19
BRDA:105,5,0,2
BRDA:105,5,1,17
BRDA:113,6,0,0
BRDA:113,6,1,17
BRDA:119,7,0,17
BRDA:119,7,1,17
BRDA:122,8,0,2
BRDA:122,8,1,15
BRDA:132,9,0,0
BRDA:132,9,1,15
BRDA:137,10,0,1
BRDA:137,10,1,14
BRDA:157,11,0,0
BRDA:157,11,1,14
BRDA:191,12,0,0
BRDA:191,12,1,6
BRDA:196,13,0,2
BRDA:196,13,1,4
BRDA:200,14,0,1
BRDA:200,14,1,3
BRDA:208,15,0,0
BRDA:208,15,1,3
BRDA:230,16,0,1
BRDA:230,16,1,3
BRDA:246,17,0,0
BRDA:246,17,1,3
BRF:36
BRH:27
end_of_record
TN:
SF:src/routes/events.ts
FN:21,(anonymous_0)
FN:37,(anonymous_1)
FN:43,(anonymous_2)
FN:56,(anonymous_3)
FN:77,(anonymous_4)
FN:100,(anonymous_5)
FN:129,(anonymous_6)
FN:147,(anonymous_7)
FN:179,(anonymous_8)
FN:198,(anonymous_9)
FN:203,(anonymous_10)
FNF:11
FNH:11
FNDA:5,(anonymous_0)
FNDA:5,(anonymous_1)
FNDA:5,(anonymous_2)
FNDA:10,(anonymous_3)
FNDA:9,(anonymous_4)
FNDA:33,(anonymous_5)
FNDA:31,(anonymous_6)
FNDA:4,(anonymous_7)
FNDA:3,(anonymous_8)
FNDA:2,(anonymous_9)
FNDA:2,(anonymous_10)
DA:7,4
DA:9,4
DA:21,4
DA:22,5
DA:23,5
DA:25,5
DA:37,5
DA:38,5
DA:39,0
DA:40,0
DA:43,5
DA:48,5
DA:51,0
DA:52,0
DA:56,4
DA:57,10
DA:58,10
DA:60,10
DA:61,1
DA:64,9
DA:66,9
DA:77,9
DA:78,9
DA:79,0
DA:80,0
DA:83,9
DA:84,2
DA:87,7
DA:92,7
DA:95,0
DA:96,0
DA:100,4
DA:101,33
DA:102,33
DA:103,33
DA:104,2
DA:107,31
DA:108,31
DA:110,31
DA:115,31
DA:130,31
DA:131,0
DA:132,0
DA:135,31
DA:142,0
DA:143,0
DA:147,4
DA:148,4
DA:149,4
DA:150,4
DA:151,1
DA:154,3
DA:155,3
DA:156,3
DA:158,3
DA:165,3
DA:180,3
DA:181,0
DA:182,0
DA:185,3
DA:186,1
DA:189,2
DA:193,0
DA:194,0
DA:198,4
DA:199,2
DA:200,2
DA:201,2
DA:203,2
DA:204,2
DA:205,0
DA:206,0
DA:209,2
DA:210,1
DA:213,1
DA:216,0
DA:217,0
LF:77
LH:57
BRDA:38,0,0,0
BRDA:38,0,1,5
BRDA:60,1,0,1
BRDA:60,1,1,9
BRDA:78,2,0,0
BRDA:78,2,1,9
BRDA:83,3,0,2
BRDA:83,3,1,7
BRDA:103,4,0,2
BRDA:103,4,1,31
BRDA:130,5,0,0
BRDA:130,5,1,31
BRDA:150,6,0,1
BRDA:150,6,1,3
BRDA:180,7,0,0
BRDA:180,7,1,3
BRDA:185,8,0,1
BRDA:185,8,1,2
BRDA:204,9,0,0
BRDA:204,9,1,2
BRDA:209,10,0,1
BRDA:209,10,1,1
BRF:22
BRH:17
end_of_record
TN:
SF:src/utils/auth.ts
FN:7,(anonymous_0)
FN:12,(anonymous_1)
FN:16,(anonymous_2)
FN:29,(anonymous_3)
FNF:4
FNH:4
FNDA:38,(anonymous_0)
FNDA:35,(anonymous_1)
FNDA:72,(anonymous_2)
FNDA:93,(anonymous_3)
DA:5,4
DA:7,4
DA:8,38
DA:9,38
DA:12,4
DA:13,35
DA:16,4
DA:17,72
DA:29,4
DA:30,93
DA:31,93
DA:33,4
LF:12
LH:12
BRDA:5,0,0,4
BRDA:5,0,1,4
BRF:2
BRH:2
end_of_record
